{"C:\\Users\\kaina\\OneDrive\\Documentos\\GitHub\\UNO-Final-Project\\src\\index.js": {"path":"C:\\Users\\kaina\\OneDrive\\Documentos\\GitHub\\UNO-Final-Project\\src\\index.js","statementMap":{"0":{"start":{"line":6,"column":12},"end":{"line":6,"column":21}},"1":{"start":{"line":7,"column":13},"end":{"line":7,"column":37}},"2":{"start":{"line":9,"column":0},"end":{"line":9,"column":24}},"3":{"start":{"line":10,"column":0},"end":{"line":10,"column":24}},"4":{"start":{"line":11,"column":0},"end":{"line":11,"column":22}},"5":{"start":{"line":13,"column":20},"end":{"line":31,"column":1}},"6":{"start":{"line":14,"column":2},"end":{"line":30,"column":3}},"7":{"start":{"line":15,"column":4},"end":{"line":15,"column":35}},"8":{"start":{"line":16,"column":24},"end":{"line":16,"column":128}},"9":{"start":{"line":18,"column":4},"end":{"line":18,"column":27}},"10":{"start":{"line":19,"column":24},"end":{"line":19,"column":118}},"11":{"start":{"line":21,"column":4},"end":{"line":23,"column":7}},"12":{"start":{"line":22,"column":26},"end":{"line":22,"column":134}},"13":{"start":{"line":25,"column":4},"end":{"line":29,"column":6}},"14":{"start":{"line":33,"column":0},"end":{"line":35,"column":1}},"15":{"start":{"line":34,"column":2},"end":{"line":34,"column":16}},"16":{"start":{"line":44,"column":85},"end":{"line":44,"column":39631}},"17":{"start":{"line":44,"column":89},"end":{"line":44,"column":39620}}},"fnMap":{"0":{"name":"(anonymous_0)","decl":{"start":{"line":13,"column":20},"end":{"line":13,"column":21}},"loc":{"start":{"line":13,"column":32},"end":{"line":31,"column":1}},"line":13},"1":{"name":"(anonymous_1)","decl":{"start":{"line":21,"column":21},"end":{"line":21,"column":22}},"loc":{"start":{"line":21,"column":27},"end":{"line":23,"column":5}},"line":21},"2":{"name":"oo_cm","decl":{"start":{"line":44,"column":77},"end":{"line":44,"column":82}},"loc":{"start":{"line":44,"column":84},"end":{"line":44,"column":39632}},"line":44}},"branchMap":{"0":{"loc":{"start":{"line":7,"column":13},"end":{"line":7,"column":37}},"type":"binary-expr","locations":[{"start":{"line":7,"column":13},"end":{"line":7,"column":29}},{"start":{"line":7,"column":33},"end":{"line":7,"column":37}}],"line":7},"1":{"loc":{"start":{"line":33,"column":0},"end":{"line":35,"column":1}},"type":"if","locations":[{"start":{"line":33,"column":0},"end":{"line":35,"column":1}},{"start":{},"end":{}}],"line":33},"2":{"loc":{"start":{"line":44,"column":96},"end":{"line":44,"column":39619}},"type":"binary-expr","locations":[{"start":{"line":44,"column":96},"end":{"line":44,"column":133}},{"start":{"line":44,"column":137},"end":{"line":44,"column":39619}}],"line":44}},"s":{"0":38,"1":38,"2":38,"3":38,"4":38,"5":38,"6":0,"7":0,"8":0,"9":0,"10":0,"11":0,"12":0,"13":0,"14":38,"15":0,"16":0,"17":0},"f":{"0":0,"1":0,"2":0},"b":{"0":[38,38],"1":[0,38],"2":[0,0]},"inputSourceMap":null,"_coverageSchema":"1a1c01bbd47fc00a2c39e90264f33305004495a9","hash":"e6590b85029a94dc584f9a97f237b80b11e1c2d3"}
,"C:\\Users\\kaina\\OneDrive\\Documentos\\GitHub\\UNO-Final-Project\\src\\config\\database.js": {"path":"C:\\Users\\kaina\\OneDrive\\Documentos\\GitHub\\UNO-Final-Project\\src\\config\\database.js","statementMap":{"0":{"start":{"line":4,"column":0},"end":{"line":4,"column":16}},"1":{"start":{"line":6,"column":15},"end":{"line":6,"column":46}},"2":{"start":{"line":8,"column":18},"end":{"line":22,"column":1}}},"fnMap":{},"branchMap":{"0":{"loc":{"start":{"line":9,"column":2},"end":{"line":9,"column":57}},"type":"cond-expr","locations":[{"start":{"line":9,"column":11},"end":{"line":9,"column":35}},{"start":{"line":9,"column":38},"end":{"line":9,"column":57}}],"line":9},"1":{"loc":{"start":{"line":10,"column":2},"end":{"line":10,"column":27}},"type":"binary-expr","locations":[{"start":{"line":10,"column":2},"end":{"line":10,"column":21}},{"start":{"line":10,"column":25},"end":{"line":10,"column":27}}],"line":10},"2":{"loc":{"start":{"line":11,"column":2},"end":{"line":11,"column":31}},"type":"binary-expr","locations":[{"start":{"line":11,"column":2},"end":{"line":11,"column":25}},{"start":{"line":11,"column":29},"end":{"line":11,"column":31}}],"line":11},"3":{"loc":{"start":{"line":13,"column":10},"end":{"line":13,"column":44}},"type":"binary-expr","locations":[{"start":{"line":13,"column":10},"end":{"line":13,"column":29}},{"start":{"line":13,"column":33},"end":{"line":13,"column":44}}],"line":13},"4":{"loc":{"start":{"line":14,"column":13},"end":{"line":14,"column":46}},"type":"binary-expr","locations":[{"start":{"line":14,"column":13},"end":{"line":14,"column":35}},{"start":{"line":14,"column":39},"end":{"line":14,"column":46}}],"line":14},"5":{"loc":{"start":{"line":17,"column":17},"end":{"line":17,"column":66}},"type":"cond-expr","locations":[{"start":{"line":17,"column":54},"end":{"line":17,"column":58}},{"start":{"line":17,"column":61},"end":{"line":17,"column":66}}],"line":17},"6":{"loc":{"start":{"line":20,"column":13},"end":{"line":20,"column":34}},"type":"cond-expr","locations":[{"start":{"line":20,"column":22},"end":{"line":20,"column":27}},{"start":{"line":20,"column":30},"end":{"line":20,"column":34}}],"line":20}},"s":{"0":45,"1":45,"2":45},"f":{},"b":{"0":[45,0],"1":[45,0],"2":[45,0],"3":[45,0],"4":[45,0],"5":[45,0],"6":[45,0]},"inputSourceMap":null,"_coverageSchema":"1a1c01bbd47fc00a2c39e90264f33305004495a9","hash":"352d4901ef77ab1510fb2014ae183f8b5b4891fd"}
,"C:\\Users\\kaina\\OneDrive\\Documentos\\GitHub\\UNO-Final-Project\\src\\controllers\\authController.js": {"path":"C:\\Users\\kaina\\OneDrive\\Documentos\\GitHub\\UNO-Final-Project\\src\\controllers\\authController.js","statementMap":{"0":{"start":{"line":7,"column":15},"end":{"line":7,"column":23}},"1":{"start":{"line":9,"column":0},"end":{"line":9,"column":29}},"2":{"start":{"line":10,"column":0},"end":{"line":10,"column":52}},"3":{"start":{"line":11,"column":0},"end":{"line":11,"column":47}}},"fnMap":{},"branchMap":{},"s":{"0":38,"1":38,"2":38,"3":38},"f":{},"b":{},"inputSourceMap":null,"_coverageSchema":"1a1c01bbd47fc00a2c39e90264f33305004495a9","hash":"f596557231953064b3b6a9712b0ea3617298bf4c"}
,"C:\\Users\\kaina\\OneDrive\\Documentos\\GitHub\\UNO-Final-Project\\src\\controllers\\cardController.js": {"path":"C:\\Users\\kaina\\OneDrive\\Documentos\\GitHub\\UNO-Final-Project\\src\\controllers\\cardController.js","statementMap":{"0":{"start":{"line":10,"column":15},"end":{"line":10,"column":23}},"1":{"start":{"line":12,"column":0},"end":{"line":12,"column":34}},"2":{"start":{"line":13,"column":0},"end":{"line":13,"column":53}},"3":{"start":{"line":14,"column":0},"end":{"line":14,"column":53}},"4":{"start":{"line":15,"column":0},"end":{"line":15,"column":34}},"5":{"start":{"line":16,"column":0},"end":{"line":16,"column":37}},"6":{"start":{"line":17,"column":0},"end":{"line":17,"column":40}}},"fnMap":{},"branchMap":{},"s":{"0":38,"1":38,"2":38,"3":38,"4":38,"5":38,"6":38},"f":{},"b":{},"inputSourceMap":null,"_coverageSchema":"1a1c01bbd47fc00a2c39e90264f33305004495a9","hash":"b038eb4df5303411475108b4fdf6baa5096d6683"}
,"C:\\Users\\kaina\\OneDrive\\Documentos\\GitHub\\UNO-Final-Project\\src\\controllers\\gameController.js": {"path":"C:\\Users\\kaina\\OneDrive\\Documentos\\GitHub\\UNO-Final-Project\\src\\controllers\\gameController.js","statementMap":{"0":{"start":{"line":25,"column":15},"end":{"line":25,"column":23}},"1":{"start":{"line":27,"column":0},"end":{"line":27,"column":51}},"2":{"start":{"line":28,"column":0},"end":{"line":28,"column":34}},"3":{"start":{"line":29,"column":0},"end":{"line":29,"column":53}},"4":{"start":{"line":30,"column":0},"end":{"line":30,"column":56}},"5":{"start":{"line":31,"column":0},"end":{"line":31,"column":52}},"6":{"start":{"line":32,"column":0},"end":{"line":32,"column":53}},"7":{"start":{"line":33,"column":0},"end":{"line":33,"column":54}},"8":{"start":{"line":34,"column":0},"end":{"line":34,"column":54}},"9":{"start":{"line":35,"column":0},"end":{"line":35,"column":50}},"10":{"start":{"line":36,"column":0},"end":{"line":36,"column":62}},"11":{"start":{"line":37,"column":0},"end":{"line":37,"column":49}},"12":{"start":{"line":38,"column":0},"end":{"line":38,"column":67}},"13":{"start":{"line":39,"column":0},"end":{"line":39,"column":43}},"14":{"start":{"line":40,"column":0},"end":{"line":40,"column":46}},"15":{"start":{"line":41,"column":0},"end":{"line":41,"column":52}},"16":{"start":{"line":42,"column":0},"end":{"line":42,"column":40}},"17":{"start":{"line":43,"column":0},"end":{"line":43,"column":48}},"18":{"start":{"line":44,"column":0},"end":{"line":44,"column":50}},"19":{"start":{"line":45,"column":0},"end":{"line":45,"column":40}},"20":{"start":{"line":46,"column":0},"end":{"line":46,"column":57}},"21":{"start":{"line":47,"column":0},"end":{"line":47,"column":58}}},"fnMap":{},"branchMap":{},"s":{"0":38,"1":38,"2":38,"3":38,"4":38,"5":38,"6":38,"7":38,"8":38,"9":38,"10":38,"11":38,"12":38,"13":38,"14":38,"15":38,"16":38,"17":38,"18":38,"19":38,"20":38,"21":38},"f":{},"b":{},"inputSourceMap":null,"_coverageSchema":"1a1c01bbd47fc00a2c39e90264f33305004495a9","hash":"e437547e84b1fb1976a790b999962728b6ac3f23"}
,"C:\\Users\\kaina\\OneDrive\\Documentos\\GitHub\\UNO-Final-Project\\src\\controllers\\playerController.js": {"path":"C:\\Users\\kaina\\OneDrive\\Documentos\\GitHub\\UNO-Final-Project\\src\\controllers\\playerController.js","statementMap":{"0":{"start":{"line":8,"column":15},"end":{"line":8,"column":23}},"1":{"start":{"line":10,"column":0},"end":{"line":10,"column":37}},"2":{"start":{"line":11,"column":0},"end":{"line":11,"column":37}},"3":{"start":{"line":12,"column":0},"end":{"line":12,"column":56}},"4":{"start":{"line":13,"column":0},"end":{"line":13,"column":59}}},"fnMap":{},"branchMap":{},"s":{"0":38,"1":38,"2":38,"3":38,"4":38},"f":{},"b":{},"inputSourceMap":null,"_coverageSchema":"1a1c01bbd47fc00a2c39e90264f33305004495a9","hash":"3a86e21dc6e79997383807e866868b91ecf02868"}
,"C:\\Users\\kaina\\OneDrive\\Documentos\\GitHub\\UNO-Final-Project\\src\\controllers\\scoreController.js": {"path":"C:\\Users\\kaina\\OneDrive\\Documentos\\GitHub\\UNO-Final-Project\\src\\controllers\\scoreController.js","statementMap":{"0":{"start":{"line":8,"column":15},"end":{"line":8,"column":31}},"1":{"start":{"line":10,"column":0},"end":{"line":10,"column":35}},"2":{"start":{"line":11,"column":0},"end":{"line":11,"column":35}},"3":{"start":{"line":12,"column":0},"end":{"line":12,"column":38}},"4":{"start":{"line":13,"column":0},"end":{"line":13,"column":41}},"5":{"start":{"line":14,"column":0},"end":{"line":14,"column":38}}},"fnMap":{},"branchMap":{},"s":{"0":38,"1":38,"2":38,"3":38,"4":38,"5":38},"f":{},"b":{},"inputSourceMap":null,"_coverageSchema":"1a1c01bbd47fc00a2c39e90264f33305004495a9","hash":"0f2416968c45d9e9cfc85904b49fdce86e524614"}
,"C:\\Users\\kaina\\OneDrive\\Documentos\\GitHub\\UNO-Final-Project\\src\\middleware\\authenticate.js": {"path":"C:\\Users\\kaina\\OneDrive\\Documentos\\GitHub\\UNO-Final-Project\\src\\middleware\\authenticate.js","statementMap":{"0":{"start":{"line":3,"column":30},"end":{"line":18,"column":1}},"1":{"start":{"line":4,"column":27},"end":{"line":4,"column":35}},"2":{"start":{"line":6,"column":2},"end":{"line":8,"column":3}},"3":{"start":{"line":7,"column":4},"end":{"line":7,"column":66}},"4":{"start":{"line":10,"column":2},"end":{"line":17,"column":3}},"5":{"start":{"line":11,"column":17},"end":{"line":11,"column":48}},"6":{"start":{"line":12,"column":4},"end":{"line":12,"column":20}},"7":{"start":{"line":14,"column":4},"end":{"line":14,"column":11}},"8":{"start":{"line":16,"column":4},"end":{"line":16,"column":16}}},"fnMap":{"0":{"name":"(anonymous_0)","decl":{"start":{"line":3,"column":30},"end":{"line":3,"column":31}},"loc":{"start":{"line":3,"column":56},"end":{"line":18,"column":1}},"line":3}},"branchMap":{"0":{"loc":{"start":{"line":6,"column":2},"end":{"line":8,"column":3}},"type":"if","locations":[{"start":{"line":6,"column":2},"end":{"line":8,"column":3}},{"start":{},"end":{}}],"line":6}},"s":{"0":38,"1":101,"2":101,"3":8,"4":93,"5":93,"6":90,"7":90,"8":3},"f":{"0":101},"b":{"0":[8,93]},"inputSourceMap":null,"_coverageSchema":"1a1c01bbd47fc00a2c39e90264f33305004495a9","hash":"04576c0762dbef71b759735082b755587536f99a"}
,"C:\\Users\\kaina\\OneDrive\\Documentos\\GitHub\\UNO-Final-Project\\src\\middleware\\errorHandler.js": {"path":"C:\\Users\\kaina\\OneDrive\\Documentos\\GitHub\\UNO-Final-Project\\src\\middleware\\errorHandler.js","statementMap":{"0":{"start":{"line":3,"column":21},"end":{"line":21,"column":1}},"1":{"start":{"line":4,"column":2},"end":{"line":10,"column":5}},"2":{"start":{"line":12,"column":21},"end":{"line":12,"column":36}},"3":{"start":{"line":13,"column":2},"end":{"line":13,"column":50}},"4":{"start":{"line":13,"column":25},"end":{"line":13,"column":50}},"5":{"start":{"line":14,"column":18},"end":{"line":16,"column":3}},"6":{"start":{"line":18,"column":2},"end":{"line":20,"column":5}}},"fnMap":{"0":{"name":"(anonymous_0)","decl":{"start":{"line":3,"column":21},"end":{"line":3,"column":22}},"loc":{"start":{"line":3,"column":46},"end":{"line":21,"column":1}},"line":3}},"branchMap":{"0":{"loc":{"start":{"line":12,"column":21},"end":{"line":12,"column":36}},"type":"binary-expr","locations":[{"start":{"line":12,"column":21},"end":{"line":12,"column":29}},{"start":{"line":12,"column":33},"end":{"line":12,"column":36}}],"line":12},"1":{"loc":{"start":{"line":13,"column":2},"end":{"line":13,"column":50}},"type":"if","locations":[{"start":{"line":13,"column":2},"end":{"line":13,"column":50}},{"start":{},"end":{}}],"line":13},"2":{"loc":{"start":{"line":14,"column":18},"end":{"line":16,"column":3}},"type":"binary-expr","locations":[{"start":{"line":14,"column":18},"end":{"line":14,"column":29}},{"start":{"line":14,"column":33},"end":{"line":16,"column":3}}],"line":14}},"s":{"0":38,"1":18,"2":18,"3":18,"4":1,"5":18,"6":18},"f":{"0":18},"b":{"0":[18,1],"1":[1,17],"2":[18,0]},"inputSourceMap":null,"_coverageSchema":"1a1c01bbd47fc00a2c39e90264f33305004495a9","hash":"627a8bfe0550788d9b2117f33dbbbacaae94da56"}
,"C:\\Users\\kaina\\OneDrive\\Documentos\\GitHub\\UNO-Final-Project\\src\\models\\blacklistToken.js": {"path":"C:\\Users\\kaina\\OneDrive\\Documentos\\GitHub\\UNO-Final-Project\\src\\models\\blacklistToken.js","statementMap":{"0":{"start":{"line":4,"column":23},"end":{"line":15,"column":2}}},"fnMap":{},"branchMap":{},"s":{"0":39},"f":{},"b":{},"inputSourceMap":null,"_coverageSchema":"1a1c01bbd47fc00a2c39e90264f33305004495a9","hash":"0dae8637f66fbe08fcbbb9cc0ff7980c6e651440"}
,"C:\\Users\\kaina\\OneDrive\\Documentos\\GitHub\\UNO-Final-Project\\src\\models\\card.js": {"path":"C:\\Users\\kaina\\OneDrive\\Documentos\\GitHub\\UNO-Final-Project\\src\\models\\card.js","statementMap":{"0":{"start":{"line":6,"column":13},"end":{"line":49,"column":2}}},"fnMap":{},"branchMap":{},"s":{"0":39},"f":{},"b":{},"inputSourceMap":null,"_coverageSchema":"1a1c01bbd47fc00a2c39e90264f33305004495a9","hash":"05fac6a3d4d86ec05ef79781f36895de1aa82ddc"}
,"C:\\Users\\kaina\\OneDrive\\Documentos\\GitHub\\UNO-Final-Project\\src\\models\\game.js": {"path":"C:\\Users\\kaina\\OneDrive\\Documentos\\GitHub\\UNO-Final-Project\\src\\models\\game.js","statementMap":{"0":{"start":{"line":5,"column":13},"end":{"line":49,"column":2}}},"fnMap":{},"branchMap":{},"s":{"0":42},"f":{},"b":{},"inputSourceMap":null,"_coverageSchema":"1a1c01bbd47fc00a2c39e90264f33305004495a9","hash":"6ca68863ec5e623c12039b7ffc6181748c9b8481"}
,"C:\\Users\\kaina\\OneDrive\\Documentos\\GitHub\\UNO-Final-Project\\src\\models\\gamePlayer.js": {"path":"C:\\Users\\kaina\\OneDrive\\Documentos\\GitHub\\UNO-Final-Project\\src\\models\\gamePlayer.js","statementMap":{"0":{"start":{"line":6,"column":19},"end":{"line":43,"column":2}}},"fnMap":{},"branchMap":{},"s":{"0":39},"f":{},"b":{},"inputSourceMap":null,"_coverageSchema":"1a1c01bbd47fc00a2c39e90264f33305004495a9","hash":"1d4cc1c8e5a026c61c4e4cc419ccf9191399fade"}
,"C:\\Users\\kaina\\OneDrive\\Documentos\\GitHub\\UNO-Final-Project\\src\\models\\history.js": {"path":"C:\\Users\\kaina\\OneDrive\\Documentos\\GitHub\\UNO-Final-Project\\src\\models\\history.js","statementMap":{"0":{"start":{"line":5,"column":16},"end":{"line":26,"column":2}}},"fnMap":{},"branchMap":{},"s":{"0":40},"f":{},"b":{},"inputSourceMap":null,"_coverageSchema":"1a1c01bbd47fc00a2c39e90264f33305004495a9","hash":"a40470f8524629b4b90cf1836cea5449f8cd5977"}
,"C:\\Users\\kaina\\OneDrive\\Documentos\\GitHub\\UNO-Final-Project\\src\\models\\player.js": {"path":"C:\\Users\\kaina\\OneDrive\\Documentos\\GitHub\\UNO-Final-Project\\src\\models\\player.js","statementMap":{"0":{"start":{"line":4,"column":15},"end":{"line":24,"column":2}}},"fnMap":{},"branchMap":{},"s":{"0":44},"f":{},"b":{},"inputSourceMap":null,"_coverageSchema":"1a1c01bbd47fc00a2c39e90264f33305004495a9","hash":"91a7a38291b5439c712cc07bc921e42e5b649b89"}
,"C:\\Users\\kaina\\OneDrive\\Documentos\\GitHub\\UNO-Final-Project\\src\\routes\\index.js": {"path":"C:\\Users\\kaina\\OneDrive\\Documentos\\GitHub\\UNO-Final-Project\\src\\routes\\index.js","statementMap":{"0":{"start":{"line":8,"column":15},"end":{"line":8,"column":23}},"1":{"start":{"line":10,"column":0},"end":{"line":10,"column":23}},"2":{"start":{"line":11,"column":0},"end":{"line":11,"column":25}},"3":{"start":{"line":12,"column":0},"end":{"line":12,"column":24}},"4":{"start":{"line":13,"column":0},"end":{"line":13,"column":23}},"5":{"start":{"line":14,"column":0},"end":{"line":14,"column":23}}},"fnMap":{},"branchMap":{},"s":{"0":38,"1":38,"2":38,"3":38,"4":38,"5":38},"f":{},"b":{},"inputSourceMap":null,"_coverageSchema":"1a1c01bbd47fc00a2c39e90264f33305004495a9","hash":"5094c4763c89ee6d7b438b4eac296b3e308375f6"}
,"C:\\Users\\kaina\\OneDrive\\Documentos\\GitHub\\UNO-Final-Project\\src\\routes\\auth\\getPerfil.js": {"path":"C:\\Users\\kaina\\OneDrive\\Documentos\\GitHub\\UNO-Final-Project\\src\\routes\\auth\\getPerfil.js","statementMap":{"0":{"start":{"line":1,"column":25},"end":{"line":12,"column":1}},"1":{"start":{"line":2,"column":2},"end":{"line":11,"column":3}},"2":{"start":{"line":3,"column":32},"end":{"line":3,"column":40}},"3":{"start":{"line":5,"column":4},"end":{"line":8,"column":7}},"4":{"start":{"line":10,"column":4},"end":{"line":10,"column":16}}},"fnMap":{"0":{"name":"(anonymous_0)","decl":{"start":{"line":1,"column":25},"end":{"line":1,"column":26}},"loc":{"start":{"line":1,"column":45},"end":{"line":12,"column":1}},"line":1}},"branchMap":{},"s":{"0":38,"1":1,"2":1,"3":1,"4":0},"f":{"0":1},"b":{},"inputSourceMap":null,"_coverageSchema":"1a1c01bbd47fc00a2c39e90264f33305004495a9","hash":"a15358b3053b17408d7b57e70f4db65fd5513a3c"}
,"C:\\Users\\kaina\\OneDrive\\Documentos\\GitHub\\UNO-Final-Project\\src\\routes\\auth\\login.js": {"path":"C:\\Users\\kaina\\OneDrive\\Documentos\\GitHub\\UNO-Final-Project\\src\\routes\\auth\\login.js","statementMap":{"0":{"start":{"line":7,"column":21},"end":{"line":19,"column":1}},"1":{"start":{"line":8,"column":33},"end":{"line":8,"column":41}},"2":{"start":{"line":9,"column":2},"end":{"line":9,"column":46}},"3":{"start":{"line":11,"column":2},"end":{"line":18,"column":3}},"4":{"start":{"line":12,"column":19},"end":{"line":12,"column":62}},"5":{"start":{"line":13,"column":25},"end":{"line":13,"column":46}},"6":{"start":{"line":15,"column":4},"end":{"line":15,"column":50}},"7":{"start":{"line":17,"column":4},"end":{"line":17,"column":58}}},"fnMap":{"0":{"name":"(anonymous_0)","decl":{"start":{"line":7,"column":21},"end":{"line":7,"column":22}},"loc":{"start":{"line":7,"column":47},"end":{"line":19,"column":1}},"line":7}},"branchMap":{},"s":{"0":38,"1":42,"2":42,"3":42,"4":42,"5":41,"6":41,"7":1},"f":{"0":42},"b":{},"inputSourceMap":null,"_coverageSchema":"1a1c01bbd47fc00a2c39e90264f33305004495a9","hash":"4bb537132a3e1ab446c6ccd486a1628845602541"}
,"C:\\Users\\kaina\\OneDrive\\Documentos\\GitHub\\UNO-Final-Project\\src\\routes\\auth\\logout.js": {"path":"C:\\Users\\kaina\\OneDrive\\Documentos\\GitHub\\UNO-Final-Project\\src\\routes\\auth\\logout.js","statementMap":{"0":{"start":{"line":7,"column":22},"end":{"line":23,"column":1}},"1":{"start":{"line":8,"column":27},"end":{"line":8,"column":35}},"2":{"start":{"line":10,"column":2},"end":{"line":22,"column":3}},"3":{"start":{"line":11,"column":4},"end":{"line":11,"column":38}},"4":{"start":{"line":13,"column":4},"end":{"line":15,"column":5}},"5":{"start":{"line":14,"column":6},"end":{"line":14,"column":74}},"6":{"start":{"line":17,"column":4},"end":{"line":17,"column":39}},"7":{"start":{"line":19,"column":4},"end":{"line":19,"column":77}},"8":{"start":{"line":21,"column":4},"end":{"line":21,"column":16}}},"fnMap":{"0":{"name":"(anonymous_0)","decl":{"start":{"line":7,"column":22},"end":{"line":7,"column":23}},"loc":{"start":{"line":7,"column":48},"end":{"line":23,"column":1}},"line":7}},"branchMap":{"0":{"loc":{"start":{"line":13,"column":4},"end":{"line":15,"column":5}},"type":"if","locations":[{"start":{"line":13,"column":4},"end":{"line":15,"column":5}},{"start":{},"end":{}}],"line":13}},"s":{"0":38,"1":1,"2":1,"3":1,"4":1,"5":0,"6":1,"7":1,"8":0},"f":{"0":1},"b":{"0":[0,1]},"inputSourceMap":null,"_coverageSchema":"1a1c01bbd47fc00a2c39e90264f33305004495a9","hash":"4da9168694a74b418ffcd517e20a5c64917184e6"}
,"C:\\Users\\kaina\\OneDrive\\Documentos\\GitHub\\UNO-Final-Project\\src\\routes\\card\\createCard.js": {"path":"C:\\Users\\kaina\\OneDrive\\Documentos\\GitHub\\UNO-Final-Project\\src\\routes\\card\\createCard.js","statementMap":{"0":{"start":{"line":4,"column":26},"end":{"line":28,"column":1}},"1":{"start":{"line":5,"column":2},"end":{"line":27,"column":3}},"2":{"start":{"line":6,"column":52},"end":{"line":6,"column":60}},"3":{"start":{"line":7,"column":4},"end":{"line":9,"column":5}},"4":{"start":{"line":8,"column":6},"end":{"line":8,"column":65}},"5":{"start":{"line":11,"column":17},"end":{"line":11,"column":44}},"6":{"start":{"line":12,"column":4},"end":{"line":14,"column":5}},"7":{"start":{"line":13,"column":6},"end":{"line":13,"column":65}},"8":{"start":{"line":16,"column":20},"end":{"line":16,"column":78}},"9":{"start":{"line":18,"column":21},"end":{"line":23,"column":5}},"10":{"start":{"line":24,"column":4},"end":{"line":24,"column":35}},"11":{"start":{"line":26,"column":4},"end":{"line":26,"column":16}}},"fnMap":{"0":{"name":"(anonymous_0)","decl":{"start":{"line":4,"column":26},"end":{"line":4,"column":27}},"loc":{"start":{"line":4,"column":52},"end":{"line":28,"column":1}},"line":4}},"branchMap":{"0":{"loc":{"start":{"line":7,"column":4},"end":{"line":9,"column":5}},"type":"if","locations":[{"start":{"line":7,"column":4},"end":{"line":9,"column":5}},{"start":{},"end":{}}],"line":7},"1":{"loc":{"start":{"line":7,"column":8},"end":{"line":7,"column":56}},"type":"binary-expr","locations":[{"start":{"line":7,"column":8},"end":{"line":7,"column":14}},{"start":{"line":7,"column":18},"end":{"line":7,"column":24}},{"start":{"line":7,"column":28},"end":{"line":7,"column":35}},{"start":{"line":7,"column":39},"end":{"line":7,"column":46}},{"start":{"line":7,"column":50},"end":{"line":7,"column":56}}],"line":7},"2":{"loc":{"start":{"line":12,"column":4},"end":{"line":14,"column":5}},"type":"if","locations":[{"start":{"line":12,"column":4},"end":{"line":14,"column":5}},{"start":{},"end":{}}],"line":12},"3":{"loc":{"start":{"line":12,"column":8},"end":{"line":12,"column":36}},"type":"binary-expr","locations":[{"start":{"line":12,"column":8},"end":{"line":12,"column":13}},{"start":{"line":12,"column":17},"end":{"line":12,"column":36}}],"line":12}},"s":{"0":38,"1":3,"2":3,"3":3,"4":1,"5":2,"6":2,"7":1,"8":1,"9":1,"10":1,"11":0},"f":{"0":3},"b":{"0":[1,2],"1":[3,3,3,3,3],"2":[1,1],"3":[2,1]},"inputSourceMap":null,"_coverageSchema":"1a1c01bbd47fc00a2c39e90264f33305004495a9","hash":"37ea6faa795db85cc503609db10349acd44446e0"}
,"C:\\Users\\kaina\\OneDrive\\Documentos\\GitHub\\UNO-Final-Project\\src\\routes\\card\\deleteCard.js": {"path":"C:\\Users\\kaina\\OneDrive\\Documentos\\GitHub\\UNO-Final-Project\\src\\routes\\card\\deleteCard.js","statementMap":{"0":{"start":{"line":3,"column":26},"end":{"line":14,"column":1}},"1":{"start":{"line":4,"column":2},"end":{"line":13,"column":3}},"2":{"start":{"line":5,"column":17},"end":{"line":5,"column":50}},"3":{"start":{"line":6,"column":4},"end":{"line":8,"column":5}},"4":{"start":{"line":7,"column":6},"end":{"line":7,"column":65}},"5":{"start":{"line":9,"column":4},"end":{"line":9,"column":28}},"6":{"start":{"line":10,"column":4},"end":{"line":10,"column":27}},"7":{"start":{"line":12,"column":4},"end":{"line":12,"column":16}}},"fnMap":{"0":{"name":"(anonymous_0)","decl":{"start":{"line":3,"column":26},"end":{"line":3,"column":27}},"loc":{"start":{"line":3,"column":52},"end":{"line":14,"column":1}},"line":3}},"branchMap":{"0":{"loc":{"start":{"line":6,"column":4},"end":{"line":8,"column":5}},"type":"if","locations":[{"start":{"line":6,"column":4},"end":{"line":8,"column":5}},{"start":{},"end":{}}],"line":6},"1":{"loc":{"start":{"line":6,"column":8},"end":{"line":6,"column":35}},"type":"binary-expr","locations":[{"start":{"line":6,"column":8},"end":{"line":6,"column":13}},{"start":{"line":6,"column":17},"end":{"line":6,"column":35}}],"line":6}},"s":{"0":38,"1":2,"2":2,"3":2,"4":1,"5":1,"6":1,"7":0},"f":{"0":2},"b":{"0":[1,1],"1":[2,1]},"inputSourceMap":null,"_coverageSchema":"1a1c01bbd47fc00a2c39e90264f33305004495a9","hash":"6d1fe958f521eef5d5674eb60ee2e6df66dd72e6"}
,"C:\\Users\\kaina\\OneDrive\\Documentos\\GitHub\\UNO-Final-Project\\src\\routes\\card\\drawCard.js": {"path":"C:\\Users\\kaina\\OneDrive\\Documentos\\GitHub\\UNO-Final-Project\\src\\routes\\card\\drawCard.js","statementMap":{"0":{"start":{"line":12,"column":24},"end":{"line":54,"column":1}},"1":{"start":{"line":13,"column":2},"end":{"line":53,"column":3}},"2":{"start":{"line":14,"column":24},"end":{"line":14,"column":32}},"3":{"start":{"line":16,"column":4},"end":{"line":16,"column":37}},"4":{"start":{"line":18,"column":17},"end":{"line":18,"column":25}},"5":{"start":{"line":19,"column":17},"end":{"line":19,"column":44}},"6":{"start":{"line":20,"column":4},"end":{"line":22,"column":5}},"7":{"start":{"line":21,"column":6},"end":{"line":21,"column":65}},"8":{"start":{"line":24,"column":4},"end":{"line":28,"column":5}},"9":{"start":{"line":25,"column":6},"end":{"line":27,"column":61}},"10":{"start":{"line":30,"column":15},"end":{"line":30,"column":51}},"11":{"start":{"line":31,"column":4},"end":{"line":31,"column":19}},"12":{"start":{"line":32,"column":23},"end":{"line":32,"column":61}},"13":{"start":{"line":33,"column":4},"end":{"line":33,"column":57}},"14":{"start":{"line":34,"column":4},"end":{"line":34,"column":41}},"15":{"start":{"line":36,"column":20},"end":{"line":36,"column":47}},"16":{"start":{"line":37,"column":4},"end":{"line":39,"column":5}},"17":{"start":{"line":38,"column":6},"end":{"line":38,"column":53}},"18":{"start":{"line":41,"column":4},"end":{"line":45,"column":6}},"19":{"start":{"line":47,"column":4},"end":{"line":50,"column":7}},"20":{"start":{"line":52,"column":4},"end":{"line":52,"column":16}}},"fnMap":{"0":{"name":"(anonymous_0)","decl":{"start":{"line":12,"column":24},"end":{"line":12,"column":25}},"loc":{"start":{"line":12,"column":50},"end":{"line":54,"column":1}},"line":12}},"branchMap":{"0":{"loc":{"start":{"line":20,"column":4},"end":{"line":22,"column":5}},"type":"if","locations":[{"start":{"line":20,"column":4},"end":{"line":22,"column":5}},{"start":{},"end":{}}],"line":20},"1":{"loc":{"start":{"line":20,"column":8},"end":{"line":20,"column":36}},"type":"binary-expr","locations":[{"start":{"line":20,"column":8},"end":{"line":20,"column":13}},{"start":{"line":20,"column":17},"end":{"line":20,"column":36}}],"line":20},"2":{"loc":{"start":{"line":24,"column":4},"end":{"line":28,"column":5}},"type":"if","locations":[{"start":{"line":24,"column":4},"end":{"line":28,"column":5}},{"start":{},"end":{}}],"line":24},"3":{"loc":{"start":{"line":37,"column":4},"end":{"line":39,"column":5}},"type":"if","locations":[{"start":{"line":37,"column":4},"end":{"line":39,"column":5}},{"start":{},"end":{}}],"line":37}},"s":{"0":38,"1":3,"2":3,"3":3,"4":3,"5":3,"6":3,"7":0,"8":3,"9":2,"10":1,"11":1,"12":1,"13":1,"14":1,"15":1,"16":1,"17":0,"18":1,"19":1,"20":0},"f":{"0":3},"b":{"0":[0,3],"1":[3,3],"2":[2,1],"3":[0,1]},"inputSourceMap":null,"_coverageSchema":"1a1c01bbd47fc00a2c39e90264f33305004495a9","hash":"812929f5bd8d7157e31390fc5489fac03ddb073d"}
,"C:\\Users\\kaina\\OneDrive\\Documentos\\GitHub\\UNO-Final-Project\\src\\routes\\card\\getCard.js": {"path":"C:\\Users\\kaina\\OneDrive\\Documentos\\GitHub\\UNO-Final-Project\\src\\routes\\card\\getCard.js","statementMap":{"0":{"start":{"line":3,"column":23},"end":{"line":19,"column":1}},"1":{"start":{"line":4,"column":2},"end":{"line":18,"column":3}},"2":{"start":{"line":5,"column":17},"end":{"line":5,"column":50}},"3":{"start":{"line":6,"column":4},"end":{"line":8,"column":5}},"4":{"start":{"line":7,"column":6},"end":{"line":7,"column":65}},"5":{"start":{"line":9,"column":21},"end":{"line":14,"column":5}},"6":{"start":{"line":15,"column":4},"end":{"line":15,"column":35}},"7":{"start":{"line":17,"column":4},"end":{"line":17,"column":16}}},"fnMap":{"0":{"name":"(anonymous_0)","decl":{"start":{"line":3,"column":23},"end":{"line":3,"column":24}},"loc":{"start":{"line":3,"column":49},"end":{"line":19,"column":1}},"line":3}},"branchMap":{"0":{"loc":{"start":{"line":6,"column":4},"end":{"line":8,"column":5}},"type":"if","locations":[{"start":{"line":6,"column":4},"end":{"line":8,"column":5}},{"start":{},"end":{}}],"line":6},"1":{"loc":{"start":{"line":6,"column":8},"end":{"line":6,"column":35}},"type":"binary-expr","locations":[{"start":{"line":6,"column":8},"end":{"line":6,"column":13}},{"start":{"line":6,"column":17},"end":{"line":6,"column":35}}],"line":6}},"s":{"0":38,"1":3,"2":3,"3":3,"4":2,"5":1,"6":1,"7":0},"f":{"0":3},"b":{"0":[2,1],"1":[3,2]},"inputSourceMap":null,"_coverageSchema":"1a1c01bbd47fc00a2c39e90264f33305004495a9","hash":"47d7e4f10599dc6b5663b32a4a6949ffaccf7b19"}
,"C:\\Users\\kaina\\OneDrive\\Documentos\\GitHub\\UNO-Final-Project\\src\\routes\\card\\playCard.js": {"path":"C:\\Users\\kaina\\OneDrive\\Documentos\\GitHub\\UNO-Final-Project\\src\\routes\\card\\playCard.js","statementMap":{"0":{"start":{"line":25,"column":24},"end":{"line":113,"column":1}},"1":{"start":{"line":26,"column":2},"end":{"line":112,"column":3}},"2":{"start":{"line":27,"column":40},"end":{"line":27,"column":48}},"3":{"start":{"line":29,"column":4},"end":{"line":29,"column":52}},"4":{"start":{"line":30,"column":17},"end":{"line":30,"column":25}},"5":{"start":{"line":32,"column":17},"end":{"line":32,"column":55}},"6":{"start":{"line":33,"column":4},"end":{"line":33,"column":22}},"7":{"start":{"line":33,"column":15},"end":{"line":33,"column":22}},"8":{"start":{"line":35,"column":19},"end":{"line":35,"column":60}},"9":{"start":{"line":36,"column":4},"end":{"line":36,"column":24}},"10":{"start":{"line":36,"column":17},"end":{"line":36,"column":24}},"11":{"start":{"line":38,"column":17},"end":{"line":38,"column":61}},"12":{"start":{"line":39,"column":4},"end":{"line":39,"column":22}},"13":{"start":{"line":39,"column":15},"end":{"line":39,"column":22}},"14":{"start":{"line":41,"column":21},"end":{"line":41,"column":65}},"15":{"start":{"line":42,"column":4},"end":{"line":42,"column":26}},"16":{"start":{"line":42,"column":19},"end":{"line":42,"column":26}},"17":{"start":{"line":45,"column":4},"end":{"line":83,"column":5}},"18":{"start":{"line":46,"column":29},"end":{"line":46,"column":63}},"19":{"start":{"line":48,"column":6},"end":{"line":56,"column":7}},"20":{"start":{"line":49,"column":8},"end":{"line":49,"column":45}},"21":{"start":{"line":50,"column":13},"end":{"line":56,"column":7}},"22":{"start":{"line":51,"column":8},"end":{"line":51,"column":63}},"23":{"start":{"line":54,"column":8},"end":{"line":54,"column":61}},"24":{"start":{"line":55,"column":8},"end":{"line":55,"column":15}},"25":{"start":{"line":58,"column":6},"end":{"line":82,"column":7}},"26":{"start":{"line":60,"column":10},"end":{"line":60,"column":47}},"27":{"start":{"line":61,"column":10},"end":{"line":61,"column":16}},"28":{"start":{"line":63,"column":10},"end":{"line":66,"column":15}},"29":{"start":{"line":64,"column":12},"end":{"line":66,"column":15}},"30":{"start":{"line":67,"column":10},"end":{"line":67,"column":65}},"31":{"start":{"line":68,"column":10},"end":{"line":68,"column":16}},"32":{"start":{"line":70,"column":10},"end":{"line":70,"column":41}},"33":{"start":{"line":71,"column":10},"end":{"line":71,"column":16}},"34":{"start":{"line":73,"column":10},"end":{"line":73,"column":38}},"35":{"start":{"line":74,"column":10},"end":{"line":74,"column":16}},"36":{"start":{"line":76,"column":10},"end":{"line":79,"column":15}},"37":{"start":{"line":77,"column":12},"end":{"line":79,"column":15}},"38":{"start":{"line":80,"column":10},"end":{"line":80,"column":51}},"39":{"start":{"line":81,"column":10},"end":{"line":81,"column":16}},"40":{"start":{"line":85,"column":27},"end":{"line":85,"column":61}},"41":{"start":{"line":86,"column":4},"end":{"line":86,"column":58}},"42":{"start":{"line":88,"column":4},"end":{"line":88,"column":42}},"43":{"start":{"line":89,"column":4},"end":{"line":89,"column":46}},"44":{"start":{"line":91,"column":4},"end":{"line":95,"column":6}},"45":{"start":{"line":97,"column":17},"end":{"line":97,"column":51}},"46":{"start":{"line":99,"column":4},"end":{"line":102,"column":5}},"47":{"start":{"line":100,"column":6},"end":{"line":100,"column":52}},"48":{"start":{"line":101,"column":6},"end":{"line":101,"column":13}},"49":{"start":{"line":104,"column":23},"end":{"line":104,"column":59}},"50":{"start":{"line":106,"column":4},"end":{"line":109,"column":7}},"51":{"start":{"line":111,"column":4},"end":{"line":111,"column":16}}},"fnMap":{"0":{"name":"(anonymous_0)","decl":{"start":{"line":25,"column":24},"end":{"line":25,"column":25}},"loc":{"start":{"line":25,"column":50},"end":{"line":113,"column":1}},"line":25}},"branchMap":{"0":{"loc":{"start":{"line":33,"column":4},"end":{"line":33,"column":22}},"type":"if","locations":[{"start":{"line":33,"column":4},"end":{"line":33,"column":22}},{"start":{},"end":{}}],"line":33},"1":{"loc":{"start":{"line":36,"column":4},"end":{"line":36,"column":24}},"type":"if","locations":[{"start":{"line":36,"column":4},"end":{"line":36,"column":24}},{"start":{},"end":{}}],"line":36},"2":{"loc":{"start":{"line":39,"column":4},"end":{"line":39,"column":22}},"type":"if","locations":[{"start":{"line":39,"column":4},"end":{"line":39,"column":22}},{"start":{},"end":{}}],"line":39},"3":{"loc":{"start":{"line":42,"column":4},"end":{"line":42,"column":26}},"type":"if","locations":[{"start":{"line":42,"column":4},"end":{"line":42,"column":26}},{"start":{},"end":{}}],"line":42},"4":{"loc":{"start":{"line":45,"column":4},"end":{"line":83,"column":5}},"type":"if","locations":[{"start":{"line":45,"column":4},"end":{"line":83,"column":5}},{"start":{"line":57,"column":11},"end":{"line":83,"column":5}}],"line":45},"5":{"loc":{"start":{"line":48,"column":6},"end":{"line":56,"column":7}},"type":"if","locations":[{"start":{"line":48,"column":6},"end":{"line":56,"column":7}},{"start":{"line":50,"column":13},"end":{"line":56,"column":7}}],"line":48},"6":{"loc":{"start":{"line":48,"column":10},"end":{"line":48,"column":71}},"type":"binary-expr","locations":[{"start":{"line":48,"column":10},"end":{"line":48,"column":32}},{"start":{"line":48,"column":36},"end":{"line":48,"column":71}}],"line":48},"7":{"loc":{"start":{"line":50,"column":13},"end":{"line":56,"column":7}},"type":"if","locations":[{"start":{"line":50,"column":13},"end":{"line":56,"column":7}},{"start":{"line":52,"column":13},"end":{"line":56,"column":7}}],"line":50},"8":{"loc":{"start":{"line":58,"column":6},"end":{"line":82,"column":7}},"type":"switch","locations":[{"start":{"line":59,"column":8},"end":{"line":61,"column":16}},{"start":{"line":62,"column":8},"end":{"line":68,"column":16}},{"start":{"line":69,"column":8},"end":{"line":71,"column":16}},{"start":{"line":72,"column":8},"end":{"line":74,"column":16}},{"start":{"line":75,"column":8},"end":{"line":81,"column":16}}],"line":58},"9":{"loc":{"start":{"line":63,"column":10},"end":{"line":66,"column":15}},"type":"if","locations":[{"start":{"line":63,"column":10},"end":{"line":66,"column":15}},{"start":{},"end":{}}],"line":63},"10":{"loc":{"start":{"line":76,"column":10},"end":{"line":79,"column":15}},"type":"if","locations":[{"start":{"line":76,"column":10},"end":{"line":79,"column":15}},{"start":{},"end":{}}],"line":76},"11":{"loc":{"start":{"line":99,"column":4},"end":{"line":102,"column":5}},"type":"if","locations":[{"start":{"line":99,"column":4},"end":{"line":102,"column":5}},{"start":{},"end":{}}],"line":99}},"s":{"0":38,"1":6,"2":6,"3":6,"4":6,"5":6,"6":6,"7":1,"8":5,"9":5,"10":1,"11":4,"12":4,"13":1,"14":3,"15":3,"16":2,"17":1,"18":0,"19":0,"20":0,"21":0,"22":0,"23":0,"24":0,"25":1,"26":0,"27":0,"28":0,"29":0,"30":0,"31":0,"32":0,"33":0,"34":0,"35":0,"36":0,"37":0,"38":0,"39":0,"40":1,"41":1,"42":1,"43":1,"44":1,"45":1,"46":1,"47":0,"48":0,"49":1,"50":1,"51":0},"f":{"0":6},"b":{"0":[1,5],"1":[1,4],"2":[1,3],"3":[2,1],"4":[0,1],"5":[0,0],"6":[0,0],"7":[0,0],"8":[0,0,0,0,0],"9":[0,0],"10":[0,0],"11":[0,1]},"inputSourceMap":null,"_coverageSchema":"1a1c01bbd47fc00a2c39e90264f33305004495a9","hash":"8b929f58feca6e7c5689df032d49ad56fcbf9e1e"}
,"C:\\Users\\kaina\\OneDrive\\Documentos\\GitHub\\UNO-Final-Project\\src\\routes\\card\\updateCard.js": {"path":"C:\\Users\\kaina\\OneDrive\\Documentos\\GitHub\\UNO-Final-Project\\src\\routes\\card\\updateCard.js","statementMap":{"0":{"start":{"line":4,"column":26},"end":{"line":24,"column":1}},"1":{"start":{"line":5,"column":2},"end":{"line":23,"column":3}},"2":{"start":{"line":6,"column":17},"end":{"line":6,"column":50}},"3":{"start":{"line":7,"column":4},"end":{"line":9,"column":5}},"4":{"start":{"line":8,"column":6},"end":{"line":8,"column":65}},"5":{"start":{"line":10,"column":37},"end":{"line":10,"column":45}},"6":{"start":{"line":11,"column":4},"end":{"line":11,"column":50}},"7":{"start":{"line":13,"column":24},"end":{"line":13,"column":79}},"8":{"start":{"line":14,"column":21},"end":{"line":19,"column":5}},"9":{"start":{"line":20,"column":4},"end":{"line":20,"column":35}},"10":{"start":{"line":22,"column":4},"end":{"line":22,"column":16}}},"fnMap":{"0":{"name":"(anonymous_0)","decl":{"start":{"line":4,"column":26},"end":{"line":4,"column":27}},"loc":{"start":{"line":4,"column":52},"end":{"line":24,"column":1}},"line":4}},"branchMap":{"0":{"loc":{"start":{"line":7,"column":4},"end":{"line":9,"column":5}},"type":"if","locations":[{"start":{"line":7,"column":4},"end":{"line":9,"column":5}},{"start":{},"end":{}}],"line":7},"1":{"loc":{"start":{"line":7,"column":8},"end":{"line":7,"column":35}},"type":"binary-expr","locations":[{"start":{"line":7,"column":8},"end":{"line":7,"column":13}},{"start":{"line":7,"column":17},"end":{"line":7,"column":35}}],"line":7}},"s":{"0":38,"1":4,"2":4,"3":4,"4":2,"5":2,"6":2,"7":2,"8":2,"9":2,"10":1},"f":{"0":4},"b":{"0":[2,2],"1":[4,3]},"inputSourceMap":null,"_coverageSchema":"1a1c01bbd47fc00a2c39e90264f33305004495a9","hash":"cb6fbb9fc16a1ba43691b094b673eb062e9f3331"}
,"C:\\Users\\kaina\\OneDrive\\Documentos\\GitHub\\UNO-Final-Project\\src\\routes\\game\\challengePlayer.js": {"path":"C:\\Users\\kaina\\OneDrive\\Documentos\\GitHub\\UNO-Final-Project\\src\\routes\\game\\challengePlayer.js","statementMap":{"0":{"start":{"line":11,"column":31},"end":{"line":55,"column":1}},"1":{"start":{"line":12,"column":2},"end":{"line":54,"column":3}},"2":{"start":{"line":13,"column":41},"end":{"line":13,"column":49}},"3":{"start":{"line":14,"column":4},"end":{"line":14,"column":54}},"4":{"start":{"line":16,"column":17},"end":{"line":16,"column":25}},"5":{"start":{"line":17,"column":17},"end":{"line":17,"column":44}},"6":{"start":{"line":19,"column":4},"end":{"line":21,"column":5}},"7":{"start":{"line":20,"column":6},"end":{"line":20,"column":65}},"8":{"start":{"line":22,"column":29},"end":{"line":22,"column":77}},"9":{"start":{"line":24,"column":23},"end":{"line":24,"column":73}},"10":{"start":{"line":25,"column":4},"end":{"line":27,"column":5}},"11":{"start":{"line":26,"column":6},"end":{"line":26,"column":74}},"12":{"start":{"line":29,"column":23},"end":{"line":29,"column":69}},"13":{"start":{"line":31,"column":4},"end":{"line":36,"column":5}},"14":{"start":{"line":32,"column":6},"end":{"line":35,"column":9}},"15":{"start":{"line":38,"column":4},"end":{"line":51,"column":5}},"16":{"start":{"line":39,"column":6},"end":{"line":39,"column":55}},"17":{"start":{"line":41,"column":25},"end":{"line":41,"column":65}},"18":{"start":{"line":43,"column":6},"end":{"line":46,"column":9}},"19":{"start":{"line":48,"column":6},"end":{"line":50,"column":9}},"20":{"start":{"line":53,"column":4},"end":{"line":53,"column":16}}},"fnMap":{"0":{"name":"(anonymous_0)","decl":{"start":{"line":11,"column":31},"end":{"line":11,"column":32}},"loc":{"start":{"line":11,"column":57},"end":{"line":55,"column":1}},"line":11}},"branchMap":{"0":{"loc":{"start":{"line":19,"column":4},"end":{"line":21,"column":5}},"type":"if","locations":[{"start":{"line":19,"column":4},"end":{"line":21,"column":5}},{"start":{},"end":{}}],"line":19},"1":{"loc":{"start":{"line":19,"column":8},"end":{"line":19,"column":36}},"type":"binary-expr","locations":[{"start":{"line":19,"column":8},"end":{"line":19,"column":13}},{"start":{"line":19,"column":17},"end":{"line":19,"column":36}}],"line":19},"2":{"loc":{"start":{"line":25,"column":4},"end":{"line":27,"column":5}},"type":"if","locations":[{"start":{"line":25,"column":4},"end":{"line":27,"column":5}},{"start":{},"end":{}}],"line":25},"3":{"loc":{"start":{"line":25,"column":8},"end":{"line":25,"column":48}},"type":"binary-expr","locations":[{"start":{"line":25,"column":8},"end":{"line":25,"column":19}},{"start":{"line":25,"column":23},"end":{"line":25,"column":48}}],"line":25},"4":{"loc":{"start":{"line":31,"column":4},"end":{"line":36,"column":5}},"type":"if","locations":[{"start":{"line":31,"column":4},"end":{"line":36,"column":5}},{"start":{},"end":{}}],"line":31},"5":{"loc":{"start":{"line":38,"column":4},"end":{"line":51,"column":5}},"type":"if","locations":[{"start":{"line":38,"column":4},"end":{"line":51,"column":5}},{"start":{"line":47,"column":11},"end":{"line":51,"column":5}}],"line":38},"6":{"loc":{"start":{"line":38,"column":8},"end":{"line":38,"column":59}},"type":"binary-expr","locations":[{"start":{"line":38,"column":8},"end":{"line":38,"column":32}},{"start":{"line":38,"column":36},"end":{"line":38,"column":59}}],"line":38}},"s":{"0":38,"1":4,"2":4,"3":4,"4":4,"5":4,"6":4,"7":2,"8":2,"9":2,"10":2,"11":0,"12":2,"13":2,"14":0,"15":2,"16":1,"17":1,"18":1,"19":1,"20":1},"f":{"0":4},"b":{"0":[2,2],"1":[4,2],"2":[0,2],"3":[2,2],"4":[0,2],"5":[1,1],"6":[2,1]},"inputSourceMap":null,"_coverageSchema":"1a1c01bbd47fc00a2c39e90264f33305004495a9","hash":"22988b6a63ed59b2f163ee83852d625018e19997"}
,"C:\\Users\\kaina\\OneDrive\\Documentos\\GitHub\\UNO-Final-Project\\src\\routes\\game\\checkHand.js": {"path":"C:\\Users\\kaina\\OneDrive\\Documentos\\GitHub\\UNO-Final-Project\\src\\routes\\game\\checkHand.js","statementMap":{"0":{"start":{"line":6,"column":25},"end":{"line":42,"column":1}},"1":{"start":{"line":7,"column":2},"end":{"line":41,"column":3}},"2":{"start":{"line":8,"column":24},"end":{"line":8,"column":32}},"3":{"start":{"line":10,"column":17},"end":{"line":10,"column":44}},"4":{"start":{"line":11,"column":4},"end":{"line":13,"column":5}},"5":{"start":{"line":12,"column":6},"end":{"line":12,"column":65}},"6":{"start":{"line":14,"column":19},"end":{"line":14,"column":27}},"7":{"start":{"line":16,"column":18},"end":{"line":16,"column":54}},"8":{"start":{"line":17,"column":20},"end":{"line":17,"column":54}},"9":{"start":{"line":19,"column":23},"end":{"line":19,"column":25}},"10":{"start":{"line":21,"column":4},"end":{"line":29,"column":5}},"11":{"start":{"line":22,"column":6},"end":{"line":28,"column":7}},"12":{"start":{"line":23,"column":8},"end":{"line":27,"column":11}},"13":{"start":{"line":31,"column":4},"end":{"line":38,"column":7}},"14":{"start":{"line":40,"column":4},"end":{"line":40,"column":16}}},"fnMap":{"0":{"name":"(anonymous_0)","decl":{"start":{"line":6,"column":25},"end":{"line":6,"column":26}},"loc":{"start":{"line":6,"column":51},"end":{"line":42,"column":1}},"line":6}},"branchMap":{"0":{"loc":{"start":{"line":11,"column":4},"end":{"line":13,"column":5}},"type":"if","locations":[{"start":{"line":11,"column":4},"end":{"line":13,"column":5}},{"start":{},"end":{}}],"line":11},"1":{"loc":{"start":{"line":11,"column":8},"end":{"line":11,"column":36}},"type":"binary-expr","locations":[{"start":{"line":11,"column":8},"end":{"line":11,"column":13}},{"start":{"line":11,"column":17},"end":{"line":11,"column":36}}],"line":11},"2":{"loc":{"start":{"line":22,"column":6},"end":{"line":28,"column":7}},"type":"if","locations":[{"start":{"line":22,"column":6},"end":{"line":28,"column":7}},{"start":{},"end":{}}],"line":22}},"s":{"0":38,"1":3,"2":3,"3":3,"4":3,"5":1,"6":2,"7":2,"8":2,"9":2,"10":2,"11":4,"12":1,"13":2,"14":0},"f":{"0":3},"b":{"0":[1,2],"1":[3,2],"2":[1,3]},"inputSourceMap":null,"_coverageSchema":"1a1c01bbd47fc00a2c39e90264f33305004495a9","hash":"e78728dbe598d56fa21b18f32f0bbcd5a1257cf0"}
,"C:\\Users\\kaina\\OneDrive\\Documentos\\GitHub\\UNO-Final-Project\\src\\routes\\game\\createGame.js": {"path":"C:\\Users\\kaina\\OneDrive\\Documentos\\GitHub\\UNO-Final-Project\\src\\routes\\game\\createGame.js","statementMap":{"0":{"start":{"line":4,"column":26},"end":{"line":22,"column":1}},"1":{"start":{"line":5,"column":2},"end":{"line":21,"column":3}},"2":{"start":{"line":6,"column":40},"end":{"line":6,"column":48}},"3":{"start":{"line":8,"column":4},"end":{"line":10,"column":5}},"4":{"start":{"line":9,"column":6},"end":{"line":9,"column":65}},"5":{"start":{"line":12,"column":17},"end":{"line":12,"column":25}},"6":{"start":{"line":13,"column":20},"end":{"line":13,"column":79}},"7":{"start":{"line":14,"column":4},"end":{"line":14,"column":48}},"8":{"start":{"line":16,"column":4},"end":{"line":18,"column":75}},"9":{"start":{"line":20,"column":4},"end":{"line":20,"column":16}}},"fnMap":{"0":{"name":"(anonymous_0)","decl":{"start":{"line":4,"column":26},"end":{"line":4,"column":27}},"loc":{"start":{"line":4,"column":52},"end":{"line":22,"column":1}},"line":4}},"branchMap":{"0":{"loc":{"start":{"line":8,"column":4},"end":{"line":10,"column":5}},"type":"if","locations":[{"start":{"line":8,"column":4},"end":{"line":10,"column":5}},{"start":{},"end":{}}],"line":8},"1":{"loc":{"start":{"line":8,"column":8},"end":{"line":8,"column":40}},"type":"binary-expr","locations":[{"start":{"line":8,"column":9},"end":{"line":8,"column":15}},{"start":{"line":8,"column":19},"end":{"line":8,"column":24}},{"start":{"line":8,"column":29},"end":{"line":8,"column":40}}],"line":8},"2":{"loc":{"start":{"line":13,"column":44},"end":{"line":13,"column":57}},"type":"binary-expr","locations":[{"start":{"line":13,"column":44},"end":{"line":13,"column":48}},{"start":{"line":13,"column":52},"end":{"line":13,"column":57}}],"line":13}},"s":{"0":38,"1":14,"2":14,"3":14,"4":0,"5":14,"6":14,"7":14,"8":14,"9":0},"f":{"0":14},"b":{"0":[0,14],"1":[14,0,14],"2":[14,14]},"inputSourceMap":null,"_coverageSchema":"1a1c01bbd47fc00a2c39e90264f33305004495a9","hash":"e78b3c245364d633f9fba79405b22331a556feda"}
,"C:\\Users\\kaina\\OneDrive\\Documentos\\GitHub\\UNO-Final-Project\\src\\routes\\game\\dealCards.js": {"path":"C:\\Users\\kaina\\OneDrive\\Documentos\\GitHub\\UNO-Final-Project\\src\\routes\\game\\dealCards.js","statementMap":{"0":{"start":{"line":9,"column":25},"end":{"line":68,"column":1}},"1":{"start":{"line":10,"column":2},"end":{"line":67,"column":3}},"2":{"start":{"line":11,"column":20},"end":{"line":11,"column":33}},"3":{"start":{"line":12,"column":40},"end":{"line":12,"column":48}},"4":{"start":{"line":14,"column":4},"end":{"line":14,"column":37}},"5":{"start":{"line":16,"column":4},"end":{"line":19,"column":70}},"6":{"start":{"line":17,"column":6},"end":{"line":19,"column":70}},"7":{"start":{"line":20,"column":17},"end":{"line":20,"column":44}},"8":{"start":{"line":21,"column":4},"end":{"line":23,"column":5}},"9":{"start":{"line":22,"column":6},"end":{"line":22,"column":65}},"10":{"start":{"line":25,"column":4},"end":{"line":29,"column":5}},"11":{"start":{"line":26,"column":6},"end":{"line":28,"column":64}},"12":{"start":{"line":31,"column":25},"end":{"line":31,"column":55}},"13":{"start":{"line":32,"column":4},"end":{"line":33,"column":69}},"14":{"start":{"line":33,"column":6},"end":{"line":33,"column":69}},"15":{"start":{"line":35,"column":4},"end":{"line":42,"column":5}},"16":{"start":{"line":36,"column":21},"end":{"line":36,"column":62}},"17":{"start":{"line":37,"column":6},"end":{"line":41,"column":7}},"18":{"start":{"line":38,"column":8},"end":{"line":40,"column":80}},"19":{"start":{"line":44,"column":4},"end":{"line":45,"column":67}},"20":{"start":{"line":45,"column":6},"end":{"line":45,"column":67}},"21":{"start":{"line":47,"column":18},"end":{"line":51,"column":5}},"22":{"start":{"line":53,"column":21},"end":{"line":53,"column":23}},"23":{"start":{"line":54,"column":4},"end":{"line":60,"column":5}},"24":{"start":{"line":55,"column":6},"end":{"line":59,"column":7}},"25":{"start":{"line":56,"column":8},"end":{"line":56,"column":80}},"26":{"start":{"line":56,"column":49},"end":{"line":56,"column":78}},"27":{"start":{"line":58,"column":8},"end":{"line":58,"column":32}},"28":{"start":{"line":62,"column":4},"end":{"line":64,"column":73}},"29":{"start":{"line":66,"column":4},"end":{"line":66,"column":14}}},"fnMap":{"0":{"name":"(anonymous_0)","decl":{"start":{"line":9,"column":25},"end":{"line":9,"column":26}},"loc":{"start":{"line":9,"column":51},"end":{"line":68,"column":1}},"line":9},"1":{"name":"(anonymous_1)","decl":{"start":{"line":56,"column":39},"end":{"line":56,"column":40}},"loc":{"start":{"line":56,"column":49},"end":{"line":56,"column":78}},"line":56}},"branchMap":{"0":{"loc":{"start":{"line":16,"column":4},"end":{"line":19,"column":70}},"type":"if","locations":[{"start":{"line":16,"column":4},"end":{"line":19,"column":70}},{"start":{},"end":{}}],"line":16},"1":{"loc":{"start":{"line":21,"column":4},"end":{"line":23,"column":5}},"type":"if","locations":[{"start":{"line":21,"column":4},"end":{"line":23,"column":5}},{"start":{},"end":{}}],"line":21},"2":{"loc":{"start":{"line":21,"column":8},"end":{"line":21,"column":36}},"type":"binary-expr","locations":[{"start":{"line":21,"column":8},"end":{"line":21,"column":13}},{"start":{"line":21,"column":17},"end":{"line":21,"column":36}}],"line":21},"3":{"loc":{"start":{"line":25,"column":4},"end":{"line":29,"column":5}},"type":"if","locations":[{"start":{"line":25,"column":4},"end":{"line":29,"column":5}},{"start":{},"end":{}}],"line":25},"4":{"loc":{"start":{"line":32,"column":4},"end":{"line":33,"column":69}},"type":"if","locations":[{"start":{"line":32,"column":4},"end":{"line":33,"column":69}},{"start":{},"end":{}}],"line":32},"5":{"loc":{"start":{"line":37,"column":6},"end":{"line":41,"column":7}},"type":"if","locations":[{"start":{"line":37,"column":6},"end":{"line":41,"column":7}},{"start":{},"end":{}}],"line":37},"6":{"loc":{"start":{"line":44,"column":4},"end":{"line":45,"column":67}},"type":"if","locations":[{"start":{"line":44,"column":4},"end":{"line":45,"column":67}},{"start":{},"end":{}}],"line":44},"7":{"loc":{"start":{"line":55,"column":6},"end":{"line":59,"column":7}},"type":"if","locations":[{"start":{"line":55,"column":6},"end":{"line":59,"column":7}},{"start":{"line":57,"column":13},"end":{"line":59,"column":7}}],"line":55}},"s":{"0":38,"1":5,"2":5,"3":5,"4":5,"5":5,"6":1,"7":4,"8":4,"9":1,"10":3,"11":0,"12":3,"13":3,"14":0,"15":3,"16":3,"17":3,"18":1,"19":2,"20":1,"21":1,"22":1,"23":1,"24":2,"25":2,"26":14,"27":0,"28":1,"29":0},"f":{"0":5,"1":14},"b":{"0":[1,4],"1":[1,3],"2":[4,3],"3":[0,3],"4":[0,3],"5":[1,2],"6":[1,1],"7":[2,0]},"inputSourceMap":null,"_coverageSchema":"1a1c01bbd47fc00a2c39e90264f33305004495a9","hash":"3deba70031a059bd181f5805f9746a38e080e7eb"}
,"C:\\Users\\kaina\\OneDrive\\Documentos\\GitHub\\UNO-Final-Project\\src\\routes\\game\\deleteGame.js": {"path":"C:\\Users\\kaina\\OneDrive\\Documentos\\GitHub\\UNO-Final-Project\\src\\routes\\game\\deleteGame.js","statementMap":{"0":{"start":{"line":6,"column":26},"end":{"line":24,"column":1}},"1":{"start":{"line":7,"column":2},"end":{"line":23,"column":3}},"2":{"start":{"line":8,"column":17},"end":{"line":8,"column":50}},"3":{"start":{"line":9,"column":4},"end":{"line":11,"column":5}},"4":{"start":{"line":10,"column":6},"end":{"line":10,"column":65}},"5":{"start":{"line":13,"column":4},"end":{"line":17,"column":5}},"6":{"start":{"line":14,"column":6},"end":{"line":16,"column":65}},"7":{"start":{"line":19,"column":4},"end":{"line":19,"column":34}},"8":{"start":{"line":20,"column":4},"end":{"line":20,"column":27}},"9":{"start":{"line":22,"column":4},"end":{"line":22,"column":16}}},"fnMap":{"0":{"name":"(anonymous_0)","decl":{"start":{"line":6,"column":26},"end":{"line":6,"column":27}},"loc":{"start":{"line":6,"column":52},"end":{"line":24,"column":1}},"line":6}},"branchMap":{"0":{"loc":{"start":{"line":9,"column":4},"end":{"line":11,"column":5}},"type":"if","locations":[{"start":{"line":9,"column":4},"end":{"line":11,"column":5}},{"start":{},"end":{}}],"line":9},"1":{"loc":{"start":{"line":9,"column":8},"end":{"line":9,"column":36}},"type":"binary-expr","locations":[{"start":{"line":9,"column":8},"end":{"line":9,"column":13}},{"start":{"line":9,"column":17},"end":{"line":9,"column":36}}],"line":9},"2":{"loc":{"start":{"line":13,"column":4},"end":{"line":17,"column":5}},"type":"if","locations":[{"start":{"line":13,"column":4},"end":{"line":17,"column":5}},{"start":{},"end":{}}],"line":13}},"s":{"0":38,"1":2,"2":2,"3":2,"4":0,"5":2,"6":1,"7":1,"8":1,"9":0},"f":{"0":2},"b":{"0":[0,2],"1":[2,2],"2":[1,1]},"inputSourceMap":null,"_coverageSchema":"1a1c01bbd47fc00a2c39e90264f33305004495a9","hash":"1f8e5506a00e9dea117adc92f1d2ccf7791fb654"}
,"C:\\Users\\kaina\\OneDrive\\Documentos\\GitHub\\UNO-Final-Project\\src\\routes\\game\\endGame.js": {"path":"C:\\Users\\kaina\\OneDrive\\Documentos\\GitHub\\UNO-Final-Project\\src\\routes\\game\\endGame.js","statementMap":{"0":{"start":{"line":8,"column":23},"end":{"line":33,"column":1}},"1":{"start":{"line":9,"column":2},"end":{"line":32,"column":3}},"2":{"start":{"line":10,"column":24},"end":{"line":10,"column":32}},"3":{"start":{"line":11,"column":4},"end":{"line":11,"column":37}},"4":{"start":{"line":13,"column":17},"end":{"line":13,"column":44}},"5":{"start":{"line":14,"column":4},"end":{"line":16,"column":5}},"6":{"start":{"line":15,"column":6},"end":{"line":15,"column":65}},"7":{"start":{"line":18,"column":17},"end":{"line":18,"column":25}},"8":{"start":{"line":20,"column":4},"end":{"line":24,"column":5}},"9":{"start":{"line":21,"column":6},"end":{"line":23,"column":62}},"10":{"start":{"line":26,"column":4},"end":{"line":26,"column":37}},"11":{"start":{"line":27,"column":4},"end":{"line":27,"column":34}},"12":{"start":{"line":29,"column":4},"end":{"line":29,"column":65}},"13":{"start":{"line":31,"column":4},"end":{"line":31,"column":16}}},"fnMap":{"0":{"name":"(anonymous_0)","decl":{"start":{"line":8,"column":23},"end":{"line":8,"column":24}},"loc":{"start":{"line":8,"column":49},"end":{"line":33,"column":1}},"line":8}},"branchMap":{"0":{"loc":{"start":{"line":14,"column":4},"end":{"line":16,"column":5}},"type":"if","locations":[{"start":{"line":14,"column":4},"end":{"line":16,"column":5}},{"start":{},"end":{}}],"line":14},"1":{"loc":{"start":{"line":14,"column":8},"end":{"line":14,"column":36}},"type":"binary-expr","locations":[{"start":{"line":14,"column":8},"end":{"line":14,"column":13}},{"start":{"line":14,"column":17},"end":{"line":14,"column":36}}],"line":14},"2":{"loc":{"start":{"line":20,"column":4},"end":{"line":24,"column":5}},"type":"if","locations":[{"start":{"line":20,"column":4},"end":{"line":24,"column":5}},{"start":{},"end":{}}],"line":20}},"s":{"0":38,"1":3,"2":3,"3":3,"4":3,"5":3,"6":1,"7":2,"8":2,"9":1,"10":1,"11":1,"12":1,"13":1},"f":{"0":3},"b":{"0":[1,2],"1":[3,2],"2":[1,1]},"inputSourceMap":null,"_coverageSchema":"1a1c01bbd47fc00a2c39e90264f33305004495a9","hash":"6958d9b039824239e5b1ad1c651bfa0b4b458ea6"}
,"C:\\Users\\kaina\\OneDrive\\Documentos\\GitHub\\UNO-Final-Project\\src\\routes\\game\\getCurrentPlayer.js": {"path":"C:\\Users\\kaina\\OneDrive\\Documentos\\GitHub\\UNO-Final-Project\\src\\routes\\game\\getCurrentPlayer.js","statementMap":{"0":{"start":{"line":5,"column":32},"end":{"line":28,"column":1}},"1":{"start":{"line":6,"column":2},"end":{"line":27,"column":3}},"2":{"start":{"line":7,"column":24},"end":{"line":7,"column":32}},"3":{"start":{"line":8,"column":4},"end":{"line":8,"column":37}},"4":{"start":{"line":10,"column":17},"end":{"line":10,"column":44}},"5":{"start":{"line":11,"column":4},"end":{"line":13,"column":5}},"6":{"start":{"line":12,"column":6},"end":{"line":12,"column":65}},"7":{"start":{"line":15,"column":4},"end":{"line":17,"column":5}},"8":{"start":{"line":16,"column":6},"end":{"line":16,"column":71}},"9":{"start":{"line":19,"column":19},"end":{"line":19,"column":59}},"10":{"start":{"line":20,"column":4},"end":{"line":22,"column":5}},"11":{"start":{"line":21,"column":6},"end":{"line":21,"column":67}},"12":{"start":{"line":24,"column":4},"end":{"line":24,"column":71}},"13":{"start":{"line":26,"column":4},"end":{"line":26,"column":16}}},"fnMap":{"0":{"name":"(anonymous_0)","decl":{"start":{"line":5,"column":32},"end":{"line":5,"column":33}},"loc":{"start":{"line":5,"column":58},"end":{"line":28,"column":1}},"line":5}},"branchMap":{"0":{"loc":{"start":{"line":11,"column":4},"end":{"line":13,"column":5}},"type":"if","locations":[{"start":{"line":11,"column":4},"end":{"line":13,"column":5}},{"start":{},"end":{}}],"line":11},"1":{"loc":{"start":{"line":11,"column":8},"end":{"line":11,"column":36}},"type":"binary-expr","locations":[{"start":{"line":11,"column":8},"end":{"line":11,"column":13}},{"start":{"line":11,"column":17},"end":{"line":11,"column":36}}],"line":11},"2":{"loc":{"start":{"line":15,"column":4},"end":{"line":17,"column":5}},"type":"if","locations":[{"start":{"line":15,"column":4},"end":{"line":17,"column":5}},{"start":{},"end":{}}],"line":15},"3":{"loc":{"start":{"line":20,"column":4},"end":{"line":22,"column":5}},"type":"if","locations":[{"start":{"line":20,"column":4},"end":{"line":22,"column":5}},{"start":{},"end":{}}],"line":20}},"s":{"0":38,"1":3,"2":3,"3":3,"4":3,"5":3,"6":1,"7":2,"8":1,"9":1,"10":1,"11":0,"12":1,"13":0},"f":{"0":3},"b":{"0":[1,2],"1":[3,2],"2":[1,1],"3":[0,1]},"inputSourceMap":null,"_coverageSchema":"1a1c01bbd47fc00a2c39e90264f33305004495a9","hash":"e5485218a5c30fc989d076067fc3a20c8b49fd74"}
,"C:\\Users\\kaina\\OneDrive\\Documentos\\GitHub\\UNO-Final-Project\\src\\routes\\game\\getGame.js": {"path":"C:\\Users\\kaina\\OneDrive\\Documentos\\GitHub\\UNO-Final-Project\\src\\routes\\game\\getGame.js","statementMap":{"0":{"start":{"line":4,"column":23},"end":{"line":23,"column":1}},"1":{"start":{"line":5,"column":2},"end":{"line":22,"column":3}},"2":{"start":{"line":6,"column":20},"end":{"line":6,"column":33}},"3":{"start":{"line":7,"column":4},"end":{"line":7,"column":37}},"4":{"start":{"line":9,"column":17},"end":{"line":9,"column":44}},"5":{"start":{"line":10,"column":4},"end":{"line":12,"column":5}},"6":{"start":{"line":11,"column":6},"end":{"line":11,"column":65}},"7":{"start":{"line":14,"column":4},"end":{"line":19,"column":7}},"8":{"start":{"line":21,"column":4},"end":{"line":21,"column":16}}},"fnMap":{"0":{"name":"(anonymous_0)","decl":{"start":{"line":4,"column":23},"end":{"line":4,"column":24}},"loc":{"start":{"line":4,"column":49},"end":{"line":23,"column":1}},"line":4}},"branchMap":{"0":{"loc":{"start":{"line":10,"column":4},"end":{"line":12,"column":5}},"type":"if","locations":[{"start":{"line":10,"column":4},"end":{"line":12,"column":5}},{"start":{},"end":{}}],"line":10},"1":{"loc":{"start":{"line":10,"column":8},"end":{"line":10,"column":36}},"type":"binary-expr","locations":[{"start":{"line":10,"column":8},"end":{"line":10,"column":13}},{"start":{"line":10,"column":17},"end":{"line":10,"column":36}}],"line":10}},"s":{"0":38,"1":2,"2":2,"3":2,"4":2,"5":2,"6":1,"7":1,"8":0},"f":{"0":2},"b":{"0":[1,1],"1":[2,1]},"inputSourceMap":null,"_coverageSchema":"1a1c01bbd47fc00a2c39e90264f33305004495a9","hash":"b70ea19f43de9c76b97246c18f7cdb05b2410492"}
,"C:\\Users\\kaina\\OneDrive\\Documentos\\GitHub\\UNO-Final-Project\\src\\routes\\game\\getGeneralStatus.js": {"path":"C:\\Users\\kaina\\OneDrive\\Documentos\\GitHub\\UNO-Final-Project\\src\\routes\\game\\getGeneralStatus.js","statementMap":{"0":{"start":{"line":10,"column":32},"end":{"line":49,"column":1}},"1":{"start":{"line":11,"column":2},"end":{"line":48,"column":3}},"2":{"start":{"line":12,"column":24},"end":{"line":12,"column":32}},"3":{"start":{"line":13,"column":4},"end":{"line":13,"column":37}},"4":{"start":{"line":15,"column":17},"end":{"line":15,"column":44}},"5":{"start":{"line":16,"column":4},"end":{"line":18,"column":5}},"6":{"start":{"line":17,"column":6},"end":{"line":17,"column":65}},"7":{"start":{"line":20,"column":4},"end":{"line":22,"column":5}},"8":{"start":{"line":21,"column":6},"end":{"line":21,"column":71}},"9":{"start":{"line":23,"column":26},"end":{"line":23,"column":66}},"10":{"start":{"line":25,"column":20},"end":{"line":25,"column":54}},"11":{"start":{"line":26,"column":4},"end":{"line":28,"column":5}},"12":{"start":{"line":27,"column":6},"end":{"line":27,"column":65}},"13":{"start":{"line":30,"column":18},"end":{"line":30,"column":53}},"14":{"start":{"line":32,"column":20},"end":{"line":32,"column":49}},"15":{"start":{"line":33,"column":21},"end":{"line":43,"column":5}},"16":{"start":{"line":39,"column":43},"end":{"line":42,"column":7}},"17":{"start":{"line":45,"column":4},"end":{"line":45,"column":42}},"18":{"start":{"line":47,"column":4},"end":{"line":47,"column":16}}},"fnMap":{"0":{"name":"(anonymous_0)","decl":{"start":{"line":10,"column":32},"end":{"line":10,"column":33}},"loc":{"start":{"line":10,"column":58},"end":{"line":49,"column":1}},"line":10},"1":{"name":"(anonymous_1)","decl":{"start":{"line":39,"column":31},"end":{"line":39,"column":32}},"loc":{"start":{"line":39,"column":43},"end":{"line":42,"column":7}},"line":39}},"branchMap":{"0":{"loc":{"start":{"line":16,"column":4},"end":{"line":18,"column":5}},"type":"if","locations":[{"start":{"line":16,"column":4},"end":{"line":18,"column":5}},{"start":{},"end":{}}],"line":16},"1":{"loc":{"start":{"line":16,"column":8},"end":{"line":16,"column":36}},"type":"binary-expr","locations":[{"start":{"line":16,"column":8},"end":{"line":16,"column":13}},{"start":{"line":16,"column":17},"end":{"line":16,"column":36}}],"line":16},"2":{"loc":{"start":{"line":20,"column":4},"end":{"line":22,"column":5}},"type":"if","locations":[{"start":{"line":20,"column":4},"end":{"line":22,"column":5}},{"start":{},"end":{}}],"line":20},"3":{"loc":{"start":{"line":26,"column":4},"end":{"line":28,"column":5}},"type":"if","locations":[{"start":{"line":26,"column":4},"end":{"line":28,"column":5}},{"start":{},"end":{}}],"line":26},"4":{"loc":{"start":{"line":36,"column":17},"end":{"line":36,"column":76}},"type":"cond-expr","locations":[{"start":{"line":36,"column":43},"end":{"line":36,"column":54}},{"start":{"line":36,"column":57},"end":{"line":36,"column":76}}],"line":36}},"s":{"0":38,"1":4,"2":4,"3":4,"4":4,"5":4,"6":1,"7":3,"8":1,"9":2,"10":2,"11":2,"12":1,"13":1,"14":1,"15":1,"16":1,"17":1,"18":0},"f":{"0":4,"1":1},"b":{"0":[1,3],"1":[4,3],"2":[1,2],"3":[1,1],"4":[1,0]},"inputSourceMap":null,"_coverageSchema":"1a1c01bbd47fc00a2c39e90264f33305004495a9","hash":"b1e00dbd8eeb5126abf840e0c9ffcebfec4fd626"}
,"C:\\Users\\kaina\\OneDrive\\Documentos\\GitHub\\UNO-Final-Project\\src\\routes\\game\\getHistory.js": {"path":"C:\\Users\\kaina\\OneDrive\\Documentos\\GitHub\\UNO-Final-Project\\src\\routes\\game\\getHistory.js","statementMap":{"0":{"start":{"line":5,"column":26},"end":{"line":24,"column":1}},"1":{"start":{"line":6,"column":2},"end":{"line":23,"column":3}},"2":{"start":{"line":7,"column":24},"end":{"line":7,"column":32}},"3":{"start":{"line":8,"column":4},"end":{"line":8,"column":37}},"4":{"start":{"line":10,"column":17},"end":{"line":10,"column":44}},"5":{"start":{"line":11,"column":4},"end":{"line":13,"column":5}},"6":{"start":{"line":12,"column":6},"end":{"line":12,"column":65}},"7":{"start":{"line":15,"column":20},"end":{"line":15,"column":49}},"8":{"start":{"line":16,"column":21},"end":{"line":19,"column":7}},"9":{"start":{"line":16,"column":45},"end":{"line":19,"column":5}},"10":{"start":{"line":20,"column":4},"end":{"line":20,"column":42}},"11":{"start":{"line":22,"column":4},"end":{"line":22,"column":16}}},"fnMap":{"0":{"name":"(anonymous_0)","decl":{"start":{"line":5,"column":26},"end":{"line":5,"column":27}},"loc":{"start":{"line":5,"column":52},"end":{"line":24,"column":1}},"line":5},"1":{"name":"(anonymous_1)","decl":{"start":{"line":16,"column":33},"end":{"line":16,"column":34}},"loc":{"start":{"line":16,"column":45},"end":{"line":19,"column":5}},"line":16}},"branchMap":{"0":{"loc":{"start":{"line":11,"column":4},"end":{"line":13,"column":5}},"type":"if","locations":[{"start":{"line":11,"column":4},"end":{"line":13,"column":5}},{"start":{},"end":{}}],"line":11},"1":{"loc":{"start":{"line":11,"column":8},"end":{"line":11,"column":36}},"type":"binary-expr","locations":[{"start":{"line":11,"column":8},"end":{"line":11,"column":13}},{"start":{"line":11,"column":17},"end":{"line":11,"column":36}}],"line":11}},"s":{"0":38,"1":3,"2":3,"3":3,"4":3,"5":3,"6":1,"7":2,"8":2,"9":2,"10":2,"11":0},"f":{"0":3,"1":2},"b":{"0":[1,2],"1":[3,2]},"inputSourceMap":null,"_coverageSchema":"1a1c01bbd47fc00a2c39e90264f33305004495a9","hash":"ba998a89dcb3529d7b31d489214df2fc4c9c8919"}
,"C:\\Users\\kaina\\OneDrive\\Documentos\\GitHub\\UNO-Final-Project\\src\\routes\\game\\getPlayerHand.js": {"path":"C:\\Users\\kaina\\OneDrive\\Documentos\\GitHub\\UNO-Final-Project\\src\\routes\\game\\getPlayerHand.js","statementMap":{"0":{"start":{"line":8,"column":29},"end":{"line":26,"column":1}},"1":{"start":{"line":9,"column":2},"end":{"line":25,"column":3}},"2":{"start":{"line":10,"column":24},"end":{"line":10,"column":32}},"3":{"start":{"line":11,"column":4},"end":{"line":11,"column":37}},"4":{"start":{"line":13,"column":17},"end":{"line":13,"column":55}},"5":{"start":{"line":14,"column":4},"end":{"line":14,"column":52}},"6":{"start":{"line":16,"column":17},"end":{"line":16,"column":62}},"7":{"start":{"line":17,"column":21},"end":{"line":20,"column":5}},"8":{"start":{"line":19,"column":32},"end":{"line":19,"column":63}},"9":{"start":{"line":22,"column":4},"end":{"line":22,"column":42}},"10":{"start":{"line":24,"column":4},"end":{"line":24,"column":16}}},"fnMap":{"0":{"name":"(anonymous_0)","decl":{"start":{"line":8,"column":29},"end":{"line":8,"column":30}},"loc":{"start":{"line":8,"column":55},"end":{"line":26,"column":1}},"line":8},"1":{"name":"(anonymous_1)","decl":{"start":{"line":19,"column":21},"end":{"line":19,"column":22}},"loc":{"start":{"line":19,"column":32},"end":{"line":19,"column":63}},"line":19}},"branchMap":{},"s":{"0":38,"1":2,"2":2,"3":2,"4":2,"5":2,"6":2,"7":2,"8":2,"9":2,"10":1},"f":{"0":2,"1":2},"b":{},"inputSourceMap":null,"_coverageSchema":"1a1c01bbd47fc00a2c39e90264f33305004495a9","hash":"1b933285a1f5b36e8214c4f636e2c1afa95c4a62"}
,"C:\\Users\\kaina\\OneDrive\\Documentos\\GitHub\\UNO-Final-Project\\src\\routes\\game\\getPlayerHands.js": {"path":"C:\\Users\\kaina\\OneDrive\\Documentos\\GitHub\\UNO-Final-Project\\src\\routes\\game\\getPlayerHands.js","statementMap":{"0":{"start":{"line":3,"column":30},"end":{"line":16,"column":1}},"1":{"start":{"line":4,"column":22},"end":{"line":4,"column":30}},"2":{"start":{"line":6,"column":2},"end":{"line":15,"column":3}},"3":{"start":{"line":7,"column":21},"end":{"line":7,"column":57}},"4":{"start":{"line":8,"column":4},"end":{"line":8,"column":35}},"5":{"start":{"line":10,"column":4},"end":{"line":14,"column":5}},"6":{"start":{"line":11,"column":6},"end":{"line":11,"column":64}},"7":{"start":{"line":13,"column":6},"end":{"line":13,"column":18}}},"fnMap":{"0":{"name":"(anonymous_0)","decl":{"start":{"line":3,"column":30},"end":{"line":3,"column":31}},"loc":{"start":{"line":3,"column":56},"end":{"line":16,"column":1}},"line":3}},"branchMap":{"0":{"loc":{"start":{"line":10,"column":4},"end":{"line":14,"column":5}},"type":"if","locations":[{"start":{"line":10,"column":4},"end":{"line":14,"column":5}},{"start":{"line":12,"column":11},"end":{"line":14,"column":5}}],"line":10}},"s":{"0":38,"1":4,"2":4,"3":4,"4":2,"5":2,"6":2,"7":0},"f":{"0":4},"b":{"0":[2,0]},"inputSourceMap":null,"_coverageSchema":"1a1c01bbd47fc00a2c39e90264f33305004495a9","hash":"5f4dfca1557954687f123fb56ff9bb92875c37f7"}
,"C:\\Users\\kaina\\OneDrive\\Documentos\\GitHub\\UNO-Final-Project\\src\\routes\\game\\getPlayersInGame.js": {"path":"C:\\Users\\kaina\\OneDrive\\Documentos\\GitHub\\UNO-Final-Project\\src\\routes\\game\\getPlayersInGame.js","statementMap":{"0":{"start":{"line":6,"column":32},"end":{"line":22,"column":1}},"1":{"start":{"line":7,"column":2},"end":{"line":21,"column":3}},"2":{"start":{"line":8,"column":24},"end":{"line":8,"column":32}},"3":{"start":{"line":9,"column":4},"end":{"line":9,"column":37}},"4":{"start":{"line":11,"column":17},"end":{"line":11,"column":44}},"5":{"start":{"line":12,"column":4},"end":{"line":14,"column":5}},"6":{"start":{"line":13,"column":6},"end":{"line":13,"column":65}},"7":{"start":{"line":15,"column":24},"end":{"line":15,"column":62}},"8":{"start":{"line":16,"column":20},"end":{"line":16,"column":59}},"9":{"start":{"line":18,"column":4},"end":{"line":18,"column":75}},"10":{"start":{"line":20,"column":4},"end":{"line":20,"column":16}}},"fnMap":{"0":{"name":"(anonymous_0)","decl":{"start":{"line":6,"column":32},"end":{"line":6,"column":33}},"loc":{"start":{"line":6,"column":58},"end":{"line":22,"column":1}},"line":6}},"branchMap":{"0":{"loc":{"start":{"line":12,"column":4},"end":{"line":14,"column":5}},"type":"if","locations":[{"start":{"line":12,"column":4},"end":{"line":14,"column":5}},{"start":{},"end":{}}],"line":12},"1":{"loc":{"start":{"line":12,"column":8},"end":{"line":12,"column":36}},"type":"binary-expr","locations":[{"start":{"line":12,"column":8},"end":{"line":12,"column":13}},{"start":{"line":12,"column":17},"end":{"line":12,"column":36}}],"line":12}},"s":{"0":38,"1":3,"2":3,"3":3,"4":3,"5":3,"6":2,"7":1,"8":1,"9":1,"10":1},"f":{"0":3},"b":{"0":[2,1],"1":[3,1]},"inputSourceMap":null,"_coverageSchema":"1a1c01bbd47fc00a2c39e90264f33305004495a9","hash":"ff7927cb54b7327267059d6079b45b2da23dab02"}
,"C:\\Users\\kaina\\OneDrive\\Documentos\\GitHub\\UNO-Final-Project\\src\\routes\\game\\getReady.js": {"path":"C:\\Users\\kaina\\OneDrive\\Documentos\\GitHub\\UNO-Final-Project\\src\\routes\\game\\getReady.js","statementMap":{"0":{"start":{"line":6,"column":24},"end":{"line":30,"column":1}},"1":{"start":{"line":7,"column":2},"end":{"line":29,"column":3}},"2":{"start":{"line":8,"column":24},"end":{"line":8,"column":32}},"3":{"start":{"line":9,"column":4},"end":{"line":9,"column":37}},"4":{"start":{"line":11,"column":17},"end":{"line":11,"column":44}},"5":{"start":{"line":12,"column":4},"end":{"line":13,"column":65}},"6":{"start":{"line":13,"column":6},"end":{"line":13,"column":65}},"7":{"start":{"line":15,"column":17},"end":{"line":15,"column":25}},"8":{"start":{"line":17,"column":25},"end":{"line":17,"column":64}},"9":{"start":{"line":18,"column":4},"end":{"line":19,"column":79}},"10":{"start":{"line":19,"column":6},"end":{"line":19,"column":79}},"11":{"start":{"line":21,"column":4},"end":{"line":22,"column":69}},"12":{"start":{"line":22,"column":6},"end":{"line":22,"column":69}},"13":{"start":{"line":24,"column":4},"end":{"line":24,"column":49}},"14":{"start":{"line":26,"column":4},"end":{"line":26,"column":68}},"15":{"start":{"line":28,"column":4},"end":{"line":28,"column":14}}},"fnMap":{"0":{"name":"(anonymous_0)","decl":{"start":{"line":6,"column":24},"end":{"line":6,"column":25}},"loc":{"start":{"line":6,"column":50},"end":{"line":30,"column":1}},"line":6}},"branchMap":{"0":{"loc":{"start":{"line":12,"column":4},"end":{"line":13,"column":65}},"type":"if","locations":[{"start":{"line":12,"column":4},"end":{"line":13,"column":65}},{"start":{},"end":{}}],"line":12},"1":{"loc":{"start":{"line":12,"column":8},"end":{"line":12,"column":36}},"type":"binary-expr","locations":[{"start":{"line":12,"column":8},"end":{"line":12,"column":13}},{"start":{"line":12,"column":17},"end":{"line":12,"column":36}}],"line":12},"2":{"loc":{"start":{"line":18,"column":4},"end":{"line":19,"column":79}},"type":"if","locations":[{"start":{"line":18,"column":4},"end":{"line":19,"column":79}},{"start":{},"end":{}}],"line":18},"3":{"loc":{"start":{"line":18,"column":8},"end":{"line":18,"column":52}},"type":"binary-expr","locations":[{"start":{"line":18,"column":8},"end":{"line":18,"column":21}},{"start":{"line":18,"column":25},"end":{"line":18,"column":52}}],"line":18},"4":{"loc":{"start":{"line":21,"column":4},"end":{"line":22,"column":69}},"type":"if","locations":[{"start":{"line":21,"column":4},"end":{"line":22,"column":69}},{"start":{},"end":{}}],"line":21}},"s":{"0":38,"1":4,"2":4,"3":4,"4":4,"5":4,"6":1,"7":3,"8":3,"9":3,"10":1,"11":2,"12":1,"13":1,"14":1,"15":0},"f":{"0":4},"b":{"0":[1,3],"1":[4,3],"2":[1,2],"3":[3,2],"4":[1,1]},"inputSourceMap":null,"_coverageSchema":"1a1c01bbd47fc00a2c39e90264f33305004495a9","hash":"e53599ddc36a2cc70b790d46838f3620b6486c6f"}
,"C:\\Users\\kaina\\OneDrive\\Documentos\\GitHub\\UNO-Final-Project\\src\\routes\\game\\getStatusGame.js": {"path":"C:\\Users\\kaina\\OneDrive\\Documentos\\GitHub\\UNO-Final-Project\\src\\routes\\game\\getStatusGame.js","statementMap":{"0":{"start":{"line":4,"column":29},"end":{"line":18,"column":1}},"1":{"start":{"line":5,"column":2},"end":{"line":17,"column":3}},"2":{"start":{"line":6,"column":24},"end":{"line":6,"column":32}},"3":{"start":{"line":7,"column":4},"end":{"line":7,"column":37}},"4":{"start":{"line":9,"column":17},"end":{"line":9,"column":44}},"5":{"start":{"line":10,"column":4},"end":{"line":12,"column":5}},"6":{"start":{"line":11,"column":6},"end":{"line":11,"column":65}},"7":{"start":{"line":14,"column":4},"end":{"line":14,"column":50}},"8":{"start":{"line":16,"column":4},"end":{"line":16,"column":14}}},"fnMap":{"0":{"name":"(anonymous_0)","decl":{"start":{"line":4,"column":29},"end":{"line":4,"column":30}},"loc":{"start":{"line":4,"column":55},"end":{"line":18,"column":1}},"line":4}},"branchMap":{"0":{"loc":{"start":{"line":10,"column":4},"end":{"line":12,"column":5}},"type":"if","locations":[{"start":{"line":10,"column":4},"end":{"line":12,"column":5}},{"start":{},"end":{}}],"line":10},"1":{"loc":{"start":{"line":10,"column":8},"end":{"line":10,"column":36}},"type":"binary-expr","locations":[{"start":{"line":10,"column":8},"end":{"line":10,"column":13}},{"start":{"line":10,"column":17},"end":{"line":10,"column":36}}],"line":10}},"s":{"0":38,"1":3,"2":3,"3":3,"4":3,"5":3,"6":2,"7":1,"8":1},"f":{"0":3},"b":{"0":[2,1],"1":[3,1]},"inputSourceMap":null,"_coverageSchema":"1a1c01bbd47fc00a2c39e90264f33305004495a9","hash":"88f15ebfcea89f7be68221d63cc46d01e2c76900"}
,"C:\\Users\\kaina\\OneDrive\\Documentos\\GitHub\\UNO-Final-Project\\src\\routes\\game\\getTopCard.js": {"path":"C:\\Users\\kaina\\OneDrive\\Documentos\\GitHub\\UNO-Final-Project\\src\\routes\\game\\getTopCard.js","statementMap":{"0":{"start":{"line":5,"column":26},"end":{"line":29,"column":1}},"1":{"start":{"line":6,"column":2},"end":{"line":28,"column":3}},"2":{"start":{"line":7,"column":24},"end":{"line":7,"column":32}},"3":{"start":{"line":8,"column":4},"end":{"line":8,"column":37}},"4":{"start":{"line":10,"column":17},"end":{"line":10,"column":44}},"5":{"start":{"line":11,"column":4},"end":{"line":13,"column":5}},"6":{"start":{"line":12,"column":6},"end":{"line":12,"column":65}},"7":{"start":{"line":15,"column":20},"end":{"line":15,"column":54}},"8":{"start":{"line":16,"column":4},"end":{"line":18,"column":5}},"9":{"start":{"line":17,"column":6},"end":{"line":17,"column":65}},"10":{"start":{"line":20,"column":21},"end":{"line":24,"column":5}},"11":{"start":{"line":25,"column":4},"end":{"line":25,"column":35}},"12":{"start":{"line":27,"column":4},"end":{"line":27,"column":16}}},"fnMap":{"0":{"name":"(anonymous_0)","decl":{"start":{"line":5,"column":26},"end":{"line":5,"column":27}},"loc":{"start":{"line":5,"column":52},"end":{"line":29,"column":1}},"line":5}},"branchMap":{"0":{"loc":{"start":{"line":11,"column":4},"end":{"line":13,"column":5}},"type":"if","locations":[{"start":{"line":11,"column":4},"end":{"line":13,"column":5}},{"start":{},"end":{}}],"line":11},"1":{"loc":{"start":{"line":16,"column":4},"end":{"line":18,"column":5}},"type":"if","locations":[{"start":{"line":16,"column":4},"end":{"line":18,"column":5}},{"start":{},"end":{}}],"line":16}},"s":{"0":38,"1":4,"2":4,"3":4,"4":4,"5":4,"6":2,"7":2,"8":2,"9":1,"10":1,"11":1,"12":1},"f":{"0":4},"b":{"0":[2,2],"1":[1,1]},"inputSourceMap":null,"_coverageSchema":"1a1c01bbd47fc00a2c39e90264f33305004495a9","hash":"057fe1c9525d05595d0192178b895d53c290979f"}
,"C:\\Users\\kaina\\OneDrive\\Documentos\\GitHub\\UNO-Final-Project\\src\\routes\\game\\joinGame.js": {"path":"C:\\Users\\kaina\\OneDrive\\Documentos\\GitHub\\UNO-Final-Project\\src\\routes\\game\\joinGame.js","statementMap":{"0":{"start":{"line":6,"column":24},"end":{"line":29,"column":1}},"1":{"start":{"line":7,"column":2},"end":{"line":28,"column":3}},"2":{"start":{"line":8,"column":24},"end":{"line":8,"column":32}},"3":{"start":{"line":9,"column":17},"end":{"line":9,"column":25}},"4":{"start":{"line":11,"column":4},"end":{"line":11,"column":37}},"5":{"start":{"line":13,"column":17},"end":{"line":13,"column":44}},"6":{"start":{"line":14,"column":4},"end":{"line":15,"column":65}},"7":{"start":{"line":15,"column":6},"end":{"line":15,"column":65}},"8":{"start":{"line":17,"column":25},"end":{"line":17,"column":64}},"9":{"start":{"line":18,"column":4},"end":{"line":19,"column":76}},"10":{"start":{"line":19,"column":6},"end":{"line":19,"column":76}},"11":{"start":{"line":21,"column":4},"end":{"line":21,"column":44}},"12":{"start":{"line":23,"column":4},"end":{"line":25,"column":62}},"13":{"start":{"line":27,"column":4},"end":{"line":27,"column":14}}},"fnMap":{"0":{"name":"(anonymous_0)","decl":{"start":{"line":6,"column":24},"end":{"line":6,"column":25}},"loc":{"start":{"line":6,"column":50},"end":{"line":29,"column":1}},"line":6}},"branchMap":{"0":{"loc":{"start":{"line":14,"column":4},"end":{"line":15,"column":65}},"type":"if","locations":[{"start":{"line":14,"column":4},"end":{"line":15,"column":65}},{"start":{},"end":{}}],"line":14},"1":{"loc":{"start":{"line":14,"column":8},"end":{"line":14,"column":36}},"type":"binary-expr","locations":[{"start":{"line":14,"column":8},"end":{"line":14,"column":13}},{"start":{"line":14,"column":17},"end":{"line":14,"column":36}}],"line":14},"2":{"loc":{"start":{"line":18,"column":4},"end":{"line":19,"column":76}},"type":"if","locations":[{"start":{"line":18,"column":4},"end":{"line":19,"column":76}},{"start":{},"end":{}}],"line":18}},"s":{"0":38,"1":15,"2":15,"3":15,"4":15,"5":15,"6":15,"7":2,"8":13,"9":13,"10":8,"11":5,"12":5,"13":1},"f":{"0":15},"b":{"0":[2,13],"1":[15,13],"2":[8,5]},"inputSourceMap":null,"_coverageSchema":"1a1c01bbd47fc00a2c39e90264f33305004495a9","hash":"7c2496368dfe2f10fbb2846638c55a94dcbd1ea5"}
[...]
ne":27,"column":2},"end":{"line":32,"column":3}},"10":{"start":{"line":28,"column":19},"end":{"line":28,"column":60}},"11":{"start":{"line":28,"column":39},"end":{"line":28,"column":59}},"12":{"start":{"line":29,"column":4},"end":{"line":31,"column":5}},"13":{"start":{"line":30,"column":6},"end":{"line":30,"column":41}},"14":{"start":{"line":34,"column":2},"end":{"line":34,"column":16}},"15":{"start":{"line":37,"column":36},"end":{"line":55,"column":1}},"16":{"start":{"line":38,"column":16},"end":{"line":44,"column":4}},"17":{"start":{"line":46,"column":20},"end":{"line":46,"column":21}},"18":{"start":{"line":47,"column":2},"end":{"line":49,"column":3}},"19":{"start":{"line":48,"column":4},"end":{"line":48,"column":31}},"20":{"start":{"line":50,"column":21},"end":{"line":52,"column":4}},"21":{"start":{"line":54,"column":2},"end":{"line":54,"column":52}},"22":{"start":{"line":57,"column":27},"end":{"line":59,"column":1}},"23":{"start":{"line":58,"column":2},"end":{"line":58,"column":44}},"24":{"start":{"line":61,"column":27},"end":{"line":63,"column":1}},"25":{"start":{"line":62,"column":2},"end":{"line":62,"column":40}}},"fnMap":{"0":{"name":"(anonymous_0)","decl":{"start":{"line":5,"column":27},"end":{"line":5,"column":28}},"loc":{"start":{"line":5,"column":62},"end":{"line":11,"column":1}},"line":5},"1":{"name":"(anonymous_1)","decl":{"start":{"line":13,"column":29},"end":{"line":13,"column":30}},"loc":{"start":{"line":13,"column":48},"end":{"line":15,"column":1}},"line":13},"2":{"name":"(anonymous_2)","decl":{"start":{"line":17,"column":31},"end":{"line":17,"column":32}},"loc":{"start":{"line":17,"column":54},"end":{"line":35,"column":1}},"line":17},"3":{"name":"(anonymous_3)","decl":{"start":{"line":18,"column":36},"end":{"line":18,"column":37}},"loc":{"start":{"line":18,"column":44},"end":{"line":18,"column":55}},"line":18},"4":{"name":"(anonymous_4)","decl":{"start":{"line":28,"column":32},"end":{"line":28,"column":33}},"loc":{"start":{"line":28,"column":39},"end":{"line":28,"column":59}},"line":28},"5":{"name":"(anonymous_5)","decl":{"start":{"line":37,"column":36},"end":{"line":37,"column":37}},"loc":{"start":{"line":37,"column":63},"end":{"line":55,"column":1}},"line":37},"6":{"name":"(anonymous_6)","decl":{"start":{"line":57,"column":27},"end":{"line":57,"column":28}},"loc":{"start":{"line":57,"column":56},"end":{"line":59,"column":1}},"line":57},"7":{"name":"(anonymous_7)","decl":{"start":{"line":61,"column":27},"end":{"line":61,"column":28}},"loc":{"start":{"line":61,"column":49},"end":{"line":63,"column":1}},"line":61}},"branchMap":{"0":{"loc":{"start":{"line":29,"column":4},"end":{"line":31,"column":5}},"type":"if","locations":[{"start":{"line":29,"column":4},"end":{"line":31,"column":5}},{"start":{},"end":{}}],"line":29}},"s":{"0":38,"1":2,"2":38,"3":9,"4":38,"5":1,"6":2,"7":1,"8":1,"9":1,"10":2,"11":3,"12":2,"13":2,"14":1,"15":38,"16":1,"17":1,"18":1,"19":1,"20":1,"21":1,"22":38,"23":3,"24":38,"25":1},"f":{"0":2,"1":9,"2":1,"3":2,"4":3,"5":1,"6":3,"7":1},"b":{"0":[2,0]},"inputSourceMap":null,"_coverageSchema":"1a1c01bbd47fc00a2c39e90264f33305004495a9","hash":"7498e96f3892fa838dc46d3cf6c560a00abf5aac"}
,"C:\\Users\\kaina\\OneDrive\\Documentos\\GitHub\\UNO-Final-Project\\src\\services\\tokenService.js": {"path":"C:\\Users\\kaina\\OneDrive\\Documentos\\GitHub\\UNO-Final-Project\\src\\services\\tokenService.js","statementMap":{"0":{"start":{"line":4,"column":29},"end":{"line":12,"column":1}},"1":{"start":{"line":5,"column":2},"end":{"line":9,"column":3}},"2":{"start":{"line":6,"column":18},"end":{"line":6,"column":56}},"3":{"start":{"line":7,"column":4},"end":{"line":7,"column":27}},"4":{"start":{"line":8,"column":4},"end":{"line":8,"column":16}},"5":{"start":{"line":11,"column":2},"end":{"line":11,"column":34}},"6":{"start":{"line":14,"column":34},"end":{"line":19,"column":1}},"7":{"start":{"line":15,"column":24},"end":{"line":17,"column":4}},"8":{"start":{"line":18,"column":2},"end":{"line":18,"column":25}},"9":{"start":{"line":21,"column":30},"end":{"line":23,"column":1}},"10":{"start":{"line":22,"column":2},"end":{"line":22,"column":55}}},"fnMap":{"0":{"name":"(anonymous_0)","decl":{"start":{"line":4,"column":29},"end":{"line":4,"column":30}},"loc":{"start":{"line":4,"column":53},"end":{"line":12,"column":1}},"line":4},"1":{"name":"(anonymous_1)","decl":{"start":{"line":14,"column":34},"end":{"line":14,"column":35}},"loc":{"start":{"line":14,"column":58},"end":{"line":19,"column":1}},"line":14},"2":{"name":"(anonymous_2)","decl":{"start":{"line":21,"column":30},"end":{"line":21,"column":31}},"loc":{"start":{"line":21,"column":54},"end":{"line":23,"column":1}},"line":21}},"branchMap":{"0":{"loc":{"start":{"line":5,"column":2},"end":{"line":9,"column":3}},"type":"if","locations":[{"start":{"line":5,"column":2},"end":{"line":9,"column":3}},{"start":{},"end":{}}],"line":5}},"s":{"0":38,"1":1,"2":0,"3":0,"4":0,"5":1,"6":38,"7":1,"8":1,"9":38,"10":1},"f":{"0":1,"1":1,"2":1},"b":{"0":[0,1]},"inputSourceMap":null,"_coverageSchema":"1a1c01bbd47fc00a2c39e90264f33305004495a9","hash":"5f4a064e8f55f1244638634e4c8ebf1d91629cf0"}
,"C:\\Users\\kaina\\OneDrive\\Documentos\\GitHub\\UNO-Final-Project\\src\\services\\validateService.js": {"path":"C:\\Users\\kaina\\OneDrive\\Documentos\\GitHub\\UNO-Final-Project\\src\\services\\validateService.js","statementMap":{"0":{"start":{"line":5,"column":34},"end":{"line":12,"column":1}},"1":{"start":{"line":6,"column":15},"end":{"line":6,"column":42}},"2":{"start":{"line":7,"column":2},"end":{"line":10,"column":3}},"3":{"start":{"line":8,"column":4},"end":{"line":8,"column":56}},"4":{"start":{"line":9,"column":4},"end":{"line":9,"column":16}},"5":{"start":{"line":11,"column":2},"end":{"line":11,"column":14}},"6":{"start":{"line":14,"column":36},"end":{"line":21,"column":1}},"7":{"start":{"line":15,"column":17},"end":{"line":15,"column":56}},"8":{"start":{"line":16,"column":2},"end":{"line":19,"column":3}},"9":{"start":{"line":17,"column":4},"end":{"line":17,"column":71}},"10":{"start":{"line":18,"column":4},"end":{"line":18,"column":17}},"11":{"start":{"line":20,"column":2},"end":{"line":20,"column":14}},"12":{"start":{"line":23,"column":34},"end":{"line":29,"column":1}},"13":{"start":{"line":24,"column":2},"end":{"line":27,"column":3}},"14":{"start":{"line":25,"column":4},"end":{"line":25,"column":73}},"15":{"start":{"line":26,"column":4},"end":{"line":26,"column":17}},"16":{"start":{"line":28,"column":2},"end":{"line":28,"column":14}},"17":{"start":{"line":31,"column":34},"end":{"line":44,"column":1}},"18":{"start":{"line":32,"column":15},"end":{"line":32,"column":42}},"19":{"start":{"line":33,"column":2},"end":{"line":36,"column":3}},"20":{"start":{"line":34,"column":4},"end":{"line":34,"column":56}},"21":{"start":{"line":35,"column":4},"end":{"line":35,"column":16}},"22":{"start":{"line":38,"column":2},"end":{"line":41,"column":3}},"23":{"start":{"line":39,"column":4},"end":{"line":39,"column":68}},"24":{"start":{"line":40,"column":4},"end":{"line":40,"column":16}},"25":{"start":{"line":43,"column":2},"end":{"line":43,"column":14}},"26":{"start":{"line":46,"column":37},"end":{"line":58,"column":1}},"27":{"start":{"line":47,"column":2},"end":{"line":50,"column":3}},"28":{"start":{"line":48,"column":4},"end":{"line":48,"column":72}},"29":{"start":{"line":49,"column":4},"end":{"line":49,"column":17}},"30":{"start":{"line":52,"column":2},"end":{"line":55,"column":3}},"31":{"start":{"line":53,"column":4},"end":{"line":53,"column":64}},"32":{"start":{"line":54,"column":4},"end":{"line":54,"column":17}},"33":{"start":{"line":57,"column":2},"end":{"line":57,"column":14}},"34":{"start":{"line":60,"column":36},"end":{"line":70,"column":1}},"35":{"start":{"line":61,"column":21},"end":{"line":61,"column":57}},"36":{"start":{"line":62,"column":2},"end":{"line":68,"column":3}},"37":{"start":{"line":63,"column":4},"end":{"line":66,"column":7}},"38":{"start":{"line":67,"column":4},"end":{"line":67,"column":17}},"39":{"start":{"line":69,"column":2},"end":{"line":69,"column":14}}},"fnMap":{"0":{"name":"(anonymous_0)","decl":{"start":{"line":5,"column":34},"end":{"line":5,"column":35}},"loc":{"start":{"line":5,"column":58},"end":{"line":12,"column":1}},"line":5},"1":{"name":"(anonymous_1)","decl":{"start":{"line":14,"column":36},"end":{"line":14,"column":37}},"loc":{"start":{"line":14,"column":63},"end":{"line":21,"column":1}},"line":14},"2":{"name":"(anonymous_2)","decl":{"start":{"line":23,"column":34},"end":{"line":23,"column":35}},"loc":{"start":{"line":23,"column":61},"end":{"line":29,"column":1}},"line":23},"3":{"name":"(anonymous_3)","decl":{"start":{"line":31,"column":34},"end":{"line":31,"column":35}},"loc":{"start":{"line":31,"column":64},"end":{"line":44,"column":1}},"line":31},"4":{"name":"(anonymous_4)","decl":{"start":{"line":46,"column":37},"end":{"line":46,"column":38}},"loc":{"start":{"line":46,"column":64},"end":{"line":58,"column":1}},"line":46},"5":{"name":"(anonymous_5)","decl":{"start":{"line":60,"column":36},"end":{"line":60,"column":37}},"loc":{"start":{"line":60,"column":73},"end":{"line":70,"column":1}},"line":60}},"branchMap":{"0":{"loc":{"start":{"line":7,"column":2},"end":{"line":10,"column":3}},"type":"if","locations":[{"start":{"line":7,"column":2},"end":{"line":10,"column":3}},{"start":{},"end":{}}],"line":7},"1":{"loc":{"start":{"line":7,"column":6},"end":{"line":7,"column":34}},"type":"binary-expr","locations":[{"start":{"line":7,"column":6},"end":{"line":7,"column":11}},{"start":{"line":7,"column":15},"end":{"line":7,"column":34}}],"line":7},"2":{"loc":{"start":{"line":16,"column":2},"end":{"line":19,"column":3}},"type":"if","locations":[{"start":{"line":16,"column":2},"end":{"line":19,"column":3}},{"start":{},"end":{}}],"line":16},"3":{"loc":{"start":{"line":24,"column":2},"end":{"line":27,"column":3}},"type":"if","locations":[{"start":{"line":24,"column":2},"end":{"line":27,"column":3}},{"start":{},"end":{}}],"line":24},"4":{"loc":{"start":{"line":33,"column":2},"end":{"line":36,"column":3}},"type":"if","locations":[{"start":{"line":33,"column":2},"end":{"line":36,"column":3}},{"start":{},"end":{}}],"line":33},"5":{"loc":{"start":{"line":33,"column":6},"end":{"line":33,"column":34}},"type":"binary-expr","locations":[{"start":{"line":33,"column":6},"end":{"line":33,"column":11}},{"start":{"line":33,"column":15},"end":{"line":33,"column":34}}],"line":33},"6":{"loc":{"start":{"line":38,"column":2},"end":{"line":41,"column":3}},"type":"if","locations":[{"start":{"line":38,"column":2},"end":{"line":41,"column":3}},{"start":{},"end":{}}],"line":38},"7":{"loc":{"start":{"line":47,"column":2},"end":{"line":50,"column":3}},"type":"if","locations":[{"start":{"line":47,"column":2},"end":{"line":50,"column":3}},{"start":{},"end":{}}],"line":47},"8":{"loc":{"start":{"line":52,"column":2},"end":{"line":55,"column":3}},"type":"if","locations":[{"start":{"line":52,"column":2},"end":{"line":55,"column":3}},{"start":{},"end":{}}],"line":52},"9":{"loc":{"start":{"line":62,"column":2},"end":{"line":68,"column":3}},"type":"if","locations":[{"start":{"line":62,"column":2},"end":{"line":68,"column":3}},{"start":{},"end":{}}],"line":62},"10":{"loc":{"start":{"line":62,"column":6},"end":{"line":62,"column":48}},"type":"binary-expr","locations":[{"start":{"line":62,"column":6},"end":{"line":62,"column":17}},{"start":{"line":62,"column":21},"end":{"line":62,"column":48}}],"line":62}},"s":{"0":38,"1":8,"2":8,"3":1,"4":1,"5":7,"6":38,"7":2,"8":2,"9":1,"10":1,"11":1,"12":38,"13":5,"14":1,"15":1,"16":4,"17":38,"18":4,"19":4,"20":1,"21":1,"22":3,"23":0,"24":0,"25":3,"26":38,"27":3,"28":1,"29":1,"30":2,"31":1,"32":1,"33":1,"34":38,"35":1,"36":1,"37":0,"38":0,"39":1},"f":{"0":8,"1":2,"2":5,"3":4,"4":3,"5":1},"b":{"0":[1,7],"1":[8,7],"2":[1,1],"3":[1,4],"4":[1,3],"5":[4,3],"6":[0,3],"7":[1,2],"8":[1,1],"9":[0,1],"10":[1,0]},"inputSourceMap":null,"_coverageSchema":"1a1c01bbd47fc00a2c39e90264f33305004495a9","hash":"161f394a52ecfa243220689a88633a2209e315cc"}
,"C:\\Users\\kaina\\OneDrive\\Documentos\\GitHub\\UNO-Final-Project\\src\\utils\\deckMonad.js": {"path":"C:\\Users\\kaina\\OneDrive\\Documentos\\GitHub\\UNO-Final-Project\\src\\utils\\deckMonad.js","statementMap":{"0":{"start":{"line":3,"column":4},"end":{"line":3,"column":21}},"1":{"start":{"line":7,"column":4},"end":{"line":7,"column":31}},"2":{"start":{"line":11,"column":4},"end":{"line":14,"column":5}},"3":{"start":{"line":11,"column":17},"end":{"line":11,"column":37}},"4":{"start":{"line":12,"column":16},"end":{"line":12,"column":51}},"5":{"start":{"line":13,"column":6},"end":{"line":13,"column":66}},"6":{"start":{"line":15,"column":4},"end":{"line":15,"column":16}},"7":{"start":{"line":19,"column":4},"end":{"line":21,"column":5}},"8":{"start":{"line":20,"column":6},"end":{"line":20,"column":52}},"9":{"start":{"line":23,"column":18},"end":{"line":26,"column":7}},"10":{"start":{"line":23,"column":43},"end":{"line":26,"column":5}},"11":{"start":{"line":28,"column":4},"end":{"line":32,"column":5}},"12":{"start":{"line":28,"column":17},"end":{"line":28,"column":18}},"13":{"start":{"line":29,"column":6},"end":{"line":31,"column":7}},"14":{"start":{"line":29,"column":19},"end":{"line":29,"column":20}},"15":{"start":{"line":30,"column":8},"end":{"line":30,"column":45}},"16":{"start":{"line":34,"column":4},"end":{"line":34,"column":17}}},"fnMap":{"0":{"name":"(anonymous_0)","decl":{"start":{"line":2,"column":2},"end":{"line":2,"column":3}},"loc":{"start":{"line":2,"column":20},"end":{"line":4,"column":3}},"line":2},"1":{"name":"(anonymous_1)","decl":{"start":{"line":6,"column":2},"end":{"line":6,"column":3}},"loc":{"start":{"line":6,"column":18},"end":{"line":8,"column":3}},"line":6},"2":{"name":"(anonymous_2)","decl":{"start":{"line":10,"column":2},"end":{"line":10,"column":3}},"loc":{"start":{"line":10,"column":12},"end":{"line":16,"column":3}},"line":10},"3":{"name":"(anonymous_3)","decl":{"start":{"line":18,"column":2},"end":{"line":18,"column":3}},"loc":{"start":{"line":18,"column":26},"end":{"line":35,"column":3}},"line":18},"4":{"name":"(anonymous_4)","decl":{"start":{"line":23,"column":30},"end":{"line":23,"column":31}},"loc":{"start":{"line":23,"column":43},"end":{"line":26,"column":5}},"line":23}},"branchMap":{"0":{"loc":{"start":{"line":19,"column":4},"end":{"line":21,"column":5}},"type":"if","locations":[{"start":{"line":19,"column":4},"end":{"line":21,"column":5}},{"start":{},"end":{}}],"line":19}},"s":{"0":5,"1":5,"2":4,"3":4,"4":161,"5":161,"6":4,"7":2,"8":1,"9":1,"10":2,"11":1,"12":1,"13":5,"14":5,"15":10,"16":1},"f":{"0":5,"1":5,"2":4,"3":2,"4":2},"b":{"0":[1,1]},"inputSourceMap":null,"_coverageSchema":"1a1c01bbd47fc00a2c39e90264f33305004495a9","hash":"47bd88d3b8e1324a06621eb6213b9b99e3fb1328"}
,"C:\\Users\\kaina\\OneDrive\\Documentos\\GitHub\\UNO-Final-Project\\src\\utils\\logger.js": {"path":"C:\\Users\\kaina\\OneDrive\\Documentos\\GitHub\\UNO-Final-Project\\src\\utils\\logger.js","statementMap":{"0":{"start":{"line":3,"column":15},"end":{"line":15,"column":2}}},"fnMap":{},"branchMap":{},"s":{"0":38},"f":{},"b":{},"inputSourceMap":null,"_coverageSchema":"1a1c01bbd47fc00a2c39e90264f33305004495a9","hash":"17149136af6405928ac305ae6e609555614fbf57"}
,"C:\\Users\\kaina\\OneDrive\\Documentos\\GitHub\\UNO-Final-Project\\src\\utils\\passwordUtils.js": {"path":"C:\\Users\\kaina\\OneDrive\\Documentos\\GitHub\\UNO-Final-Project\\src\\utils\\passwordUtils.js","statementMap":{"0":{"start":{"line":4,"column":28},"end":{"line":6,"column":1}},"1":{"start":{"line":5,"column":2},"end":{"line":5,"column":75}}},"fnMap":{"0":{"name":"(anonymous_0)","decl":{"start":{"line":4,"column":28},"end":{"line":4,"column":29}},"loc":{"start":{"line":4,"column":42},"end":{"line":6,"column":1}},"line":4}},"branchMap":{},"s":{"0":38,"1":45},"f":{"0":45},"b":{},"inputSourceMap":null,"_coverageSchema":"1a1c01bbd47fc00a2c39e90264f33305004495a9","hash":"7d2dea1bab3a352de451e53eabb18a5cdea0abe1"}
,"C:\\Users\\kaina\\OneDrive\\Documentos\\GitHub\\UNO-Final-Project\\src\\utils\\validation.js": {"path":"C:\\Users\\kaina\\OneDrive\\Documentos\\GitHub\\UNO-Final-Project\\src\\utils\\validation.js","statementMap":{"0":{"start":{"line":1,"column":30},"end":{"line":7,"column":1}},"1":{"start":{"line":2,"column":2},"end":{"line":6,"column":3}},"2":{"start":{"line":3,"column":4},"end":{"line":5,"column":5}},"3":{"start":{"line":4,"column":6},"end":{"line":4,"column":65}}},"fnMap":{"0":{"name":"(anonymous_0)","decl":{"start":{"line":1,"column":30},"end":{"line":1,"column":31}},"loc":{"start":{"line":1,"column":47},"end":{"line":7,"column":1}},"line":1}},"branchMap":{"0":{"loc":{"start":{"line":3,"column":4},"end":{"line":5,"column":5}},"type":"if","locations":[{"start":{"line":3,"column":4},"end":{"line":5,"column":5}},{"start":{},"end":{}}],"line":3}},"s":{"0":38,"1":149,"2":244,"3":14},"f":{"0":149},"b":{"0":[14,230]},"inputSourceMap":null,"_coverageSchema":"1a1c01bbd47fc00a2c39e90264f33305004495a9","hash":"85517371998ab35cdb36c1a9be4d6a7a5100cb4b"}
,"C:\\Users\\kaina\\OneDrive\\Documentos\\GitHub\\UNO-Final-Project\\src\\utils\\verifyToken.js": {"path":"C:\\Users\\kaina\\OneDrive\\Documentos\\GitHub\\UNO-Final-Project\\src\\utils\\verifyToken.js","statementMap":{"0":{"start":{"line":6,"column":2},"end":{"line":41,"column":5}},"1":{"start":{"line":7,"column":22},"end":{"line":9,"column":6}},"2":{"start":{"line":11,"column":4},"end":{"line":15,"column":5}},"3":{"start":{"line":12,"column":20},"end":{"line":12,"column":53}},"4":{"start":{"line":13,"column":6},"end":{"line":13,"column":23}},"5":{"start":{"line":14,"column":6},"end":{"line":14,"column":27}},"6":{"start":{"line":17,"column":4},"end":{"line":40,"column":6}},"7":{"start":{"line":21,"column":8},"end":{"line":25,"column":9}},"8":{"start":{"line":22,"column":24},"end":{"line":22,"column":55}},"9":{"start":{"line":23,"column":10},"end":{"line":23,"column":27}},"10":{"start":{"line":24,"column":10},"end":{"line":24,"column":31}},"11":{"start":{"line":27,"column":8},"end":{"line":38,"column":9}},"12":{"start":{"line":28,"column":23},"end":{"line":28,"column":65}},"13":{"start":{"line":29,"column":10},"end":{"line":33,"column":11}},"14":{"start":{"line":30,"column":26},"end":{"line":30,"column":55}},"15":{"start":{"line":31,"column":12},"end":{"line":31,"column":29}},"16":{"start":{"line":32,"column":12},"end":{"line":32,"column":33}},"17":{"start":{"line":35,"column":10},"end":{"line":35,"column":24}},"18":{"start":{"line":37,"column":10},"end":{"line":37,"column":24}}},"fnMap":{"0":{"name":"VerifyToken","decl":{"start":{"line":5,"column":30},"end":{"line":5,"column":41}},"loc":{"start":{"line":5,"column":56},"end":{"line":42,"column":1}},"line":5},"1":{"name":"(anonymous_1)","decl":{"start":{"line":6,"column":21},"end":{"line":6,"column":22}},"loc":{"start":{"line":6,"column":48},"end":{"line":41,"column":3}},"line":6},"2":{"name":"(anonymous_2)","decl":{"start":{"line":20,"column":6},"end":{"line":20,"column":7}},"loc":{"start":{"line":20,"column":35},"end":{"line":39,"column":7}},"line":20}},"branchMap":{"0":{"loc":{"start":{"line":11,"column":4},"end":{"line":15,"column":5}},"type":"if","locations":[{"start":{"line":11,"column":4},"end":{"line":15,"column":5}},{"start":{},"end":{}}],"line":11},"1":{"loc":{"start":{"line":21,"column":8},"end":{"line":25,"column":9}},"type":"if","locations":[{"start":{"line":21,"column":8},"end":{"line":25,"column":9}},{"start":{},"end":{}}],"line":21},"2":{"loc":{"start":{"line":29,"column":10},"end":{"line":33,"column":11}},"type":"if","locations":[{"start":{"line":29,"column":10},"end":{"line":33,"column":11}},{"start":{},"end":{}}],"line":29}},"s":{"0":94,"1":94,"2":94,"3":1,"4":1,"5":1,"6":93,"7":93,"8":2,"9":2,"10":2,"11":91,"12":91,"13":91,"14":0,"15":0,"16":0,"17":91,"18":0},"f":{"0":94,"1":94,"2":93},"b":{"0":[1,93],"1":[2,91],"2":[0,91]},"inputSourceMap":null,"_coverageSchema":"1a1c01bbd47fc00a2c39e90264f33305004495a9","hash":"37c2db7804ff3c34996824c1be10cd10d145cc0e"}
}
