{"C:\\Users\\kaina\\OneDrive\\Documentos\\GitHub\\UNO-Final-Project\\src\\index.js": {"path":"C:\\Users\\kaina\\OneDrive\\Documentos\\GitHub\\UNO-Final-Project\\src\\index.js","statementMap":{"0":{"start":{"line":6,"column":12},"end":{"line":6,"column":21}},"1":{"start":{"line":7,"column":13},"end":{"line":7,"column":37}},"2":{"start":{"line":9,"column":0},"end":{"line":9,"column":24}},"3":{"start":{"line":10,"column":0},"end":{"line":10,"column":24}},"4":{"start":{"line":11,"column":0},"end":{"line":11,"column":22}},"5":{"start":{"line":13,"column":20},"end":{"line":31,"column":1}},"6":{"start":{"line":14,"column":2},"end":{"line":30,"column":3}},"7":{"start":{"line":15,"column":4},"end":{"line":15,"column":35}},"8":{"start":{"line":16,"column":24},"end":{"line":16,"column":128}},"9":{"start":{"line":18,"column":4},"end":{"line":18,"column":42}},"10":{"start":{"line":19,"column":24},"end":{"line":19,"column":118}},"11":{"start":{"line":21,"column":4},"end":{"line":23,"column":7}},"12":{"start":{"line":22,"column":26},"end":{"line":22,"column":134}},"13":{"start":{"line":25,"column":4},"end":{"line":29,"column":6}},"14":{"start":{"line":33,"column":0},"end":{"line":35,"column":1}},"15":{"start":{"line":34,"column":2},"end":{"line":34,"column":16}},"16":{"start":{"line":44,"column":85},"end":{"line":44,"column":39648}},"17":{"start":{"line":44,"column":89},"end":{"line":44,"column":39637}}},"fnMap":{"0":{"name":"(anonymous_0)","decl":{"start":{"line":13,"column":20},"end":{"line":13,"column":21}},"loc":{"start":{"line":13,"column":32},"end":{"line":31,"column":1}},"line":13},"1":{"name":"(anonymous_1)","decl":{"start":{"line":21,"column":21},"end":{"line":21,"column":22}},"loc":{"start":{"line":21,"column":27},"end":{"line":23,"column":5}},"line":21},"2":{"name":"oo_cm","decl":{"start":{"line":44,"column":77},"end":{"line":44,"column":82}},"loc":{"start":{"line":44,"column":84},"end":{"line":44,"column":39649}},"line":44}},"branchMap":{"0":{"loc":{"start":{"line":7,"column":13},"end":{"line":7,"column":37}},"type":"binary-expr","locations":[{"start":{"line":7,"column":13},"end":{"line":7,"column":29}},{"start":{"line":7,"column":33},"end":{"line":7,"column":37}}],"line":7},"1":{"loc":{"start":{"line":33,"column":0},"end":{"line":35,"column":1}},"type":"if","locations":[{"start":{"line":33,"column":0},"end":{"line":35,"column":1}},{"start":{},"end":{}}],"line":33},"2":{"loc":{"start":{"line":44,"column":96},"end":{"line":44,"column":39636}},"type":"binary-expr","locations":[{"start":{"line":44,"column":96},"end":{"line":44,"column":133}},{"start":{"line":44,"column":137},"end":{"line":44,"column":39636}}],"line":44}},"s":{"0":33,"1":33,"2":33,"3":33,"4":33,"5":33,"6":0,"7":0,"8":0,"9":0,"10":0,"11":0,"12":0,"13":0,"14":33,"15":0,"16":0,"17":0},"f":{"0":0,"1":0,"2":0},"b":{"0":[33,33],"1":[0,33],"2":[0,0]},"inputSourceMap":null,"_coverageSchema":"1a1c01bbd47fc00a2c39e90264f33305004495a9","hash":"46d5163238000f2ae64220c6ff89cb1ca7fdbb63"}
,"C:\\Users\\kaina\\OneDrive\\Documentos\\GitHub\\UNO-Final-Project\\src\\config\\database.js": {"path":"C:\\Users\\kaina\\OneDrive\\Documentos\\GitHub\\UNO-Final-Project\\src\\config\\database.js","statementMap":{"0":{"start":{"line":4,"column":0},"end":{"line":4,"column":16}},"1":{"start":{"line":6,"column":15},"end":{"line":6,"column":46}},"2":{"start":{"line":8,"column":18},"end":{"line":22,"column":1}}},"fnMap":{},"branchMap":{"0":{"loc":{"start":{"line":9,"column":2},"end":{"line":9,"column":57}},"type":"cond-expr","locations":[{"start":{"line":9,"column":11},"end":{"line":9,"column":35}},{"start":{"line":9,"column":38},"end":{"line":9,"column":57}}],"line":9},"1":{"loc":{"start":{"line":10,"column":2},"end":{"line":10,"column":27}},"type":"binary-expr","locations":[{"start":{"line":10,"column":2},"end":{"line":10,"column":21}},{"start":{"line":10,"column":25},"end":{"line":10,"column":27}}],"line":10},"2":{"loc":{"start":{"line":11,"column":2},"end":{"line":11,"column":31}},"type":"binary-expr","locations":[{"start":{"line":11,"column":2},"end":{"line":11,"column":25}},{"start":{"line":11,"column":29},"end":{"line":11,"column":31}}],"line":11},"3":{"loc":{"start":{"line":13,"column":10},"end":{"line":13,"column":44}},"type":"binary-expr","locations":[{"start":{"line":13,"column":10},"end":{"line":13,"column":29}},{"start":{"line":13,"column":33},"end":{"line":13,"column":44}}],"line":13},"4":{"loc":{"start":{"line":14,"column":13},"end":{"line":14,"column":46}},"type":"binary-expr","locations":[{"start":{"line":14,"column":13},"end":{"line":14,"column":35}},{"start":{"line":14,"column":39},"end":{"line":14,"column":46}}],"line":14},"5":{"loc":{"start":{"line":17,"column":17},"end":{"line":17,"column":66}},"type":"cond-expr","locations":[{"start":{"line":17,"column":54},"end":{"line":17,"column":58}},{"start":{"line":17,"column":61},"end":{"line":17,"column":66}}],"line":17},"6":{"loc":{"start":{"line":20,"column":13},"end":{"line":20,"column":34}},"type":"cond-expr","locations":[{"start":{"line":20,"column":22},"end":{"line":20,"column":27}},{"start":{"line":20,"column":30},"end":{"line":20,"column":34}}],"line":20}},"s":{"0":39,"1":39,"2":39},"f":{},"b":{"0":[39,0],"1":[39,0],"2":[39,0],"3":[39,0],"4":[39,0],"5":[39,0],"6":[39,0]},"inputSourceMap":null,"_coverageSchema":"1a1c01bbd47fc00a2c39e90264f33305004495a9","hash":"352d4901ef77ab1510fb2014ae183f8b5b4891fd"}
,"C:\\Users\\kaina\\OneDrive\\Documentos\\GitHub\\UNO-Final-Project\\src\\controllers\\authController.js": {"path":"C:\\Users\\kaina\\OneDrive\\Documentos\\GitHub\\UNO-Final-Project\\src\\controllers\\authController.js","statementMap":{"0":{"start":{"line":7,"column":15},"end":{"line":7,"column":23}},"1":{"start":{"line":9,"column":0},"end":{"line":9,"column":29}},"2":{"start":{"line":10,"column":0},"end":{"line":10,"column":52}},"3":{"start":{"line":11,"column":0},"end":{"line":11,"column":47}}},"fnMap":{},"branchMap":{},"s":{"0":33,"1":33,"2":33,"3":33},"f":{},"b":{},"inputSourceMap":null,"_coverageSchema":"1a1c01bbd47fc00a2c39e90264f33305004495a9","hash":"f596557231953064b3b6a9712b0ea3617298bf4c"}
,"C:\\Users\\kaina\\OneDrive\\Documentos\\GitHub\\UNO-Final-Project\\src\\controllers\\cardController.js": {"path":"C:\\Users\\kaina\\OneDrive\\Documentos\\GitHub\\UNO-Final-Project\\src\\controllers\\cardController.js","statementMap":{"0":{"start":{"line":10,"column":15},"end":{"line":10,"column":23}},"1":{"start":{"line":12,"column":0},"end":{"line":12,"column":34}},"2":{"start":{"line":13,"column":0},"end":{"line":13,"column":53}},"3":{"start":{"line":14,"column":0},"end":{"line":14,"column":53}},"4":{"start":{"line":15,"column":0},"end":{"line":15,"column":34}},"5":{"start":{"line":16,"column":0},"end":{"line":16,"column":37}},"6":{"start":{"line":17,"column":0},"end":{"line":17,"column":40}}},"fnMap":{},"branchMap":{},"s":{"0":33,"1":33,"2":33,"3":33,"4":33,"5":33,"6":33},"f":{},"b":{},"inputSourceMap":null,"_coverageSchema":"1a1c01bbd47fc00a2c39e90264f33305004495a9","hash":"b038eb4df5303411475108b4fdf6baa5096d6683"}
,"C:\\Users\\kaina\\OneDrive\\Documentos\\GitHub\\UNO-Final-Project\\src\\controllers\\gameController.js": {"path":"C:\\Users\\kaina\\OneDrive\\Documentos\\GitHub\\UNO-Final-Project\\src\\controllers\\gameController.js","statementMap":{"0":{"start":{"line":23,"column":15},"end":{"line":23,"column":23}},"1":{"start":{"line":25,"column":0},"end":{"line":25,"column":51}},"2":{"start":{"line":26,"column":0},"end":{"line":26,"column":34}},"3":{"start":{"line":27,"column":0},"end":{"line":27,"column":53}},"4":{"start":{"line":28,"column":0},"end":{"line":28,"column":56}},"5":{"start":{"line":29,"column":0},"end":{"line":29,"column":52}},"6":{"start":{"line":30,"column":0},"end":{"line":30,"column":53}},"7":{"start":{"line":31,"column":0},"end":{"line":31,"column":54}},"8":{"start":{"line":32,"column":0},"end":{"line":32,"column":54}},"9":{"start":{"line":33,"column":0},"end":{"line":33,"column":50}},"10":{"start":{"line":34,"column":0},"end":{"line":34,"column":46}},"11":{"start":{"line":35,"column":0},"end":{"line":35,"column":49}},"12":{"start":{"line":36,"column":0},"end":{"line":36,"column":67}},"13":{"start":{"line":37,"column":0},"end":{"line":37,"column":43}},"14":{"start":{"line":38,"column":0},"end":{"line":38,"column":46}},"15":{"start":{"line":39,"column":0},"end":{"line":39,"column":52}},"16":{"start":{"line":40,"column":0},"end":{"line":40,"column":40}},"17":{"start":{"line":41,"column":0},"end":{"line":41,"column":48}},"18":{"start":{"line":42,"column":0},"end":{"line":42,"column":50}},"19":{"start":{"line":43,"column":0},"end":{"line":43,"column":40}},"20":{"start":{"line":44,"column":0},"end":{"line":44,"column":57}}},"fnMap":{},"branchMap":{},"s":{"0":33,"1":33,"2":33,"3":33,"4":33,"5":33,"6":33,"7":33,"8":33,"9":33,"10":33,"11":33,"12":33,"13":33,"14":33,"15":33,"16":33,"17":33,"18":33,"19":33,"20":33},"f":{},"b":{},"inputSourceMap":null,"_coverageSchema":"1a1c01bbd47fc00a2c39e90264f33305004495a9","hash":"8d19f3ff1adc9874f32b89cedf448007bdd2ef18"}
,"C:\\Users\\kaina\\OneDrive\\Documentos\\GitHub\\UNO-Final-Project\\src\\controllers\\playerController.js": {"path":"C:\\Users\\kaina\\OneDrive\\Documentos\\GitHub\\UNO-Final-Project\\src\\controllers\\playerController.js","statementMap":{"0":{"start":{"line":8,"column":15},"end":{"line":8,"column":23}},"1":{"start":{"line":10,"column":0},"end":{"line":10,"column":37}},"2":{"start":{"line":11,"column":0},"end":{"line":11,"column":37}},"3":{"start":{"line":12,"column":0},"end":{"line":12,"column":56}},"4":{"start":{"line":13,"column":0},"end":{"line":13,"column":59}}},"fnMap":{},"branchMap":{},"s":{"0":33,"1":33,"2":33,"3":33,"4":33},"f":{},"b":{},"inputSourceMap":null,"_coverageSchema":"1a1c01bbd47fc00a2c39e90264f33305004495a9","hash":"3a86e21dc6e79997383807e866868b91ecf02868"}
,"C:\\Users\\kaina\\OneDrive\\Documentos\\GitHub\\UNO-Final-Project\\src\\controllers\\scoreController.js": {"path":"C:\\Users\\kaina\\OneDrive\\Documentos\\GitHub\\UNO-Final-Project\\src\\controllers\\scoreController.js","statementMap":{"0":{"start":{"line":8,"column":15},"end":{"line":8,"column":31}},"1":{"start":{"line":10,"column":0},"end":{"line":10,"column":35}},"2":{"start":{"line":11,"column":0},"end":{"line":11,"column":35}},"3":{"start":{"line":12,"column":0},"end":{"line":12,"column":38}},"4":{"start":{"line":13,"column":0},"end":{"line":13,"column":41}},"5":{"start":{"line":14,"column":0},"end":{"line":14,"column":38}}},"fnMap":{},"branchMap":{},"s":{"0":33,"1":33,"2":33,"3":33,"4":33,"5":33},"f":{},"b":{},"inputSourceMap":null,"_coverageSchema":"1a1c01bbd47fc00a2c39e90264f33305004495a9","hash":"0f2416968c45d9e9cfc85904b49fdce86e524614"}
,"C:\\Users\\kaina\\OneDrive\\Documentos\\GitHub\\UNO-Final-Project\\src\\middleware\\authenticate.js": {"path":"C:\\Users\\kaina\\OneDrive\\Documentos\\GitHub\\UNO-Final-Project\\src\\middleware\\authenticate.js","statementMap":{"0":{"start":{"line":3,"column":30},"end":{"line":18,"column":1}},"1":{"start":{"line":4,"column":27},"end":{"line":4,"column":35}},"2":{"start":{"line":6,"column":2},"end":{"line":8,"column":3}},"3":{"start":{"line":7,"column":4},"end":{"line":7,"column":66}},"4":{"start":{"line":10,"column":2},"end":{"line":17,"column":3}},"5":{"start":{"line":11,"column":17},"end":{"line":11,"column":48}},"6":{"start":{"line":12,"column":4},"end":{"line":12,"column":20}},"7":{"start":{"line":14,"column":4},"end":{"line":14,"column":11}},"8":{"start":{"line":16,"column":4},"end":{"line":16,"column":16}}},"fnMap":{"0":{"name":"(anonymous_0)","decl":{"start":{"line":3,"column":30},"end":{"line":3,"column":31}},"loc":{"start":{"line":3,"column":56},"end":{"line":18,"column":1}},"line":3}},"branchMap":{"0":{"loc":{"start":{"line":6,"column":2},"end":{"line":8,"column":3}},"type":"if","locations":[{"start":{"line":6,"column":2},"end":{"line":8,"column":3}},{"start":{},"end":{}}],"line":6}},"s":{"0":33,"1":90,"2":90,"3":8,"4":82,"5":82,"6":79,"7":79,"8":3},"f":{"0":90},"b":{"0":[8,82]},"inputSourceMap":null,"_coverageSchema":"1a1c01bbd47fc00a2c39e90264f33305004495a9","hash":"04576c0762dbef71b759735082b755587536f99a"}
,"C:\\Users\\kaina\\OneDrive\\Documentos\\GitHub\\UNO-Final-Project\\src\\middleware\\errorHandler.js": {"path":"C:\\Users\\kaina\\OneDrive\\Documentos\\GitHub\\UNO-Final-Project\\src\\middleware\\errorHandler.js","statementMap":{"0":{"start":{"line":3,"column":21},"end":{"line":21,"column":1}},"1":{"start":{"line":4,"column":2},"end":{"line":10,"column":5}},"2":{"start":{"line":12,"column":21},"end":{"line":12,"column":36}},"3":{"start":{"line":13,"column":2},"end":{"line":13,"column":50}},"4":{"start":{"line":13,"column":25},"end":{"line":13,"column":50}},"5":{"start":{"line":14,"column":18},"end":{"line":16,"column":3}},"6":{"start":{"line":18,"column":2},"end":{"line":20,"column":5}}},"fnMap":{"0":{"name":"(anonymous_0)","decl":{"start":{"line":3,"column":21},"end":{"line":3,"column":22}},"loc":{"start":{"line":3,"column":46},"end":{"line":21,"column":1}},"line":3}},"branchMap":{"0":{"loc":{"start":{"line":12,"column":21},"end":{"line":12,"column":36}},"type":"binary-expr","locations":[{"start":{"line":12,"column":21},"end":{"line":12,"column":29}},{"start":{"line":12,"column":33},"end":{"line":12,"column":36}}],"line":12},"1":{"loc":{"start":{"line":13,"column":2},"end":{"line":13,"column":50}},"type":"if","locations":[{"start":{"line":13,"column":2},"end":{"line":13,"column":50}},{"start":{},"end":{}}],"line":13},"2":{"loc":{"start":{"line":14,"column":18},"end":{"line":16,"column":3}},"type":"binary-expr","locations":[{"start":{"line":14,"column":18},"end":{"line":14,"column":29}},{"start":{"line":14,"column":33},"end":{"line":16,"column":3}}],"line":14}},"s":{"0":33,"1":17,"2":17,"3":17,"4":1,"5":17,"6":17},"f":{"0":17},"b":{"0":[17,1],"1":[1,16],"2":[17,0]},"inputSourceMap":null,"_coverageSchema":"1a1c01bbd47fc00a2c39e90264f33305004495a9","hash":"627a8bfe0550788d9b2117f33dbbbacaae94da56"}
,"C:\\Users\\kaina\\OneDrive\\Documentos\\GitHub\\UNO-Final-Project\\src\\models\\blacklistToken.js": {"path":"C:\\Users\\kaina\\OneDrive\\Documentos\\GitHub\\UNO-Final-Project\\src\\models\\blacklistToken.js","statementMap":{"0":{"start":{"line":4,"column":23},"end":{"line":15,"column":2}}},"fnMap":{},"branchMap":{},"s":{"0":34},"f":{},"b":{},"inputSourceMap":null,"_coverageSchema":"1a1c01bbd47fc00a2c39e90264f33305004495a9","hash":"0dae8637f66fbe08fcbbb9cc0ff7980c6e651440"}
,"C:\\Users\\kaina\\OneDrive\\Documentos\\GitHub\\UNO-Final-Project\\src\\models\\card.js": {"path":"C:\\Users\\kaina\\OneDrive\\Documentos\\GitHub\\UNO-Final-Project\\src\\models\\card.js","statementMap":{"0":{"start":{"line":6,"column":13},"end":{"line":49,"column":2}}},"fnMap":{},"branchMap":{},"s":{"0":34},"f":{},"b":{},"inputSourceMap":null,"_coverageSchema":"1a1c01bbd47fc00a2c39e90264f33305004495a9","hash":"05fac6a3d4d86ec05ef79781f36895de1aa82ddc"}
,"C:\\Users\\kaina\\OneDrive\\Documentos\\GitHub\\UNO-Final-Project\\src\\models\\game.js": {"path":"C:\\Users\\kaina\\OneDrive\\Documentos\\GitHub\\UNO-Final-Project\\src\\models\\game.js","statementMap":{"0":{"start":{"line":5,"column":13},"end":{"line":39,"column":2}}},"fnMap":{},"branchMap":{},"s":{"0":36},"f":{},"b":{},"inputSourceMap":null,"_coverageSchema":"1a1c01bbd47fc00a2c39e90264f33305004495a9","hash":"9f6d59fc79482ac06eeb14bc1619d9a6716cea8b"}
,"C:\\Users\\kaina\\OneDrive\\Documentos\\GitHub\\UNO-Final-Project\\src\\models\\gamePlayer.js": {"path":"C:\\Users\\kaina\\OneDrive\\Documentos\\GitHub\\UNO-Final-Project\\src\\models\\gamePlayer.js","statementMap":{"0":{"start":{"line":6,"column":19},"end":{"line":43,"column":2}}},"fnMap":{},"branchMap":{},"s":{"0":34},"f":{},"b":{},"inputSourceMap":null,"_coverageSchema":"1a1c01bbd47fc00a2c39e90264f33305004495a9","hash":"1d4cc1c8e5a026c61c4e4cc419ccf9191399fade"}
,"C:\\Users\\kaina\\OneDrive\\Documentos\\GitHub\\UNO-Final-Project\\src\\models\\history.js": {"path":"C:\\Users\\kaina\\OneDrive\\Documentos\\GitHub\\UNO-Final-Project\\src\\models\\history.js","statementMap":{"0":{"start":{"line":5,"column":16},"end":{"line":26,"column":2}}},"fnMap":{},"branchMap":{},"s":{"0":34},"f":{},"b":{},"inputSourceMap":null,"_coverageSchema":"1a1c01bbd47fc00a2c39e90264f33305004495a9","hash":"a40470f8524629b4b90cf1836cea5449f8cd5977"}
,"C:\\Users\\kaina\\OneDrive\\Documentos\\GitHub\\UNO-Final-Project\\src\\models\\player.js": {"path":"C:\\Users\\kaina\\OneDrive\\Documentos\\GitHub\\UNO-Final-Project\\src\\models\\player.js","statementMap":{"0":{"start":{"line":4,"column":15},"end":{"line":24,"column":2}}},"fnMap":{},"branchMap":{},"s":{"0":38},"f":{},"b":{},"inputSourceMap":null,"_coverageSchema":"1a1c01bbd47fc00a2c39e90264f33305004495a9","hash":"91a7a38291b5439c712cc07bc921e42e5b649b89"}
,"C:\\Users\\kaina\\OneDrive\\Documentos\\GitHub\\UNO-Final-Project\\src\\routes\\index.js": {"path":"C:\\Users\\kaina\\OneDrive\\Documentos\\GitHub\\UNO-Final-Project\\src\\routes\\index.js","statementMap":{"0":{"start":{"line":8,"column":15},"end":{"line":8,"column":23}},"1":{"start":{"line":10,"column":0},"end":{"line":10,"column":23}},"2":{"start":{"line":11,"column":0},"end":{"line":11,"column":25}},"3":{"start":{"line":12,"column":0},"end":{"line":12,"column":24}},"4":{"start":{"line":13,"column":0},"end":{"line":13,"column":23}},"5":{"start":{"line":14,"column":0},"end":{"line":14,"column":23}}},"fnMap":{},"branchMap":{},"s":{"0":33,"1":33,"2":33,"3":33,"4":33,"5":33},"f":{},"b":{},"inputSourceMap":null,"_coverageSchema":"1a1c01bbd47fc00a2c39e90264f33305004495a9","hash":"5094c4763c89ee6d7b438b4eac296b3e308375f6"}
,"C:\\Users\\kaina\\OneDrive\\Documentos\\GitHub\\UNO-Final-Project\\src\\routes\\auth\\getPerfil.js": {"path":"C:\\Users\\kaina\\OneDrive\\Documentos\\GitHub\\UNO-Final-Project\\src\\routes\\auth\\getPerfil.js","statementMap":{"0":{"start":{"line":1,"column":25},"end":{"line":12,"column":1}},"1":{"start":{"line":2,"column":2},"end":{"line":11,"column":3}},"2":{"start":{"line":3,"column":32},"end":{"line":3,"column":40}},"3":{"start":{"line":5,"column":4},"end":{"line":8,"column":7}},"4":{"start":{"line":10,"column":4},"end":{"line":10,"column":16}}},"fnMap":{"0":{"name":"(anonymous_0)","decl":{"start":{"line":1,"column":25},"end":{"line":1,"column":26}},"loc":{"start":{"line":1,"column":45},"end":{"line":12,"column":1}},"line":1}},"branchMap":{},"s":{"0":33,"1":1,"2":1,"3":1,"4":0},"f":{"0":1},"b":{},"inputSourceMap":null,"_coverageSchema":"1a1c01bbd47fc00a2c39e90264f33305004495a9","hash":"a15358b3053b17408d7b57e70f4db65fd5513a3c"}
,"C:\\Users\\kaina\\OneDrive\\Documentos\\GitHub\\UNO-Final-Project\\src\\routes\\auth\\login.js": {"path":"C:\\Users\\kaina\\OneDrive\\Documentos\\GitHub\\UNO-Final-Project\\src\\routes\\auth\\login.js","statementMap":{"0":{"start":{"line":7,"column":21},"end":{"line":19,"column":1}},"1":{"start":{"line":8,"column":33},"end":{"line":8,"column":41}},"2":{"start":{"line":9,"column":2},"end":{"line":9,"column":46}},"3":{"start":{"line":11,"column":2},"end":{"line":18,"column":3}},"4":{"start":{"line":12,"column":19},"end":{"line":12,"column":62}},"5":{"start":{"line":13,"column":25},"end":{"line":13,"column":46}},"6":{"start":{"line":15,"column":4},"end":{"line":15,"column":50}},"7":{"start":{"line":17,"column":4},"end":{"line":17,"column":58}}},"fnMap":{"0":{"name":"(anonymous_0)","decl":{"start":{"line":7,"column":21},"end":{"line":7,"column":22}},"loc":{"start":{"line":7,"column":47},"end":{"line":19,"column":1}},"line":7}},"branchMap":{},"s":{"0":33,"1":36,"2":36,"3":36,"4":36,"5":35,"6":35,"7":1},"f":{"0":36},"b":{},"inputSourceMap":null,"_coverageSchema":"1a1c01bbd47fc00a2c39e90264f33305004495a9","hash":"4bb537132a3e1ab446c6ccd486a1628845602541"}
,"C:\\Users\\kaina\\OneDrive\\Documentos\\GitHub\\UNO-Final-Project\\src\\routes\\auth\\logout.js": {"path":"C:\\Users\\kaina\\OneDrive\\Documentos\\GitHub\\UNO-Final-Project\\src\\routes\\auth\\logout.js","statementMap":{"0":{"start":{"line":7,"column":22},"end":{"line":23,"column":1}},"1":{"start":{"line":8,"column":27},"end":{"line":8,"column":35}},"2":{"start":{"line":10,"column":2},"end":{"line":22,"column":3}},"3":{"start":{"line":11,"column":4},"end":{"line":11,"column":38}},"4":{"start":{"line":13,"column":4},"end":{"line":15,"column":5}},"5":{"start":{"line":14,"column":6},"end":{"line":14,"column":74}},"6":{"start":{"line":17,"column":4},"end":{"line":17,"column":39}},"7":{"start":{"line":19,"column":4},"end":{"line":19,"column":77}},"8":{"start":{"line":21,"column":4},"end":{"line":21,"column":16}}},"fnMap":{"0":{"name":"(anonymous_0)","decl":{"start":{"line":7,"column":22},"end":{"line":7,"column":23}},"loc":{"start":{"line":7,"column":48},"end":{"line":23,"column":1}},"line":7}},"branchMap":{"0":{"loc":{"start":{"line":13,"column":4},"end":{"line":15,"column":5}},"type":"if","locations":[{"start":{"line":13,"column":4},"end":{"line":15,"column":5}},{"start":{},"end":{}}],"line":13}},"s":{"0":33,"1":1,"2":1,"3":1,"4":1,"5":0,"6":1,"7":1,"8":0},"f":{"0":1},"b":{"0":[0,1]},"inputSourceMap":null,"_coverageSchema":"1a1c01bbd47fc00a2c39e90264f33305004495a9","hash":"4da9168694a74b418ffcd517e20a5c64917184e6"}
,"C:\\Users\\kaina\\OneDrive\\Documentos\\GitHub\\UNO-Final-Project\\src\\routes\\card\\createCard.js": {"path":"C:\\Users\\kaina\\OneDrive\\Documentos\\GitHub\\UNO-Final-Project\\src\\routes\\card\\createCard.js","statementMap":{"0":{"start":{"line":4,"column":26},"end":{"line":28,"column":1}},"1":{"start":{"line":5,"column":2},"end":{"line":27,"column":3}},"2":{"start":{"line":6,"column":52},"end":{"line":6,"column":60}},"3":{"start":{"line":7,"column":4},"end":{"line":9,"column":5}},"4":{"start":{"line":8,"column":6},"end":{"line":8,"column":65}},"5":{"start":{"line":11,"column":17},"end":{"line":11,"column":44}},"6":{"start":{"line":12,"column":4},"end":{"line":14,"column":5}},"7":{"start":{"line":13,"column":6},"end":{"line":13,"column":65}},"8":{"start":{"line":16,"column":20},"end":{"line":16,"column":78}},"9":{"start":{"line":18,"column":21},"end":{"line":23,"column":5}},"10":{"start":{"line":24,"column":4},"end":{"line":24,"column":35}},"11":{"start":{"line":26,"column":4},"end":{"line":26,"column":16}}},"fnMap":{"0":{"name":"(anonymous_0)","decl":{"start":{"line":4,"column":26},"end":{"line":4,"column":27}},"loc":{"start":{"line":4,"column":52},"end":{"line":28,"column":1}},"line":4}},"branchMap":{"0":{"loc":{"start":{"line":7,"column":4},"end":{"line":9,"column":5}},"type":"if","locations":[{"start":{"line":7,"column":4},"end":{"line":9,"column":5}},{"start":{},"end":{}}],"line":7},"1":{"loc":{"start":{"line":7,"column":8},"end":{"line":7,"column":56}},"type":"binary-expr","locations":[{"start":{"line":7,"column":8},"end":{"line":7,"column":14}},{"start":{"line":7,"column":18},"end":{"line":7,"column":24}},{"start":{"line":7,"column":28},"end":{"line":7,"column":35}},{"start":{"line":7,"column":39},"end":{"line":7,"column":46}},{"start":{"line":7,"column":50},"end":{"line":7,"column":56}}],"line":7},"2":{"loc":{"start":{"line":12,"column":4},"end":{"line":14,"column":5}},"type":"if","locations":[{"start":{"line":12,"column":4},"end":{"line":14,"column":5}},{"start":{},"end":{}}],"line":12},"3":{"loc":{"start":{"line":12,"column":8},"end":{"line":12,"column":36}},"type":"binary-expr","locations":[{"start":{"line":12,"column":8},"end":{"line":12,"column":13}},{"start":{"line":12,"column":17},"end":{"line":12,"column":36}}],"line":12}},"s":{"0":33,"1":3,"2":3,"3":3,"4":1,"5":2,"6":2,"7":1,"8":1,"9":1,"10":1,"11":0},"f":{"0":3},"b":{"0":[1,2],"1":[3,3,3,3,3],"2":[1,1],"3":[2,1]},"inputSourceMap":null,"_coverageSchema":"1a1c01bbd47fc00a2c39e90264f33305004495a9","hash":"37ea6faa795db85cc503609db10349acd44446e0"}
,"C:\\Users\\kaina\\OneDrive\\Documentos\\GitHub\\UNO-Final-Project\\src\\routes\\card\\deleteCard.js": {"path":"C:\\Users\\kaina\\OneDrive\\Documentos\\GitHub\\UNO-Final-Project\\src\\routes\\card\\deleteCard.js","statementMap":{"0":{"start":{"line":3,"column":26},"end":{"line":14,"column":1}},"1":{"start":{"line":4,"column":2},"end":{"line":13,"column":3}},"2":{"start":{"line":5,"column":17},"end":{"line":5,"column":50}},"3":{"start":{"line":6,"column":4},"end":{"line":8,"column":5}},"4":{"start":{"line":7,"column":6},"end":{"line":7,"column":65}},"5":{"start":{"line":9,"column":4},"end":{"line":9,"column":28}},"6":{"start":{"line":10,"column":4},"end":{"line":10,"column":27}},"7":{"start":{"line":12,"column":4},"end":{"line":12,"column":16}}},"fnMap":{"0":{"name":"(anonymous_0)","decl":{"start":{"line":3,"column":26},"end":{"line":3,"column":27}},"loc":{"start":{"line":3,"column":52},"end":{"line":14,"column":1}},"line":3}},"branchMap":{"0":{"loc":{"start":{"line":6,"column":4},"end":{"line":8,"column":5}},"type":"if","locations":[{"start":{"line":6,"column":4},"end":{"line":8,"column":5}},{"start":{},"end":{}}],"line":6},"1":{"loc":{"start":{"line":6,"column":8},"end":{"line":6,"column":35}},"type":"binary-expr","locations":[{"start":{"line":6,"column":8},"end":{"line":6,"column":13}},{"start":{"line":6,"column":17},"end":{"line":6,"column":35}}],"line":6}},"s":{"0":33,"1":2,"2":2,"3":2,"4":1,"5":1,"6":1,"7":0},"f":{"0":2},"b":{"0":[1,1],"1":[2,1]},"inputSourceMap":null,"_coverageSchema":"1a1c01bbd47fc00a2c39e90264f33305004495a9","hash":"6d1fe958f521eef5d5674eb60ee2e6df66dd72e6"}
,"C:\\Users\\kaina\\OneDrive\\Documentos\\GitHub\\UNO-Final-Project\\src\\routes\\card\\drawCard.js": {"path":"C:\\Users\\kaina\\OneDrive\\Documentos\\GitHub\\UNO-Final-Project\\src\\routes\\card\\drawCard.js","statementMap":{"0":{"start":{"line":15,"column":24},"end":{"line":65,"column":1}},"1":{"start":{"line":16,"column":2},"end":{"line":64,"column":3}},"2":{"start":{"line":17,"column":24},"end":{"line":17,"column":32}},"3":{"start":{"line":19,"column":4},"end":{"line":19,"column":37}},"4":{"start":{"line":21,"column":17},"end":{"line":21,"column":25}},"5":{"start":{"line":22,"column":17},"end":{"line":22,"column":44}},"6":{"start":{"line":23,"column":4},"end":{"line":25,"column":5}},"7":{"start":{"line":24,"column":6},"end":{"line":24,"column":65}},"8":{"start":{"line":27,"column":4},"end":{"line":31,"column":5}},"9":{"start":{"line":28,"column":6},"end":{"line":30,"column":61}},"10":{"start":{"line":33,"column":17},"end":{"line":33,"column":49}},"11":{"start":{"line":35,"column":4},"end":{"line":39,"column":5}},"12":{"start":{"line":36,"column":6},"end":{"line":38,"column":66}},"13":{"start":{"line":41,"column":4},"end":{"line":41,"column":47}},"14":{"start":{"line":43,"column":23},"end":{"line":43,"column":61}},"15":{"start":{"line":44,"column":4},"end":{"line":44,"column":57}},"16":{"start":{"line":45,"column":4},"end":{"line":45,"column":38}},"17":{"start":{"line":47,"column":20},"end":{"line":47,"column":47}},"18":{"start":{"line":48,"column":4},"end":{"line":50,"column":5}},"19":{"start":{"line":49,"column":6},"end":{"line":49,"column":53}},"20":{"start":{"line":52,"column":4},"end":{"line":56,"column":6}},"21":{"start":{"line":58,"column":4},"end":{"line":61,"column":7}},"22":{"start":{"line":63,"column":4},"end":{"line":63,"column":16}}},"fnMap":{"0":{"name":"(anonymous_0)","decl":{"start":{"line":15,"column":24},"end":{"line":15,"column":25}},"loc":{"start":{"line":15,"column":50},"end":{"line":65,"column":1}},"line":15}},"branchMap":{"0":{"loc":{"start":{"line":23,"column":4},"end":{"line":25,"column":5}},"type":"if","locations":[{"start":{"line":23,"column":4},"end":{"line":25,"column":5}},{"start":{},"end":{}}],"line":23},"1":{"loc":{"start":{"line":23,"column":8},"end":{"line":23,"column":36}},"type":"binary-expr","locations":[{"start":{"line":23,"column":8},"end":{"line":23,"column":13}},{"start":{"line":23,"column":17},"end":{"line":23,"column":36}}],"line":23},"2":{"loc":{"start":{"line":27,"column":4},"end":{"line":31,"column":5}},"type":"if","locations":[{"start":{"line":27,"column":4},"end":{"line":31,"column":5}},{"start":{},"end":{}}],"line":27},"3":{"loc":{"start":{"line":35,"column":4},"end":{"line":39,"column":5}},"type":"if","locations":[{"start":{"line":35,"column":4},"end":{"line":39,"column":5}},{"start":{},"end":{}}],"line":35},"4":{"loc":{"start":{"line":48,"column":4},"end":{"line":50,"column":5}},"type":"if","locations":[{"start":{"line":48,"column":4},"end":{"line":50,"column":5}},{"start":{},"end":{}}],"line":48}},"s":{"0":33,"1":3,"2":3,"3":3,"4":3,"5":3,"6":3,"7":0,"8":3,"9":1,"10":2,"11":2,"12":1,"13":1,"14":1,"15":1,"16":1,"17":1,"18":1,"19":0,"20":1,"21":1,"22":0},"f":{"0":3},"b":{"0":[0,3],"1":[3,3],"2":[1,2],"3":[1,1],"4":[0,1]},"inputSourceMap":null,"_coverageSchema":"1a1c01bbd47fc00a2c39e90264f33305004495a9","hash":"3fcf24018b5ca0791edfe2fd5a785bb571842e32"}
,"C:\\Users\\kaina\\OneDrive\\Documentos\\GitHub\\UNO-Final-Project\\src\\routes\\card\\getCard.js": {"path":"C:\\Users\\kaina\\OneDrive\\Documentos\\GitHub\\UNO-Final-Project\\src\\routes\\card\\getCard.js","statementMap":{"0":{"start":{"line":3,"column":23},"end":{"line":21,"column":1}},"1":{"start":{"line":4,"column":2},"end":{"line":20,"column":3}},"2":{"start":{"line":5,"column":17},"end":{"line":5,"column":50}},"3":{"start":{"line":6,"column":4},"end":{"line":8,"column":5}},"4":{"start":{"line":7,"column":6},"end":{"line":7,"column":65}},"5":{"start":{"line":9,"column":21},"end":{"line":16,"column":5}},"6":{"start":{"line":17,"column":4},"end":{"line":17,"column":35}},"7":{"start":{"line":19,"column":4},"end":{"line":19,"column":16}}},"fnMap":{"0":{"name":"(anonymous_0)","decl":{"start":{"line":3,"column":23},"end":{"line":3,"column":24}},"loc":{"start":{"line":3,"column":49},"end":{"line":21,"column":1}},"line":3}},"branchMap":{"0":{"loc":{"start":{"line":6,"column":4},"end":{"line":8,"column":5}},"type":"if","locations":[{"start":{"line":6,"column":4},"end":{"line":8,"column":5}},{"start":{},"end":{}}],"line":6},"1":{"loc":{"start":{"line":6,"column":8},"end":{"line":6,"column":35}},"type":"binary-expr","locations":[{"start":{"line":6,"column":8},"end":{"line":6,"column":13}},{"start":{"line":6,"column":17},"end":{"line":6,"column":35}}],"line":6}},"s":{"0":33,"1":3,"2":3,"3":3,"4":2,"5":1,"6":1,"7":0},"f":{"0":3},"b":{"0":[2,1],"1":[3,2]},"inputSourceMap":null,"_coverageSchema":"1a1c01bbd47fc00a2c39e90264f33305004495a9","hash":"18d2d12c9b5cf90941756f8fccbb13997ceaa01e"}
,"C:\\Users\\kaina\\OneDrive\\Documentos\\GitHub\\UNO-Final-Project\\src\\routes\\card\\playCard.js": {"path":"C:\\Users\\kaina\\OneDrive\\Documentos\\GitHub\\UNO-Final-Project\\src\\routes\\card\\playCard.js","statementMap":{"0":{"start":{"line":18,"column":24},"end":{"line":116,"column":1}},"1":{"start":{"line":19,"column":2},"end":{"line":115,"column":3}},"2":{"start":{"line":20,"column":33},"end":{"line":20,"column":41}},"3":{"start":{"line":21,"column":4},"end":{"line":21,"column":46}},"4":{"start":{"line":23,"column":17},"end":{"line":23,"column":25}},"5":{"start":{"line":24,"column":17},"end":{"line":24,"column":44}},"6":{"start":{"line":25,"column":4},"end":{"line":27,"column":5}},"7":{"start":{"line":26,"column":6},"end":{"line":26,"column":65}},"8":{"start":{"line":29,"column":4},"end":{"line":33,"column":5}},"9":{"start":{"line":30,"column":6},"end":{"line":32,"column":61}},"10":{"start":{"line":35,"column":17},"end":{"line":35,"column":44}},"11":{"start":{"line":36,"column":4},"end":{"line":38,"column":5}},"12":{"start":{"line":37,"column":6},"end":{"line":37,"column":65}},"13":{"start":{"line":40,"column":4},"end":{"line":42,"column":5}},"14":{"start":{"line":41,"column":6},"end":{"line":41,"column":77}},"15":{"start":{"line":44,"column":4},"end":{"line":48,"column":5}},"16":{"start":{"line":45,"column":6},"end":{"line":47,"column":61}},"17":{"start":{"line":50,"column":4},"end":{"line":52,"column":5}},"18":{"start":{"line":51,"column":6},"end":{"line":51,"column":73}},"19":{"start":{"line":54,"column":25},"end":{"line":54,"column":62}},"20":{"start":{"line":56,"column":27},"end":{"line":56,"column":62}},"21":{"start":{"line":58,"column":4},"end":{"line":74,"column":5}},"22":{"start":{"line":62,"column":26},"end":{"line":67,"column":8}},"23":{"start":{"line":68,"column":26},"end":{"line":68,"column":90}},"24":{"start":{"line":70,"column":6},"end":{"line":73,"column":9}},"25":{"start":{"line":76,"column":4},"end":{"line":76,"column":72}},"26":{"start":{"line":78,"column":23},"end":{"line":78,"column":56}},"27":{"start":{"line":80,"column":4},"end":{"line":80,"column":52}},"28":{"start":{"line":82,"column":17},"end":{"line":82,"column":51}},"29":{"start":{"line":84,"column":4},"end":{"line":103,"column":5}},"30":{"start":{"line":85,"column":6},"end":{"line":87,"column":9}},"31":{"start":{"line":89,"column":26},"end":{"line":89,"column":57}},"32":{"start":{"line":90,"column":6},"end":{"line":94,"column":7}},"33":{"start":{"line":91,"column":8},"end":{"line":93,"column":62}},"34":{"start":{"line":96,"column":21},"end":{"line":96,"column":55}},"35":{"start":{"line":98,"column":6},"end":{"line":102,"column":9}},"36":{"start":{"line":104,"column":4},"end":{"line":108,"column":6}},"37":{"start":{"line":109,"column":4},"end":{"line":112,"column":7}},"38":{"start":{"line":114,"column":4},"end":{"line":114,"column":16}},"39":{"start":{"line":123,"column":85},"end":{"line":123,"column":39648}},"40":{"start":{"line":123,"column":89},"end":{"line":123,"column":39637}}},"fnMap":{"0":{"name":"(anonymous_0)","decl":{"start":{"line":18,"column":24},"end":{"line":18,"column":25}},"loc":{"start":{"line":18,"column":50},"end":{"line":116,"column":1}},"line":18},"1":{"name":"oo_cm","decl":{"start":{"line":123,"column":77},"end":{"line":123,"column":82}},"loc":{"start":{"line":123,"column":84},"end":{"line":123,"column":39649}},"line":123}},"branchMap":{"0":{"loc":{"start":{"line":25,"column":4},"end":{"line":27,"column":5}},"type":"if","locations":[{"start":{"line":25,"column":4},"end":{"line":27,"column":5}},{"start":{},"end":{}}],"line":25},"1":{"loc":{"start":{"line":25,"column":8},"end":{"line":25,"column":36}},"type":"binary-expr","locations":[{"start":{"line":25,"column":8},"end":{"line":25,"column":13}},{"start":{"line":25,"column":17},"end":{"line":25,"column":36}}],"line":25},"2":{"loc":{"start":{"line":29,"column":4},"end":{"line":33,"column":5}},"type":"if","locations":[{"start":{"line":29,"column":4},"end":{"line":33,"column":5}},{"start":{},"end":{}}],"line":29},"3":{"loc":{"start":{"line":36,"column":4},"end":{"line":38,"column":5}},"type":"if","locations":[{"start":{"line":36,"column":4},"end":{"line":38,"column":5}},{"start":{},"end":{}}],"line":36},"4":{"loc":{"start":{"line":36,"column":8},"end":{"line":36,"column":36}},"type":"binary-expr","locations":[{"start":{"line":36,"column":8},"end":{"line":36,"column":13}},{"start":{"line":36,"column":17},"end":{"line":36,"column":36}}],"line":36},"5":{"loc":{"start":{"line":40,"column":4},"end":{"line":42,"column":5}},"type":"if","locations":[{"start":{"line":40,"column":4},"end":{"line":42,"column":5}},{"start":{},"end":{}}],"line":40},"6":{"loc":{"start":{"line":44,"column":4},"end":{"line":48,"column":5}},"type":"if","locations":[{"start":{"line":44,"column":4},"end":{"line":48,"column":5}},{"start":{},"end":{}}],"line":44},"7":{"loc":{"start":{"line":50,"column":4},"end":{"line":52,"column":5}},"type":"if","locations":[{"start":{"line":50,"column":4},"end":{"line":52,"column":5}},{"start":{},"end":{}}],"line":50},"8":{"loc":{"start":{"line":58,"column":4},"end":{"line":74,"column":5}},"type":"if","locations":[{"start":{"line":58,"column":4},"end":{"line":74,"column":5}},{"start":{},"end":{}}],"line":58},"9":{"loc":{"start":{"line":59,"column":6},"end":{"line":60,"column":41}},"type":"binary-expr","locations":[{"start":{"line":59,"column":6},"end":{"line":59,"column":41}},{"start":{"line":60,"column":6},"end":{"line":60,"column":41}}],"line":59},"10":{"loc":{"start":{"line":76,"column":33},"end":{"line":76,"column":65}},"type":"binary-expr","locations":[{"start":{"line":76,"column":33},"end":{"line":76,"column":60}},{"start":{"line":76,"column":64},"end":{"line":76,"column":65}}],"line":76},"11":{"loc":{"start":{"line":84,"column":4},"end":{"line":103,"column":5}},"type":"if","locations":[{"start":{"line":84,"column":4},"end":{"line":103,"column":5}},{"start":{},"end":{}}],"line":84},"12":{"loc":{"start":{"line":90,"column":6},"end":{"line":94,"column":7}},"type":"if","locations":[{"start":{"line":90,"column":6},"end":{"line":94,"column":7}},{"start":{},"end":{}}],"line":90},"13":{"loc":{"start":{"line":123,"column":96},"end":{"line":123,"column":39636}},"type":"binary-expr","locations":[{"start":{"line":123,"column":96},"end":{"line":123,"column":133}},{"start":{"line":123,"column":137},"end":{"line":123,"column":39636}}],"line":123}},"s":{"0":33,"1":5,"2":5,"3":5,"4":5,"5":5,"6":5,"7":1,"8":4,"9":1,"10":3,"11":3,"12":1,"13":2,"14":0,"15":2,"16":1,"17":1,"18":1,"19":0,"20":0,"21":0,"22":0,"23":0,"24":0,"25":0,"26":0,"27":0,"28":0,"29":0,"30":0,"31":0,"32":0,"33":0,"34":0,"35":0,"36":0,"37":0,"38":0,"39":0,"40":0},"f":{"0":5,"1":0},"b":{"0":[1,4],"1":[5,4],"2":[1,3],"3":[1,2],"4":[3,2],"5":[0,2],"6":[1,1],"7":[1,0],"8":[0,0],"9":[0,0],"10":[0,0],"11":[0,0],"12":[0,0],"13":[0,0]},"inputSourceMap":null,"_coverageSchema":"1a1c01bbd47fc00a2c39e90264f33305004495a9","hash":"a17f8f162a0b1d43ccfe87e0ab3a9c62581d6df8"}
,"C:\\Users\\kaina\\OneDrive\\Documentos\\GitHub\\UNO-Final-Project\\src\\routes\\card\\updateCard.js": {"path":"C:\\Users\\kaina\\OneDrive\\Documentos\\GitHub\\UNO-Final-Project\\src\\routes\\card\\updateCard.js","statementMap":{"0":{"start":{"line":4,"column":26},"end":{"line":24,"column":1}},"1":{"start":{"line":5,"column":2},"end":{"line":23,"column":3}},"2":{"start":{"line":6,"column":17},"end":{"line":6,"column":50}},"3":{"start":{"line":7,"column":4},"end":{"line":9,"column":5}},"4":{"start":{"line":8,"column":6},"end":{"line":8,"column":65}},"5":{"start":{"line":10,"column":37},"end":{"line":10,"column":45}},"6":{"start":{"line":11,"column":4},"end":{"line":11,"column":50}},"7":{"start":{"line":13,"column":24},"end":{"line":13,"column":79}},"8":{"start":{"line":14,"column":21},"end":{"line":19,"column":5}},"9":{"start":{"line":20,"column":4},"end":{"line":20,"column":35}},"10":{"start":{"line":22,"column":4},"end":{"line":22,"column":16}}},"fnMap":{"0":{"name":"(anonymous_0)","decl":{"start":{"line":4,"column":26},"end":{"line":4,"column":27}},"loc":{"start":{"line":4,"column":52},"end":{"line":24,"column":1}},"line":4}},"branchMap":{"0":{"loc":{"start":{"line":7,"column":4},"end":{"line":9,"column":5}},"type":"if","locations":[{"start":{"line":7,"column":4},"end":{"line":9,"column":5}},{"start":{},"end":{}}],"line":7},"1":{"loc":{"start":{"line":7,"column":8},"end":{"line":7,"column":35}},"type":"binary-expr","locations":[{"start":{"line":7,"column":8},"end":{"line":7,"column":13}},{"start":{"line":7,"column":17},"end":{"line":7,"column":35}}],"line":7}},"s":{"0":33,"1":4,"2":4,"3":4,"4":2,"5":2,"6":2,"7":2,"8":2,"9":2,"10":1},"f":{"0":4},"b":{"0":[2,2],"1":[4,3]},"inputSourceMap":null,"_coverageSchema":"1a1c01bbd47fc00a2c39e90264f33305004495a9","hash":"cb6fbb9fc16a1ba43691b094b673eb062e9f3331"}
,"C:\\Users\\kaina\\OneDrive\\Documentos\\GitHub\\UNO-Final-Project\\src\\routes\\game\\challengePlayer.js": {"path":"C:\\Users\\kaina\\OneDrive\\Documentos\\GitHub\\UNO-Final-Project\\src\\routes\\game\\challengePlayer.js","statementMap":{"0":{"start":{"line":14,"column":31},"end":{"line":71,"column":1}},"1":{"start":{"line":15,"column":2},"end":{"line":70,"column":3}},"2":{"start":{"line":16,"column":41},"end":{"line":16,"column":49}},"3":{"start":{"line":17,"column":4},"end":{"line":17,"column":54}},"4":{"start":{"line":19,"column":17},"end":{"line":19,"column":25}},"5":{"start":{"line":20,"column":17},"end":{"line":20,"column":44}},"6":{"start":{"line":22,"column":4},"end":{"line":24,"column":5}},"7":{"start":{"line":23,"column":6},"end":{"line":23,"column":65}},"8":{"start":{"line":25,"column":29},"end":{"line":25,"column":77}},"9":{"start":{"line":27,"column":23},"end":{"line":27,"column":73}},"10":{"start":{"line":28,"column":4},"end":{"line":30,"column":5}},"11":{"start":{"line":29,"column":6},"end":{"line":29,"column":74}},"12":{"start":{"line":32,"column":23},"end":{"line":32,"column":69}},"13":{"start":{"line":34,"column":4},"end":{"line":39,"column":5}},"14":{"start":{"line":35,"column":6},"end":{"line":38,"column":9}},"15":{"start":{"line":41,"column":4},"end":{"line":67,"column":5}},"16":{"start":{"line":42,"column":20},"end":{"line":42,"column":52}},"17":{"start":{"line":43,"column":6},"end":{"line":47,"column":7}},"18":{"start":{"line":44,"column":8},"end":{"line":46,"column":68}},"19":{"start":{"line":48,"column":6},"end":{"line":48,"column":62}},"20":{"start":{"line":50,"column":20},"end":{"line":50,"column":52}},"21":{"start":{"line":51,"column":6},"end":{"line":55,"column":7}},"22":{"start":{"line":52,"column":8},"end":{"line":54,"column":68}},"23":{"start":{"line":56,"column":6},"end":{"line":56,"column":62}},"24":{"start":{"line":57,"column":25},"end":{"line":57,"column":65}},"25":{"start":{"line":59,"column":6},"end":{"line":62,"column":9}},"26":{"start":{"line":64,"column":6},"end":{"line":66,"column":9}},"27":{"start":{"line":69,"column":4},"end":{"line":69,"column":16}}},"fnMap":{"0":{"name":"(anonymous_0)","decl":{"start":{"line":14,"column":31},"end":{"line":14,"column":32}},"loc":{"start":{"line":14,"column":57},"end":{"line":71,"column":1}},"line":14}},"branchMap":{"0":{"loc":{"start":{"line":22,"column":4},"end":{"line":24,"column":5}},"type":"if","locations":[{"start":{"line":22,"column":4},"end":{"line":24,"column":5}},{"start":{},"end":{}}],"line":22},"1":{"loc":{"start":{"line":22,"column":8},"end":{"line":22,"column":36}},"type":"binary-expr","locations":[{"start":{"line":22,"column":8},"end":{"line":22,"column":13}},{"start":{"line":22,"column":17},"end":{"line":22,"column":36}}],"line":22},"2":{"loc":{"start":{"line":28,"column":4},"end":{"line":30,"column":5}},"type":"if","locations":[{"start":{"line":28,"column":4},"end":{"line":30,"column":5}},{"start":{},"end":{}}],"line":28},"3":{"loc":{"start":{"line":28,"column":8},"end":{"line":28,"column":48}},"type":"binary-expr","locations":[{"start":{"line":28,"column":8},"end":{"line":28,"column":19}},{"start":{"line":28,"column":23},"end":{"line":28,"column":48}}],"line":28},"4":{"loc":{"start":{"line":34,"column":4},"end":{"line":39,"column":5}},"type":"if","locations":[{"start":{"line":34,"column":4},"end":{"line":39,"column":5}},{"start":{},"end":{}}],"line":34},"5":{"loc":{"start":{"line":41,"column":4},"end":{"line":67,"column":5}},"type":"if","locations":[{"start":{"line":41,"column":4},"end":{"line":67,"column":5}},{"start":{"line":63,"column":11},"end":{"line":67,"column":5}}],"line":41},"6":{"loc":{"start":{"line":41,"column":8},"end":{"line":41,"column":59}},"type":"binary-expr","locations":[{"start":{"line":41,"column":8},"end":{"line":41,"column":32}},{"start":{"line":41,"column":36},"end":{"line":41,"column":59}}],"line":41},"7":{"loc":{"start":{"line":43,"column":6},"end":{"line":47,"column":7}},"type":"if","locations":[{"start":{"line":43,"column":6},"end":{"line":47,"column":7}},{"start":{},"end":{}}],"line":43},"8":{"loc":{"start":{"line":51,"column":6},"end":{"line":55,"column":7}},"type":"if","locations":[{"start":{"line":51,"column":6},"end":{"line":55,"column":7}},{"start":{},"end":{}}],"line":51}},"s":{"0":33,"1":4,"2":4,"3":4,"4":4,"5":4,"6":4,"7":2,"8":2,"9":2,"10":2,"11":0,"12":2,"13":2,"14":0,"15":2,"16":1,"17":1,"18":0,"19":1,"20":1,"21":1,"22":0,"23":1,"24":1,"25":1,"26":1,"27":1},"f":{"0":4},"b":{"0":[2,2],"1":[4,2],"2":[0,2],"3":[2,2],"4":[0,2],"5":[1,1],"6":[2,1],"7":[0,1],"8":[0,1]},"inputSourceMap":null,"_coverageSchema":"1a1c01bbd47fc00a2c39e90264f33305004495a9","hash":"855629603f650cc125247fbd1f73a22af6809f4d"}
,"C:\\Users\\kaina\\OneDrive\\Documentos\\GitHub\\UNO-Final-Project\\src\\routes\\game\\createGame.js": {"path":"C:\\Users\\kaina\\OneDrive\\Documentos\\GitHub\\UNO-Final-Project\\src\\routes\\game\\createGame.js","statementMap":{"0":{"start":{"line":4,"column":26},"end":{"line":22,"column":1}},"1":{"start":{"line":5,"column":2},"end":{"line":21,"column":3}},"2":{"start":{"line":6,"column":40},"end":{"line":6,"column":48}},"3":{"start":{"line":8,"column":4},"end":{"line":10,"column":5}},"4":{"start":{"line":9,"column":6},"end":{"line":9,"column":65}},"5":{"start":{"line":12,"column":17},"end":{"line":12,"column":25}},"6":{"start":{"line":13,"column":20},"end":{"line":13,"column":79}},"7":{"start":{"line":14,"column":4},"end":{"line":14,"column":48}},"8":{"start":{"line":16,"column":4},"end":{"line":18,"column":75}},"9":{"start":{"line":20,"column":4},"end":{"line":20,"column":16}}},"fnMap":{"0":{"name":"(anonymous_0)","decl":{"start":{"line":4,"column":26},"end":{"line":4,"column":27}},"loc":{"start":{"line":4,"column":52},"end":{"line":22,"column":1}},"line":4}},"branchMap":{"0":{"loc":{"start":{"line":8,"column":4},"end":{"line":10,"column":5}},"type":"if","locations":[{"start":{"line":8,"column":4},"end":{"line":10,"column":5}},{"start":{},"end":{}}],"line":8},"1":{"loc":{"start":{"line":8,"column":8},"end":{"line":8,"column":40}},"type":"binary-expr","locations":[{"start":{"line":8,"column":9},"end":{"line":8,"column":15}},{"start":{"line":8,"column":19},"end":{"line":8,"column":24}},{"start":{"line":8,"column":29},"end":{"line":8,"column":40}}],"line":8},"2":{"loc":{"start":{"line":13,"column":44},"end":{"line":13,"column":57}},"type":"binary-expr","locations":[{"start":{"line":13,"column":44},"end":{"line":13,"column":48}},{"start":{"line":13,"column":52},"end":{"line":13,"column":57}}],"line":13}},"s":{"0":33,"1":14,"2":14,"3":14,"4":0,"5":14,"6":14,"7":14,"8":14,"9":0},"f":{"0":14},"b":{"0":[0,14],"1":[14,0,14],"2":[14,14]},"inputSourceMap":null,"_coverageSchema":"1a1c01bbd47fc00a2c39e90264f33305004495a9","hash":"e78b3c245364d633f9fba79405b22331a556feda"}
,"C:\\Users\\kaina\\OneDrive\\Documentos\\GitHub\\UNO-Final-Project\\src\\routes\\game\\dealCards.js": {"path":"C:\\Users\\kaina\\OneDrive\\Documentos\\GitHub\\UNO-Final-Project\\src\\routes\\game\\dealCards.js","statementMap":{"0":{"start":{"line":9,"column":25},"end":{"line":62,"column":1}},"1":{"start":{"line":10,"column":2},"end":{"line":61,"column":3}},"2":{"start":{"line":11,"column":20},"end":{"line":11,"column":33}},"3":{"start":{"line":12,"column":40},"end":{"line":12,"column":48}},"4":{"start":{"line":14,"column":4},"end":{"line":14,"column":53}},"5":{"start":{"line":16,"column":4},"end":{"line":19,"column":70}},"6":{"start":{"line":17,"column":6},"end":{"line":19,"column":70}},"7":{"start":{"line":20,"column":17},"end":{"line":20,"column":44}},"8":{"start":{"line":21,"column":4},"end":{"line":23,"column":5}},"9":{"start":{"line":22,"column":6},"end":{"line":22,"column":65}},"10":{"start":{"line":25,"column":25},"end":{"line":25,"column":55}},"11":{"start":{"line":26,"column":4},"end":{"line":27,"column":69}},"12":{"start":{"line":27,"column":6},"end":{"line":27,"column":69}},"13":{"start":{"line":29,"column":4},"end":{"line":36,"column":5}},"14":{"start":{"line":30,"column":21},"end":{"line":30,"column":62}},"15":{"start":{"line":31,"column":6},"end":{"line":35,"column":7}},"16":{"start":{"line":32,"column":8},"end":{"line":34,"column":80}},"17":{"start":{"line":38,"column":4},"end":{"line":39,"column":67}},"18":{"start":{"line":39,"column":6},"end":{"line":39,"column":67}},"19":{"start":{"line":41,"column":18},"end":{"line":45,"column":5}},"20":{"start":{"line":47,"column":21},"end":{"line":47,"column":23}},"21":{"start":{"line":48,"column":4},"end":{"line":54,"column":5}},"22":{"start":{"line":49,"column":6},"end":{"line":53,"column":7}},"23":{"start":{"line":50,"column":8},"end":{"line":50,"column":80}},"24":{"start":{"line":50,"column":49},"end":{"line":50,"column":78}},"25":{"start":{"line":52,"column":8},"end":{"line":52,"column":32}},"26":{"start":{"line":56,"column":4},"end":{"line":58,"column":73}},"27":{"start":{"line":60,"column":4},"end":{"line":60,"column":14}}},"fnMap":{"0":{"name":"(anonymous_0)","decl":{"start":{"line":9,"column":25},"end":{"line":9,"column":26}},"loc":{"start":{"line":9,"column":51},"end":{"line":62,"column":1}},"line":9},"1":{"name":"(anonymous_1)","decl":{"start":{"line":50,"column":39},"end":{"line":50,"column":40}},"loc":{"start":{"line":50,"column":49},"end":{"line":50,"column":78}},"line":50}},"branchMap":{"0":{"loc":{"start":{"line":16,"column":4},"end":{"line":19,"column":70}},"type":"if","locations":[{"start":{"line":16,"column":4},"end":{"line":19,"column":70}},{"start":{},"end":{}}],"line":16},"1":{"loc":{"start":{"line":21,"column":4},"end":{"line":23,"column":5}},"type":"if","locations":[{"start":{"line":21,"column":4},"end":{"line":23,"column":5}},{"start":{},"end":{}}],"line":21},"2":{"loc":{"start":{"line":21,"column":8},"end":{"line":21,"column":36}},"type":"binary-expr","locations":[{"start":{"line":21,"column":8},"end":{"line":21,"column":13}},{"start":{"line":21,"column":17},"end":{"line":21,"column":36}}],"line":21},"3":{"loc":{"start":{"line":26,"column":4},"end":{"line":27,"column":69}},"type":"if","locations":[{"start":{"line":26,"column":4},"end":{"line":27,"column":69}},{"start":{},"end":{}}],"line":26},"4":{"loc":{"start":{"line":31,"column":6},"end":{"line":35,"column":7}},"type":"if","locations":[{"start":{"line":31,"column":6},"end":{"line":35,"column":7}},{"start":{},"end":{}}],"line":31},"5":{"loc":{"start":{"line":38,"column":4},"end":{"line":39,"column":67}},"type":"if","locations":[{"start":{"line":38,"column":4},"end":{"line":39,"column":67}},{"start":{},"end":{}}],"line":38},"6":{"loc":{"start":{"line":49,"column":6},"end":{"line":53,"column":7}},"type":"if","locations":[{"start":{"line":49,"column":6},"end":{"line":53,"column":7}},{"start":{"line":51,"column":13},"end":{"line":53,"column":7}}],"line":49}},"s":{"0":33,"1":0,"2":0,"3":0,"4":0,"5":0,"6":0,"7":0,"8":0,"9":0,"10":0,"11":0,"12":0,"13":0,"14":0,"15":0,"16":0,"17":0,"18":0,"19":0,"20":0,"21":0,"22":0,"23":0,"24":0,"25":0,"26":0,"27":0},"f":{"0":0,"1":0},"b":{"0":[0,0],"1":[0,0],"2":[0,0],"3":[0,0],"4":[0,0],"5":[0,0],"6":[0,0]},"inputSourceMap":null,"_coverageSchema":"1a1c01bbd47fc00a2c39e90264f33305004495a9","hash":"ee9644c614a073a140effd900a8ff00047a16b54"}
,"C:\\Users\\kaina\\OneDrive\\Documentos\\GitHub\\UNO-Final-Project\\src\\routes\\game\\deleteGame.js": {"path":"C:\\Users\\kaina\\OneDrive\\Documentos\\GitHub\\UNO-Final-Project\\src\\routes\\game\\deleteGame.js","statementMap":{"0":{"start":{"line":6,"column":26},"end":{"line":24,"column":1}},"1":{"start":{"line":7,"column":2},"end":{"line":23,"column":3}},"2":{"start":{"line":8,"column":17},"end":{"line":8,"column":50}},"3":{"start":{"line":9,"column":4},"end":{"line":11,"column":5}},"4":{"start":{"line":10,"column":6},"end":{"line":10,"column":65}},"5":{"start":{"line":13,"column":4},"end":{"line":17,"column":5}},"6":{"start":{"line":14,"column":6},"end":{"line":16,"column":65}},"7":{"start":{"line":19,"column":4},"end":{"line":19,"column":34}},"8":{"start":{"line":20,"column":4},"end":{"line":20,"column":27}},"9":{"start":{"line":22,"column":4},"end":{"line":22,"column":16}}},"fnMap":{"0":{"name":"(anonymous_0)","decl":{"start":{"line":6,"column":26},"end":{"line":6,"column":27}},"loc":{"start":{"line":6,"column":52},"end":{"line":24,"column":1}},"line":6}},"branchMap":{"0":{"loc":{"start":{"line":9,"column":4},"end":{"line":11,"column":5}},"type":"if","locations":[{"start":{"line":9,"column":4},"end":{"line":11,"column":5}},{"start":{},"end":{}}],"line":9},"1":{"loc":{"start":{"line":9,"column":8},"end":{"line":9,"column":36}},"type":"binary-expr","locations":[{"start":{"line":9,"column":8},"end":{"line":9,"column":13}},{"start":{"line":9,"column":17},"end":{"line":9,"column":36}}],"line":9},"2":{"loc":{"start":{"line":13,"column":4},"end":{"line":17,"column":5}},"type":"if","locations":[{"start":{"line":13,"column":4},"end":{"line":17,"column":5}},{"start":{},"end":{}}],"line":13}},"s":{"0":33,"1":2,"2":2,"3":2,"4":0,"5":2,"6":1,"7":1,"8":1,"9":0},"f":{"0":2},"b":{"0":[0,2],"1":[2,2],"2":[1,1]},"inputSourceMap":null,"_coverageSchema":"1a1c01bbd47fc00a2c39e90264f33305004495a9","hash":"1f8e5506a00e9dea117adc92f1d2ccf7791fb654"}
,"C:\\Users\\kaina\\OneDrive\\Documentos\\GitHub\\UNO-Final-Project\\src\\routes\\game\\endGame.js": {"path":"C:\\Users\\kaina\\OneDrive\\Documentos\\GitHub\\UNO-Final-Project\\src\\routes\\game\\endGame.js","statementMap":{"0":{"start":{"line":8,"column":23},"end":{"line":33,"column":1}},"1":{"start":{"line":9,"column":2},"end":{"line":32,"column":3}},"2":{"start":{"line":10,"column":24},"end":{"line":10,"column":32}},"3":{"start":{"line":11,"column":4},"end":{"line":11,"column":37}},"4":{"start":{"line":13,"column":17},"end":{"line":13,"column":44}},"5":{"start":{"line":14,"column":4},"end":{"line":16,"column":5}},"6":{"start":{"line":15,"column":6},"end":{"line":15,"column":65}},"7":{"start":{"line":18,"column":17},"end":{"line":18,"column":25}},"8":{"start":{"line":20,"column":4},"end":{"line":24,"column":5}},"9":{"start":{"line":21,"column":6},"end":{"line":23,"column":62}},"10":{"start":{"line":26,"column":4},"end":{"line":26,"column":37}},"11":{"start":{"line":27,"column":4},"end":{"line":27,"column":34}},"12":{"start":{"line":29,"column":4},"end":{"line":29,"column":65}},"13":{"start":{"line":31,"column":4},"end":{"line":31,"column":16}}},"fnMap":{"0":{"name":"(anonymous_0)","decl":{"start":{"line":8,"column":23},"end":{"line":8,"column":24}},"loc":{"start":{"line":8,"column":49},"end":{"line":33,"column":1}},"line":8}},"branchMap":{"0":{"loc":{"start":{"line":14,"column":4},"end":{"line":16,"column":5}},"type":"if","locations":[{"start":{"line":14,"column":4},"end":{"line":16,"column":5}},{"start":{},"end":{}}],"line":14},"1":{"loc":{"start":{"line":14,"column":8},"end":{"line":14,"column":36}},"type":"binary-expr","locations":[{"start":{"line":14,"column":8},"end":{"line":14,"column":13}},{"start":{"line":14,"column":17},"end":{"line":14,"column":36}}],"line":14},"2":{"loc":{"start":{"line":20,"column":4},"end":{"line":24,"column":5}},"type":"if","locations":[{"start":{"line":20,"column":4},"end":{"line":24,"column":5}},{"start":{},"end":{}}],"line":20}},"s":{"0":33,"1":3,"2":3,"3":3,"4":3,"5":3,"6":1,"7":2,"8":2,"9":1,"10":1,"11":1,"12":1,"13":1},"f":{"0":3},"b":{"0":[1,2],"1":[3,2],"2":[1,1]},"inputSourceMap":null,"_coverageSchema":"1a1c01bbd47fc00a2c39e90264f33305004495a9","hash":"6958d9b039824239e5b1ad1c651bfa0b4b458ea6"}
,"C:\\Users\\kaina\\OneDrive\\Documentos\\GitHub\\UNO-Final-Project\\src\\routes\\game\\getCurrentPlayer.js": {"path":"C:\\Users\\kaina\\OneDrive\\Documentos\\GitHub\\UNO-Final-Project\\src\\routes\\game\\getCurrentPlayer.js","statementMap":{"0":{"start":{"line":5,"column":32},"end":{"line":28,"column":1}},"1":{"start":{"line":6,"column":2},"end":{"line":27,"column":3}},"2":{"start":{"line":7,"column":24},"end":{"line":7,"column":32}},"3":{"start":{"line":8,"column":4},"end":{"line":8,"column":37}},"4":{"start":{"line":10,"column":17},"end":{"line":10,"column":44}},"5":{"start":{"line":11,"column":4},"end":{"line":13,"column":5}},"6":{"start":{"line":12,"column":6},"end":{"line":12,"column":65}},"7":{"start":{"line":15,"column":4},"end":{"line":17,"column":5}},"8":{"start":{"line":16,"column":6},"end":{"line":16,"column":71}},"9":{"start":{"line":19,"column":19},"end":{"line":19,"column":59}},"10":{"start":{"line":20,"column":4},"end":{"line":22,"column":5}},"11":{"start":{"line":21,"column":6},"end":{"line":21,"column":67}},"12":{"start":{"line":24,"column":4},"end":{"line":24,"column":71}},"13":{"start":{"line":26,"column":4},"end":{"line":26,"column":16}}},"fnMap":{"0":{"name":"(anonymous_0)","decl":{"start":{"line":5,"column":32},"end":{"line":5,"column":33}},"loc":{"start":{"line":5,"column":58},"end":{"line":28,"column":1}},"line":5}},"branchMap":{"0":{"loc":{"start":{"line":11,"column":4},"end":{"line":13,"column":5}},"type":"if","locations":[{"start":{"line":11,"column":4},"end":{"line":13,"column":5}},{"start":{},"end":{}}],"line":11},"1":{"loc":{"start":{"line":11,"column":8},"end":{"line":11,"column":36}},"type":"binary-expr","locations":[{"start":{"line":11,"column":8},"end":{"line":11,"column":13}},{"start":{"line":11,"column":17},"end":{"line":11,"column":36}}],"line":11},"2":{"loc":{"start":{"line":15,"column":4},"end":{"line":17,"column":5}},"type":"if","locations":[{"start":{"line":15,"column":4},"end":{"line":17,"column":5}},{"start":{},"end":{}}],"line":15},"3":{"loc":{"start":{"line":20,"column":4},"end":{"line":22,"column":5}},"type":"if","locations":[{"start":{"line":20,"column":4},"end":{"line":22,"column":5}},{"start":{},"end":{}}],"line":20}},"s":{"0":33,"1":3,"2":3,"3":3,"4":3,"5":3,"6":1,"7":2,"8":1,"9":1,"10":1,"11":0,"12":1,"13":0},"f":{"0":3},"b":{"0":[1,2],"1":[3,2],"2":[1,1],"3":[0,1]},"inputSourceMap":null,"_coverageSchema":"1a1c01bbd47fc00a2c39e90264f33305004495a9","hash":"e5485218a5c30fc989d076067fc3a20c8b49fd74"}
,"C:\\Users\\kaina\\OneDrive\\Documentos\\GitHub\\UNO-Final-Project\\src\\routes\\game\\getGame.js": {"path":"C:\\Users\\kaina\\OneDrive\\Documentos\\GitHub\\UNO-Final-Project\\src\\routes\\game\\getGame.js","statementMap":{"0":{"start":{"line":4,"column":23},"end":{"line":23,"column":1}},"1":{"start":{"line":5,"column":2},"end":{"line":22,"column":3}},"2":{"start":{"line":6,"column":20},"end":{"line":6,"column":33}},"3":{"start":{"line":7,"column":4},"end":{"line":7,"column":37}},"4":{"start":{"line":9,"column":17},"end":{"line":9,"column":44}},"5":{"start":{"line":10,"column":4},"end":{"line":12,"column":5}},"6":{"start":{"line":11,"column":6},"end":{"line":11,"column":65}},"7":{"start":{"line":14,"column":4},"end":{"line":19,"column":7}},"8":{"start":{"line":21,"column":4},"end":{"line":21,"column":16}}},"fnMap":{"0":{"name":"(anonymous_0)","decl":{"start":{"line":4,"column":23},"end":{"line":4,"column":24}},"loc":{"start":{"line":4,"column":49},"end":{"line":23,"column":1}},"line":4}},"branchMap":{"0":{"loc":{"start":{"line":10,"column":4},"end":{"line":12,"column":5}},"type":"if","locations":[{"start":{"line":10,"column":4},"end":{"line":12,"column":5}},{"start":{},"end":{}}],"line":10},"1":{"loc":{"start":{"line":10,"column":8},"end":{"line":10,"column":36}},"type":"binary-expr","locations":[{"start":{"line":10,"column":8},"end":{"line":10,"column":13}},{"start":{"line":10,"column":17},"end":{"line":10,"column":36}}],"line":10}},"s":{"0":33,"1":2,"2":2,"3":2,"4":2,"5":2,"6":1,"7":1,"8":0},"f":{"0":2},"b":{"0":[1,1],"1":[2,1]},"inputSourceMap":null,"_coverageSchema":"1a1c01bbd47fc00a2c39e90264f33305004495a9","hash":"b70ea19f43de9c76b97246c18f7cdb05b2410492"}
,"C:\\Users\\kaina\\OneDrive\\Documentos\\GitHub\\UNO-Final-Project\\src\\routes\\game\\getGeneralStatus.js": {"path":"C:\\Users\\kaina\\OneDrive\\Documentos\\GitHub\\UNO-Final-Project\\src\\routes\\game\\getGeneralStatus.js","statementMap":{"0":{"start":{"line":10,"column":32},"end":{"line":48,"column":1}},"1":{"start":{"line":11,"column":2},"end":{"line":47,"column":3}},"2":{"start":{"line":12,"column":24},"end":{"line":12,"column":32}},"3":{"start":{"line":13,"column":4},"end":{"line":13,"column":37}},"4":{"start":{"line":15,"column":17},"end":{"line":15,"column":44}},"5":{"start":{"line":16,"column":4},"end":{"line":18,"column":5}},"6":{"start":{"line":17,"column":6},"end":{"line":17,"column":65}},"7":{"start":{"line":20,"column":4},"end":{"line":22,"column":5}},"8":{"start":{"line":21,"column":6},"end":{"line":21,"column":71}},"9":{"start":{"line":23,"column":26},"end":{"line":23,"column":66}},"10":{"start":{"line":25,"column":20},"end":{"line":25,"column":54}},"11":{"start":{"line":26,"column":4},"end":{"line":28,"column":5}},"12":{"start":{"line":27,"column":6},"end":{"line":27,"column":65}},"13":{"start":{"line":30,"column":18},"end":{"line":30,"column":53}},"14":{"start":{"line":32,"column":20},"end":{"line":32,"column":49}},"15":{"start":{"line":33,"column":21},"end":{"line":42,"column":5}},"16":{"start":{"line":38,"column":43},"end":{"line":41,"column":7}},"17":{"start":{"line":44,"column":4},"end":{"line":44,"column":42}},"18":{"start":{"line":46,"column":4},"end":{"line":46,"column":16}}},"fnMap":{"0":{"name":"(anonymous_0)","decl":{"start":{"line":10,"column":32},"end":{"line":10,"column":33}},"loc":{"start":{"line":10,"column":58},"end":{"line":48,"column":1}},"line":10},"1":{"name":"(anonymous_1)","decl":{"start":{"line":38,"column":31},"end":{"line":38,"column":32}},"loc":{"start":{"line":38,"column":43},"end":{"line":41,"column":7}},"line":38}},"branchMap":{"0":{"loc":{"start":{"line":16,"column":4},"end":{"line":18,"column":5}},"type":"if","locations":[{"start":{"line":16,"column":4},"end":{"line":18,"column":5}},{"start":{},"end":{}}],"line":16},"1":{"loc":{"start":{"line":16,"column":8},"end":{"line":16,"column":36}},"type":"binary-expr","locations":[{"start":{"line":16,"column":8},"end":{"line":16,"column":13}},{"start":{"line":16,"column":17},"end":{"line":16,"column":36}}],"line":16},"2":{"loc":{"start":{"line":20,"column":4},"end":{"line":22,"column":5}},"type":"if","locations":[{"start":{"line":20,"column":4},"end":{"line":22,"column":5}},{"start":{},"end":{}}],"line":20},"3":{"loc":{"start":{"line":26,"column":4},"end":{"line":28,"column":5}},"type":"if","locations":[{"start":{"line":26,"column":4},"end":{"line":28,"column":5}},{"start":{},"end":{}}],"line":26}},"s":{"0":33,"1":0,"2":0,"3":0,"4":0,"5":0,"6":0,"7":0,"8":0,"9":0,"10":0,"11":0,"12":0,"13":0,"14":0,"15":0,"16":0,"17":0,"18":0},"f":{"0":0,"1":0},"b":{"0":[0,0],"1":[0,0],"2":[0,0],"3":[0,0]},"inputSourceMap":null,"_coverageSchema":"1a1c01bbd47fc00a2c39e90264f33305004495a9","hash":"f24474a931e3ded1a853c25c9df367ac9fe85b39"}
,"C:\\Users\\kaina\\OneDrive\\Documentos\\GitHub\\UNO-Final-Project\\src\\routes\\game\\getHistory.js": {"path":"C:\\Users\\kaina\\OneDrive\\Documentos\\GitHub\\UNO-Final-Project\\src\\routes\\game\\getHistory.js","statementMap":{"0":{"start":{"line":5,"column":26},"end":{"line":24,"column":1}},"1":{"start":{"line":6,"column":2},"end":{"line":23,"column":3}},"2":{"start":{"line":7,"column":24},"end":{"line":7,"column":32}},"3":{"start":{"line":8,"column":4},"end":{"line":8,"column":37}},"4":{"start":{"line":10,"column":17},"end":{"line":10,"column":44}},"5":{"start":{"line":11,"column":4},"end":{"line":13,"column":5}},"6":{"start":{"line":12,"column":6},"end":{"line":12,"column":65}},"7":{"start":{"line":15,"column":20},"end":{"line":15,"column":49}},"8":{"start":{"line":16,"column":21},"end":{"line":19,"column":7}},"9":{"start":{"line":16,"column":45},"end":{"line":19,"column":5}},"10":{"start":{"line":20,"column":4},"end":{"line":20,"column":42}},"11":{"start":{"line":22,"column":4},"end":{"line":22,"column":16}}},"fnMap":{"0":{"name":"(anonymous_0)","decl":{"start":{"line":5,"column":26},"end":{"line":5,"column":27}},"loc":{"start":{"line":5,"column":52},"end":{"line":24,"column":1}},"line":5},"1":{"name":"(anonymous_1)","decl":{"start":{"line":16,"column":33},"end":{"line":16,"column":34}},"loc":{"start":{"line":16,"column":45},"end":{"line":19,"column":5}},"line":16}},"branchMap":{"0":{"loc":{"start":{"line":11,"column":4},"end":{"line":13,"column":5}},"type":"if","locations":[{"start":{"line":11,"column":4},"end":{"line":13,"column":5}},{"start":{},"end":{}}],"line":11},"1":{"loc":{"start":{"line":11,"column":8},"end":{"line":11,"column":36}},"type":"binary-expr","locations":[{"start":{"line":11,"column":8},"end":{"line":11,"column":13}},{"start":{"line":11,"column":17},"end":{"line":11,"column":36}}],"line":11}},"s":{"0":33,"1":0,"2":0,"3":0,"4":0,"5":0,"6":0,"7":0,"8":0,"9":0,"10":0,"11":0},"f":{"0":0,"1":0},"b":{"0":[0,0],"1":[0,0]},"inputSourceMap":null,"_coverageSchema":"1a1c01bbd47fc00a2c39e90264f33305004495a9","hash":"ba998a89dcb3529d7b31d489214df2fc4c9c8919"}
,"C:\\Users\\kaina\\OneDrive\\Documentos\\GitHub\\UNO-Final-Project\\src\\routes\\game\\getPlayerHand.js": {"path":"C:\\Users\\kaina\\OneDrive\\Documentos\\GitHub\\UNO-Final-Project\\src\\routes\\game\\getPlayerHand.js","statementMap":{"0":{"start":{"line":3,"column":29},"end":{"line":22,"column":1}},"1":{"start":{"line":4,"column":22},"end":{"line":4,"column":30}},"2":{"start":{"line":6,"column":2},"end":{"line":21,"column":3}},"3":{"start":{"line":7,"column":17},"end":{"line":7,"column":62}},"4":{"start":{"line":9,"column":21},"end":{"line":12,"column":5}},"5":{"start":{"line":11,"column":32},"end":{"line":11,"column":63}},"6":{"start":{"line":14,"column":4},"end":{"line":14,"column":35}},"7":{"start":{"line":16,"column":4},"end":{"line":20,"column":5}},"8":{"start":{"line":17,"column":6},"end":{"line":17,"column":64}},"9":{"start":{"line":19,"column":6},"end":{"line":19,"column":18}}},"fnMap":{"0":{"name":"(anonymous_0)","decl":{"start":{"line":3,"column":29},"end":{"line":3,"column":30}},"loc":{"start":{"line":3,"column":55},"end":{"line":22,"column":1}},"line":3},"1":{"name":"(anonymous_1)","decl":{"start":{"line":11,"column":21},"end":{"line":11,"column":22}},"loc":{"start":{"line":11,"column":32},"end":{"line":11,"column":63}},"line":11}},"branchMap":{"0":{"loc":{"start":{"line":16,"column":4},"end":{"line":20,"column":5}},"type":"if","locations":[{"start":{"line":16,"column":4},"end":{"line":20,"column":5}},{"start":{"line":18,"column":11},"end":{"line":20,"column":5}}],"line":16}},"s":{"0":33,"1":0,"2":0,"3":0,"4":0,"5":0,"6":0,"7":0,"8":0,"9":0},"f":{"0":0,"1":0},"b":{"0":[0,0]},"inputSourceMap":null,"_coverageSchema":"1a1c01bbd47fc00a2c39e90264f33305004495a9","hash":"452c4d0618de14eed93a9cae8a7b0f9c830669f9"}
,"C:\\Users\\kaina\\OneDrive\\Documentos\\GitHub\\UNO-Final-Project\\src\\routes\\game\\getPlayerHands.js": {"path":"C:\\Users\\kaina\\OneDrive\\Documentos\\GitHub\\UNO-Final-Project\\src\\routes\\game\\getPlayerHands.js","statementMap":{"0":{"start":{"line":3,"column":30},"end":{"line":16,"column":1}},"1":{"start":{"line":4,"column":22},"end":{"line":4,"column":30}},"2":{"start":{"line":6,"column":2},"end":{"line":15,"column":3}},"3":{"start":{"line":7,"column":21},"end":{"line":7,"column":57}},"4":{"start":{"line":8,"column":4},"end":{"line":8,"column":35}},"5":{"start":{"line":10,"column":4},"end":{"line":14,"column":5}},"6":{"start":{"line":11,"column":6},"end":{"line":11,"column":64}},"7":{"start":{"line":13,"column":6},"end":{"line":13,"column":18}}},"fnMap":{"0":{"name":"(anonymous_0)","decl":{"start":{"line":3,"column":30},"end":{"line":3,"column":31}},"loc":{"start":{"line":3,"column":56},"end":{"line":16,"column":1}},"line":3}},"branchMap":{"0":{"loc":{"start":{"line":10,"column":4},"end":{"line":14,"column":5}},"type":"if","locations":[{"start":{"line":10,"column":4},"end":{"line":14,"column":5}},{"start":{"line":12,"column":11},"end":{"line":14,"column":5}}],"line":10}},"s":{"0":33,"1":4,"2":4,"3":4,"4":2,"5":2,"6":2,"7":0},"f":{"0":4},"b":{"0":[2,0]},"inputSourceMap":null,"_coverageSchema":"1a1c01bbd47fc00a2c39e90264f33305004495a9","hash":"5f4dfca1557954687f123fb56ff9bb92875c37f7"}
,"C:\\Users\\kaina\\OneDrive\\Documentos\\GitHub\\UNO-Final-Project\\src\\routes\\game\\getPlayersInGame.js": {"path":"C:\\Users\\kaina\\OneDrive\\Documentos\\GitHub\\UNO-Final-Project\\src\\routes\\game\\getPlayersInGame.js","statementMap":{"0":{"start":{"line":6,"column":32},"end":{"line":22,"column":1}},"1":{"start":{"line":7,"column":2},"end":{"line":21,"column":3}},"2":{"start":{"line":8,"column":24},"end":{"line":8,"column":32}},"3":{"start":{"line":9,"column":4},"end":{"line":9,"column":37}},"4":{"start":{"line":11,"column":17},"end":{"line":11,"column":44}},"5":{"start":{"line":12,"column":4},"end":{"line":14,"column":5}},"6":{"start":{"line":13,"column":6},"end":{"line":13,"column":65}},"7":{"start":{"line":15,"column":24},"end":{"line":15,"column":62}},"8":{"start":{"line":16,"column":20},"end":{"line":16,"column":59}},"9":{"start":{"line":18,"column":4},"end":{"line":18,"column":75}},"10":{"start":{"line":20,"column":4},"end":{"line":20,"column":16}}},"fnMap":{"0":{"name":"(anonymous_0)","decl":{"start":{"line":6,"column":32},"end":{"line":6,"column":33}},"loc":{"start":{"line":6,"column":58},"end":{"line":22,"column":1}},"line":6}},"branchMap":{"0":{"loc":{"start":{"line":12,"column":4},"end":{"line":14,"column":5}},"type":"if","locations":[{"start":{"line":12,"column":4},"end":{"line":14,"column":5}},{"start":{},"end":{}}],"line":12},"1":{"loc":{"start":{"line":12,"column":8},"end":{"line":12,"column":36}},"type":"binary-expr","locations":[{"start":{"line":12,"column":8},"end":{"line":12,"column":13}},{"start":{"line":12,"column":17},"end":{"line":12,"column":36}}],"line":12}},"s":{"0":33,"1":3,"2":3,"3":3,"4":3,"5":3,"6":2,"7":1,"8":1,"9":1,"10":1},"f":{"0":3},"b":{"0":[2,1],"1":[3,1]},"inputSourceMap":null,"_coverageSchema":"1a1c01bbd47fc00a2c39e90264f33305004495a9","hash":"ff7927cb54b7327267059d6079b45b2da23dab02"}
,"C:\\Users\\kaina\\OneDrive\\Documentos\\GitHub\\UNO-Final-Project\\src\\routes\\game\\getReady.js": {"path":"C:\\Users\\kaina\\OneDrive\\Documentos\\GitHub\\UNO-Final-Project\\src\\routes\\game\\getReady.js","statementMap":{"0":{"start":{"line":6,"column":24},"end":{"line":30,"column":1}},"1":{"start":{"line":7,"column":2},"end":{"line":29,"column":3}},"2":{"start":{"line":8,"column":24},"end":{"line":8,"column":32}},"3":{"start":{"line":9,"column":4},"end":{"line":9,"column":37}},"4":{"start":{"line":11,"column":17},"end":{"line":11,"column":44}},"5":{"start":{"line":12,"column":4},"end":{"line":13,"column":65}},"6":{"start":{"line":13,"column":6},"end":{"line":13,"column":65}},"7":{"start":{"line":15,"column":17},"end":{"line":15,"column":25}},"8":{"start":{"line":17,"column":25},"end":{"line":17,"column":64}},"9":{"start":{"line":18,"column":4},"end":{"line":19,"column":79}},"10":{"start":{"line":19,"column":6},"end":{"line":19,"column":79}},"11":{"start":{"line":21,"column":4},"end":{"line":22,"column":69}},"12":{"start":{"line":22,"column":6},"end":{"line":22,"column":69}},"13":{"start":{"line":24,"column":4},"end":{"line":24,"column":49}},"14":{"start":{"line":26,"column":4},"end":{"line":26,"column":68}},"15":{"start":{"line":28,"column":4},"end":{"line":28,"column":14}}},"fnMap":{"0":{"name":"(anonymous_0)","decl":{"start":{"line":6,"column":24},"end":{"line":6,"column":25}},"loc":{"start":{"line":6,"column":50},"end":{"line":30,"column":1}},"line":6}},"branchMap":{"0":{"loc":{"start":{"line":12,"column":4},"end":{"line":13,"column":65}},"type":"if","locations":[{"start":{"line":12,"column":4},"end":{"line":13,"column":65}},{"start":{},"end":{}}],"line":12},"1":{"loc":{"start":{"line":12,"column":8},"end":{"line":12,"column":36}},"type":"binary-expr","locations":[{"start":{"line":12,"column":8},"end":{"line":12,"column":13}},{"start":{"line":12,"column":17},"end":{"line":12,"column":36}}],"line":12},"2":{"loc":{"start":{"line":18,"column":4},"end":{"line":19,"column":79}},"type":"if","locations":[{"start":{"line":18,"column":4},"end":{"line":19,"column":79}},{"start":{},"end":{}}],"line":18},"3":{"loc":{"start":{"line":18,"column":8},"end":{"line":18,"column":52}},"type":"binary-expr","locations":[{"start":{"line":18,"column":8},"end":{"line":18,"column":21}},{"start":{"line":18,"column":25},"end":{"line":18,"column":52}}],"line":18},"4":{"loc":{"start":{"line":21,"column":4},"end":{"line":22,"column":69}},"type":"if","locations":[{"start":{"line":21,"column":4},"end":{"line":22,"column":69}},{"start":{},"end":{}}],"line":21}},"s":{"0":33,"1":4,"2":4,"3":4,"4":4,"5":4,"6":1,"7":3,"8":3,"9":3,"10":1,"11":2,"12":1,"13":1,"14":1,"15":0},"f":{"0":4},"b":{"0":[1,3],"1":[4,3],"2":[1,2],"3":[3,2],"4":[1,1]},"inputSourceMap":null,"_coverageSchema":"1a1c01bbd47fc00a2c39e90264f33305004495a9","hash":"e53599ddc36a2cc70b790d46838f3620b6486c6f"}
,"C:\\Users\\kaina\\OneDrive\\Documentos\\GitHub\\UNO-Final-Project\\src\\routes\\game\\getStatusGame.js": {"path":"C:\\Users\\kaina\\OneDrive\\Documentos\\GitHub\\UNO-Final-Project\\src\\routes\\game\\getStatusGame.js","statementMap":{"0":{"start":{"line":4,"column":29},"end":{"line":18,"column":1}},"1":{"start":{"line":5,"column":2},"end":{"line":17,"column":3}},"2":{"start":{"line":6,"column":24},"end":{"line":6,"column":32}},"3":{"start":{"line":7,"column":4},"end":{"line":7,"column":37}},"4":{"start":{"line":9,"column":17},"end":{"line":9,"column":44}},"5":{"start":{"line":10,"column":4},"end":{"line":12,"column":5}},"6":{"start":{"line":11,"column":6},"end":{"line":11,"column":65}},"7":{"start":{"line":14,"column":4},"end":{"line":14,"column":50}},"8":{"start":{"line":16,"column":4},"end":{"line":16,"column":14}}},"fnMap":{"0":{"name":"(anonymous_0)","decl":{"start":{"line":4,"column":29},"end":{"line":4,"column":30}},"loc":{"start":{"line":4,"column":55},"end":{"line":18,"column":1}},"line":4}},"branchMap":{"0":{"loc":{"start":{"line":10,"column":4},"end":{"line":12,"column":5}},"type":"if","locations":[{"start":{"line":10,"column":4},"end":{"line":12,"column":5}},{"start":{},"end":{}}],"line":10},"1":{"loc":{"start":{"line":10,"column":8},"end":{"line":10,"column":36}},"type":"binary-expr","locations":[{"start":{"line":10,"column":8},"end":{"line":10,"column":13}},{"start":{"line":10,"column":17},"end":{"line":10,"column":36}}],"line":10}},"s":{"0":33,"1":3,"2":3,"3":3,"4":3,"5":3,"6":2,"7":1,"8":1},"f":{"0":3},"b":{"0":[2,1],"1":[3,1]},"inputSourceMap":null,"_coverageSchema":"1a1c01bbd47fc00a2c39e90264f33305004495a9","hash":"88f15ebfcea89f7be68221d63cc46d01e2c76900"}
,"C:\\Users\\kaina\\OneDrive\\Documentos\\GitHub\\UNO-Final-Project\\src\\routes\\game\\getTopCard.js": {"path":"C:\\Users\\kaina\\OneDrive\\Documentos\\GitHub\\UNO-Final-Project\\src\\routes\\game\\getTopCard.js","statementMap":{"0":{"start":{"line":5,"column":26},"end":{"line":29,"column":1}},"1":{"start":{"line":6,"column":2},"end":{"line":28,"column":3}},"2":{"start":{"line":7,"column":24},"end":{"line":7,"column":32}},"3":{"start":{"line":8,"column":4},"end":{"line":8,"column":37}},"4":{"start":{"line":10,"column":17},"end":{"line":10,"column":44}},"5":{"start":{"line":11,"column":4},"end":{"line":13,"column":5}},"6":{"start":{"line":12,"column":6},"end":{"line":12,"column":65}},"7":{"start":{"line":15,"column":20},"end":{"line":15,"column":54}},"8":{"start":{"line":16,"column":4},"end":{"line":18,"column":5}},"9":{"start":{"line":17,"column":6},"end":{"line":17,"column":65}},"10":{"start":{"line":20,"column":21},"end":{"line":24,"column":5}},"11":{"start":{"line":25,"column":4},"end":{"line":25,"column":35}},"12":{"start":{"line":27,"column":4},"end":{"line":27,"column":16}}},"fnMap":{"0":{"name":"(anonymous_0)","decl":{"start":{"line":5,"column":26},"end":{"line":5,"column":27}},"loc":{"start":{"line":5,"column":52},"end":{"line":29,"column":1}},"line":5}},"branchMap":{"0":{"loc":{"start":{"line":11,"column":4},"end":{"line":13,"column":5}},"type":"if","locations":[{"start":{"line":11,"column":4},"end":{"line":13,"column":5}},{"start":{},"end":{}}],"line":11},"1":{"loc":{"start":{"line":16,"column":4},"end":{"line":18,"column":5}},"type":"if","locations":[{"start":{"line":16,"column":4},"end":{"line":18,"column":5}},{"start":{},"end":{}}],"line":16}},"s":{"0":33,"1":4,"2":4,"3":4,"4":4,"5":4,"6":2,"7":2,"8":2,"9":1,"10":1,"11":1,"12":1},"f":{"0":4},"b":{"0":[2,2],"1":[1,1]},"inputSourceMap":null,"_coverageSchema":"1a1c01bbd47fc00a2c39e90264f33305004495a9","hash":"057fe1c9525d05595d0192178b895d53c290979f"}
,"C:\\Users\\kaina\\OneDrive\\Documentos\\GitHub\\UNO-Final-Project\\src\\routes\\game\\joinGame.js": {"path":"C:\\Users\\kaina\\OneDrive\\Documentos\\GitHub\\UNO-Final-Project\\src\\routes\\game\\joinGame.js","statementMap":{"0":{"start":{"line":6,"column":24},"end":{"line":29,"column":1}},"1":{"start":{"line":7,"column":2},"end":{"line":28,"column":3}},"2":{"start":{"line":8,"column":24},"end":{"line":8,"column":32}},"3":{"start":{"line":9,"column":17},"end":{"line":9,"column":25}},"4":{"start":{"line":11,"column":4},"end":{"line":11,"column":37}},"5":{"start":{"line":13,"column":17},"end":{"line":13,"column":44}},"6":{"start":{"line":14,"column":4},"end":{"line":15,"column":65}},"7":{"start":{"line":15,"column":6},"end":{"line":15,"column":65}},"8":{"start":{"line":17,"column":25},"end":{"line":17,"column":64}},"9":{"start":{"line":18,"column":4},"end":{"line":19,"column":76}},"10":{"start":{"line":19,"column":6},"end":{"line":19,"column":76}},"11":{"start":{"line":21,"column":4},"end":{"line":21,"column":44}},"12":{"start":{"line":23,"column":4},"end":{"line":25,"column":62}},"13":{"start":{"line":27,"column":4},"end":{"line":27,"column":14}}},"fnMap":{"0":{"name":"(anonymous_0)","decl":{"start":{"line":6,"column":24},"end":{"line":6,"column":25}},"loc":{"start":{"line":6,"column":50},"end":{"line":29,"column":1}},"line":6}},"branchMap":{"0":{"loc":{"start":{"line":14,"column":4},"end":{"line":15,"column":65}},"type":"if","locations":[{"start":{"line":14,"column":4},"end":{"line":15,"column":65}},{"start":{},"end":{}}],"line":14},"1":{"loc":{"start":{"line":14,"column":8},"end":{"line":14,"column":36}},"type":"binary-expr","locations":[{"start":{"line":14,"column":8},"end":{"line":14,"column":13}},{"start":{"line":14,"column":17},"end":{"line":14,"column":36}}],"line":14},"2":{"loc":{"start":{"line":18,"column":4},"end":{"line":19,"column":76}},"type":"if","locations":[{"start":{"line":18,"column":4},"end":{"line":19,"column":76}},{"start":{},"end":{}}],"line":18}},"s":{"0":33,"1":15,"2":15,"3":15,"4":15,"5":15,"6":15,"7":2,"8":13,"9":13,"10":8,"11":5,"12":5,"13":1},"f":{"0":15},"b":{"0":[2,13],"1":[15,13],"2":[8,5]},"inputSourceMap":null,"_coverageSchema":"1a1c01bbd47fc00a2c39e90264f33305004495a9","hash":"7c2496368dfe2f10fbb2846638c55a94dcbd1ea5"}
,"C:\\Users\\kaina\\OneDrive\\Documentos\\GitHub\\UNO-Final-Project\\src\\routes\\game\\leaveGame.js": {"path":"C:\\Users\\kaina\\OneDrive\\Documentos\\GitHub\\UNO-Final-Project\\src\\routes\\game\\leaveGame.js","statementMap":{"0":{"start":{"line":7,"column":25},"end":{"line":35,"column":1}},"1":{"start":{"line":8,"column":2},"end":{"line":34,"column":3}},"2":{"start":{"line":9,"column":24},"end":{"line":9,"column":32}},"3":{"start":{"line":10,"column":17},"end":{"line":10,"column":25}},"4":{"start":{"line":12,"column":4},"end":{"line":12,"column":37}},"5":{"start":{"line":13,"column":17},"end":{"line":13,"column":44}},"6":{"start":{"line":14,"column":4},"end":{"line":15,"column":65}},"7":{"start":{"line":15,"column":6},"end":{"line":15,"column":65}},"8":{"start":{"line":17,"column":23},"end":{"line":17,"column":62}},"9":{"start":{"line":18,"column":4},"end":{"line":20,"column":5}},"10":{"start":{"line":19,"column":6},"end":{"line":19,"column":78}},"11":{"start":{"line":22,"column":4},"end":{"line":31,"column":5}},"12":{"start":{"line":23,"column":30},"end":{"line":23,"column":72}},"13":{"start":{"line":24,"column":6},"end":{"line":24,"column":47}},"14":{"start":{"line":25,"column":6},"end":{"line":25,"column":64}},"15":{"start":{"line":27,"column":6},"end":{"line":27,"column":47}},"16":{"start":{"line":28,"column":6},"end":{"line":30,"column":64}},"17":{"start":{"line":33,"column":4},"end":{"line":33,"column":14}}},"fnMap":{"0":{"name":"(anonymous_0)","decl":{"start":{"line":7,"column":25},"end":{"line":7,"column":26}},"loc":{"start":{"line":7,"column":51},"end":{"line":35,"column":1}},"line":7}},"branchMap":{"0":{"loc":{"start":{"line":14,"column":4},"end":{"line":15,"column":65}},"type":"if","locations":[{"start":{"line":14,"column":4},"end":{"line":15,"column":65}},{"start":{},"end":{}}],"line":14},"1":{"loc":{"start":{"line":14,"column":8},"end":{"line":14,"column":36}},"type":"binary-expr","locations":[{"start":{"line":14,"column":8},"end":{"line":14,"column":13}},{"start":{"line":14,"column":17},"end":{"line":14,"column":36}}],"line":14},"2":{"loc":{"start":{"line":18,"column":4},"end":{"line":20,"column":5}},"type":"if","locations":[{"start":{"
[...]
,"end":{"line":44,"column":41}},"loc":{"start":{"line":44,"column":73},"end":{"line":60,"column":1}},"line":44},"6":{"name":"(anonymous_6)","decl":{"start":{"line":62,"column":29},"end":{"line":62,"column":30}},"loc":{"start":{"line":62,"column":56},"end":{"line":70,"column":1}},"line":62},"7":{"name":"(anonymous_7)","decl":{"start":{"line":72,"column":30},"end":{"line":72,"column":31}},"loc":{"start":{"line":72,"column":64},"end":{"line":91,"column":1}},"line":72},"8":{"name":"(anonymous_8)","decl":{"start":{"line":73,"column":38},"end":{"line":73,"column":39}},"loc":{"start":{"line":73,"column":50},"end":{"line":73,"column":65}},"line":73},"9":{"name":"(anonymous_9)","decl":{"start":{"line":84,"column":38},"end":{"line":84,"column":39}},"loc":{"start":{"line":84,"column":49},"end":{"line":88,"column":5}},"line":84},"10":{"name":"(anonymous_10)","decl":{"start":{"line":93,"column":36},"end":{"line":93,"column":37}},"loc":{"start":{"line":93,"column":55},"end":{"line":121,"column":1}},"line":93},"11":{"name":"(anonymous_11)","decl":{"start":{"line":97,"column":38},"end":{"line":97,"column":39}},"loc":{"start":{"line":97,"column":50},"end":{"line":97,"column":65}},"line":97},"12":{"name":"(anonymous_12)","decl":{"start":{"line":114,"column":45},"end":{"line":114,"column":46}},"loc":{"start":{"line":114,"column":56},"end":{"line":118,"column":5}},"line":114},"13":{"name":"(anonymous_13)","decl":{"start":{"line":123,"column":30},"end":{"line":123,"column":31}},"loc":{"start":{"line":123,"column":55},"end":{"line":136,"column":1}},"line":123},"14":{"name":"(anonymous_14)","decl":{"start":{"line":124,"column":38},"end":{"line":124,"column":39}},"loc":{"start":{"line":124,"column":50},"end":{"line":124,"column":65}},"line":124},"15":{"name":"(anonymous_15)","decl":{"start":{"line":132,"column":24},"end":{"line":132,"column":25}},"loc":{"start":{"line":132,"column":41},"end":{"line":135,"column":3}},"line":132},"16":{"name":"(anonymous_16)","decl":{"start":{"line":138,"column":36},"end":{"line":138,"column":37}},"loc":{"start":{"line":138,"column":59},"end":{"line":149,"column":1}},"line":138},"17":{"name":"(anonymous_17)","decl":{"start":{"line":139,"column":34},"end":{"line":139,"column":35}},"loc":{"start":{"line":139,"column":46},"end":{"line":139,"column":72}},"line":139},"18":{"name":"(anonymous_18)","decl":{"start":{"line":146,"column":30},"end":{"line":146,"column":31}},"loc":{"start":{"line":146,"column":40},"end":{"line":146,"column":53}},"line":146},"19":{"name":"(anonymous_19)","decl":{"start":{"line":151,"column":31},"end":{"line":151,"column":32}},"loc":{"start":{"line":151,"column":52},"end":{"line":186,"column":1}},"line":151},"20":{"name":"(anonymous_20)","decl":{"start":{"line":165,"column":39},"end":{"line":165,"column":40}},"loc":{"start":{"line":165,"column":51},"end":{"line":165,"column":66}},"line":165},"21":{"name":"(anonymous_21)","decl":{"start":{"line":167,"column":6},"end":{"line":167,"column":7}},"loc":{"start":{"line":167,"column":20},"end":{"line":167,"column":54}},"line":167},"22":{"name":"(anonymous_22)","decl":{"start":{"line":188,"column":34},"end":{"line":188,"column":35}},"loc":{"start":{"line":188,"column":59},"end":{"line":192,"column":1}},"line":188},"23":{"name":"(anonymous_23)","decl":{"start":{"line":194,"column":28},"end":{"line":194,"column":29}},"loc":{"start":{"line":194,"column":58},"end":{"line":197,"column":1}},"line":194},"24":{"name":"(anonymous_24)","decl":{"start":{"line":199,"column":28},"end":{"line":199,"column":29}},"loc":{"start":{"line":199,"column":46},"end":{"line":201,"column":1}},"line":199},"25":{"name":"oo_cm","decl":{"start":{"line":208,"column":77},"end":{"line":208,"column":82}},"loc":{"start":{"line":208,"column":84},"end":{"line":208,"column":39649}},"line":208}},"branchMap":{"0":{"loc":{"start":{"line":34,"column":2},"end":{"line":40,"column":3}},"type":"if","locations":[{"start":{"line":34,"column":2},"end":{"line":40,"column":3}},{"start":{},"end":{}}],"line":34},"1":{"loc":{"start":{"line":35,"column":4},"end":{"line":39,"column":5}},"type":"if","locations":[{"start":{"line":35,"column":4},"end":{"line":39,"column":5}},{"start":{"line":37,"column":11},"end":{"line":39,"column":5}}],"line":35},"2":{"loc":{"start":{"line":37,"column":11},"end":{"line":39,"column":5}},"type":"if","locations":[{"start":{"line":37,"column":11},"end":{"line":39,"column":5}},{"start":{},"end":{}}],"line":37},"3":{"loc":{"start":{"line":52,"column":2},"end":{"line":58,"column":3}},"type":"if","locations":[{"start":{"line":52,"column":2},"end":{"line":58,"column":3}},{"start":{},"end":{}}],"line":52},"4":{"loc":{"start":{"line":53,"column":4},"end":{"line":57,"column":5}},"type":"if","locations":[{"start":{"line":53,"column":4},"end":{"line":57,"column":5}},{"start":{"line":55,"column":11},"end":{"line":57,"column":5}}],"line":53},"5":{"loc":{"start":{"line":55,"column":11},"end":{"line":57,"column":5}},"type":"if","locations":[{"start":{"line":55,"column":11},"end":{"line":57,"column":5}},{"start":{},"end":{}}],"line":55},"6":{"loc":{"start":{"line":153,"column":4},"end":{"line":156,"column":5}},"type":"if","locations":[{"start":{"line":153,"column":4},"end":{"line":156,"column":5}},{"start":{},"end":{}}],"line":153},"7":{"loc":{"start":{"line":170,"column":4},"end":{"line":176,"column":5}},"type":"if","locations":[{"start":{"line":170,"column":4},"end":{"line":176,"column":5}},{"start":{},"end":{}}],"line":170},"8":{"loc":{"start":{"line":208,"column":96},"end":{"line":208,"column":39636}},"type":"binary-expr","locations":[{"start":{"line":208,"column":96},"end":{"line":208,"column":133}},{"start":{"line":208,"column":137},"end":{"line":208,"column":39636}}],"line":208}},"s":{"0":33,"1":1,"2":1,"3":33,"4":15,"5":33,"6":80,"7":33,"8":2,"9":33,"10":4,"11":3,"12":2,"13":1,"14":1,"15":1,"16":1,"17":33,"18":4,"19":4,"20":1,"21":1,"22":0,"23":0,"24":3,"25":33,"26":2,"27":33,"28":0,"29":0,"30":0,"31":0,"32":0,"33":0,"34":0,"35":0,"36":33,"37":0,"38":0,"39":0,"40":0,"41":0,"42":0,"43":0,"44":0,"45":0,"46":0,"47":33,"48":0,"49":0,"50":0,"51":0,"52":0,"53":0,"54":33,"55":1,"56":3,"57":1,"58":1,"59":2,"60":1,"61":33,"62":0,"63":0,"64":0,"65":0,"66":0,"67":0,"68":0,"69":0,"70":0,"71":0,"72":0,"73":0,"74":0,"75":0,"76":0,"77":33,"78":18,"79":33,"80":3,"81":3,"82":33,"83":1,"84":0,"85":0},"f":{"0":1,"1":15,"2":80,"3":2,"4":4,"5":4,"6":2,"7":0,"8":0,"9":0,"10":0,"11":0,"12":0,"13":0,"14":0,"15":0,"16":1,"17":3,"18":2,"19":0,"20":0,"21":0,"22":18,"23":3,"24":1,"25":0},"b":{"0":[2,1],"1":[1,1],"2":[1,0],"3":[1,3],"4":[1,0],"5":[0,0],"6":[0,0],"7":[0,0],"8":[0,0]},"inputSourceMap":null,"_coverageSchema":"1a1c01bbd47fc00a2c39e90264f33305004495a9","hash":"3a72ad97f06994fcbc439a839988ef024a474e7a"}
,"C:\\Users\\kaina\\OneDrive\\Documentos\\GitHub\\UNO-Final-Project\\src\\services\\scoreService.js": {"path":"C:\\Users\\kaina\\OneDrive\\Documentos\\GitHub\\UNO-Final-Project\\src\\services\\scoreService.js","statementMap":{"0":{"start":{"line":4,"column":27},"end":{"line":10,"column":1}},"1":{"start":{"line":5,"column":2},"end":{"line":9,"column":5}},"2":{"start":{"line":12,"column":29},"end":{"line":14,"column":1}},"3":{"start":{"line":13,"column":2},"end":{"line":13,"column":44}},"4":{"start":{"line":16,"column":31},"end":{"line":34,"column":1}},"5":{"start":{"line":17,"column":20},"end":{"line":17,"column":56}},"6":{"start":{"line":17,"column":44},"end":{"line":17,"column":55}},"7":{"start":{"line":19,"column":18},"end":{"line":23,"column":4}},"8":{"start":{"line":25,"column":17},"end":{"line":25,"column":19}},"9":{"start":{"line":26,"column":2},"end":{"line":31,"column":3}},"10":{"start":{"line":27,"column":19},"end":{"line":27,"column":60}},"11":{"start":{"line":27,"column":39},"end":{"line":27,"column":59}},"12":{"start":{"line":28,"column":4},"end":{"line":30,"column":5}},"13":{"start":{"line":29,"column":6},"end":{"line":29,"column":41}},"14":{"start":{"line":33,"column":2},"end":{"line":33,"column":16}},"15":{"start":{"line":36,"column":27},"end":{"line":38,"column":1}},"16":{"start":{"line":37,"column":2},"end":{"line":37,"column":44}},"17":{"start":{"line":40,"column":27},"end":{"line":42,"column":1}},"18":{"start":{"line":41,"column":2},"end":{"line":41,"column":40}}},"fnMap":{"0":{"name":"(anonymous_0)","decl":{"start":{"line":4,"column":27},"end":{"line":4,"column":28}},"loc":{"start":{"line":4,"column":62},"end":{"line":10,"column":1}},"line":4},"1":{"name":"(anonymous_1)","decl":{"start":{"line":12,"column":29},"end":{"line":12,"column":30}},"loc":{"start":{"line":12,"column":48},"end":{"line":14,"column":1}},"line":12},"2":{"name":"(anonymous_2)","decl":{"start":{"line":16,"column":31},"end":{"line":16,"column":32}},"loc":{"start":{"line":16,"column":54},"end":{"line":34,"column":1}},"line":16},"3":{"name":"(anonymous_3)","decl":{"start":{"line":17,"column":36},"end":{"line":17,"column":37}},"loc":{"start":{"line":17,"column":44},"end":{"line":17,"column":55}},"line":17},"4":{"name":"(anonymous_4)","decl":{"start":{"line":27,"column":32},"end":{"line":27,"column":33}},"loc":{"start":{"line":27,"column":39},"end":{"line":27,"column":59}},"line":27},"5":{"name":"(anonymous_5)","decl":{"start":{"line":36,"column":27},"end":{"line":36,"column":28}},"loc":{"start":{"line":36,"column":56},"end":{"line":38,"column":1}},"line":36},"6":{"name":"(anonymous_6)","decl":{"start":{"line":40,"column":27},"end":{"line":40,"column":28}},"loc":{"start":{"line":40,"column":49},"end":{"line":42,"column":1}},"line":40}},"branchMap":{"0":{"loc":{"start":{"line":28,"column":4},"end":{"line":30,"column":5}},"type":"if","locations":[{"start":{"line":28,"column":4},"end":{"line":30,"column":5}},{"start":{},"end":{}}],"line":28}},"s":{"0":33,"1":2,"2":33,"3":9,"4":33,"5":1,"6":2,"7":1,"8":1,"9":1,"10":2,"11":3,"12":2,"13":2,"14":1,"15":33,"16":2,"17":33,"18":1},"f":{"0":2,"1":9,"2":1,"3":2,"4":3,"5":2,"6":1},"b":{"0":[2,0]},"inputSourceMap":null,"_coverageSchema":"1a1c01bbd47fc00a2c39e90264f33305004495a9","hash":"adfa636a4fc6b951c34a9b0fb049ffe60d02d470"}
,"C:\\Users\\kaina\\OneDrive\\Documentos\\GitHub\\UNO-Final-Project\\src\\services\\tokenService.js": {"path":"C:\\Users\\kaina\\OneDrive\\Documentos\\GitHub\\UNO-Final-Project\\src\\services\\tokenService.js","statementMap":{"0":{"start":{"line":4,"column":29},"end":{"line":12,"column":1}},"1":{"start":{"line":5,"column":2},"end":{"line":9,"column":3}},"2":{"start":{"line":6,"column":18},"end":{"line":6,"column":56}},"3":{"start":{"line":7,"column":4},"end":{"line":7,"column":27}},"4":{"start":{"line":8,"column":4},"end":{"line":8,"column":16}},"5":{"start":{"line":11,"column":2},"end":{"line":11,"column":34}},"6":{"start":{"line":14,"column":34},"end":{"line":19,"column":1}},"7":{"start":{"line":15,"column":24},"end":{"line":17,"column":4}},"8":{"start":{"line":18,"column":2},"end":{"line":18,"column":25}},"9":{"start":{"line":21,"column":30},"end":{"line":23,"column":1}},"10":{"start":{"line":22,"column":2},"end":{"line":22,"column":55}}},"fnMap":{"0":{"name":"(anonymous_0)","decl":{"start":{"line":4,"column":29},"end":{"line":4,"column":30}},"loc":{"start":{"line":4,"column":53},"end":{"line":12,"column":1}},"line":4},"1":{"name":"(anonymous_1)","decl":{"start":{"line":14,"column":34},"end":{"line":14,"column":35}},"loc":{"start":{"line":14,"column":58},"end":{"line":19,"column":1}},"line":14},"2":{"name":"(anonymous_2)","decl":{"start":{"line":21,"column":30},"end":{"line":21,"column":31}},"loc":{"start":{"line":21,"column":54},"end":{"line":23,"column":1}},"line":21}},"branchMap":{"0":{"loc":{"start":{"line":5,"column":2},"end":{"line":9,"column":3}},"type":"if","locations":[{"start":{"line":5,"column":2},"end":{"line":9,"column":3}},{"start":{},"end":{}}],"line":5}},"s":{"0":33,"1":1,"2":0,"3":0,"4":0,"5":1,"6":33,"7":1,"8":1,"9":33,"10":1},"f":{"0":1,"1":1,"2":1},"b":{"0":[0,1]},"inputSourceMap":null,"_coverageSchema":"1a1c01bbd47fc00a2c39e90264f33305004495a9","hash":"5f4a064e8f55f1244638634e4c8ebf1d91629cf0"}
,"C:\\Users\\kaina\\OneDrive\\Documentos\\GitHub\\UNO-Final-Project\\src\\utils\\deckMonad.js": {"path":"C:\\Users\\kaina\\OneDrive\\Documentos\\GitHub\\UNO-Final-Project\\src\\utils\\deckMonad.js","statementMap":{"0":{"start":{"line":3,"column":4},"end":{"line":3,"column":21}},"1":{"start":{"line":7,"column":4},"end":{"line":7,"column":31}},"2":{"start":{"line":11,"column":4},"end":{"line":14,"column":5}},"3":{"start":{"line":11,"column":17},"end":{"line":11,"column":37}},"4":{"start":{"line":12,"column":16},"end":{"line":12,"column":51}},"5":{"start":{"line":13,"column":6},"end":{"line":13,"column":66}},"6":{"start":{"line":15,"column":4},"end":{"line":15,"column":16}},"7":{"start":{"line":19,"column":4},"end":{"line":21,"column":5}},"8":{"start":{"line":20,"column":6},"end":{"line":20,"column":52}},"9":{"start":{"line":23,"column":18},"end":{"line":26,"column":7}},"10":{"start":{"line":23,"column":43},"end":{"line":26,"column":5}},"11":{"start":{"line":28,"column":4},"end":{"line":32,"column":5}},"12":{"start":{"line":28,"column":17},"end":{"line":28,"column":18}},"13":{"start":{"line":29,"column":6},"end":{"line":31,"column":7}},"14":{"start":{"line":29,"column":19},"end":{"line":29,"column":20}},"15":{"start":{"line":30,"column":8},"end":{"line":30,"column":45}},"16":{"start":{"line":34,"column":4},"end":{"line":34,"column":17}}},"fnMap":{"0":{"name":"(anonymous_0)","decl":{"start":{"line":2,"column":2},"end":{"line":2,"column":3}},"loc":{"start":{"line":2,"column":20},"end":{"line":4,"column":3}},"line":2},"1":{"name":"(anonymous_1)","decl":{"start":{"line":6,"column":2},"end":{"line":6,"column":3}},"loc":{"start":{"line":6,"column":18},"end":{"line":8,"column":3}},"line":6},"2":{"name":"(anonymous_2)","decl":{"start":{"line":10,"column":2},"end":{"line":10,"column":3}},"loc":{"start":{"line":10,"column":12},"end":{"line":16,"column":3}},"line":10},"3":{"name":"(anonymous_3)","decl":{"start":{"line":18,"column":2},"end":{"line":18,"column":3}},"loc":{"start":{"line":18,"column":26},"end":{"line":35,"column":3}},"line":18},"4":{"name":"(anonymous_4)","decl":{"start":{"line":23,"column":30},"end":{"line":23,"column":31}},"loc":{"start":{"line":23,"column":43},"end":{"line":26,"column":5}},"line":23}},"branchMap":{"0":{"loc":{"start":{"line":19,"column":4},"end":{"line":21,"column":5}},"type":"if","locations":[{"start":{"line":19,"column":4},"end":{"line":21,"column":5}},{"start":{},"end":{}}],"line":19}},"s":{"0":4,"1":4,"2":3,"3":3,"4":108,"5":108,"6":3,"7":2,"8":1,"9":1,"10":2,"11":1,"12":1,"13":5,"14":5,"15":10,"16":1},"f":{"0":4,"1":4,"2":3,"3":2,"4":2},"b":{"0":[1,1]},"inputSourceMap":null,"_coverageSchema":"1a1c01bbd47fc00a2c39e90264f33305004495a9","hash":"47bd88d3b8e1324a06621eb6213b9b99e3fb1328"}
,"C:\\Users\\kaina\\OneDrive\\Documentos\\GitHub\\UNO-Final-Project\\src\\utils\\logger.js": {"path":"C:\\Users\\kaina\\OneDrive\\Documentos\\GitHub\\UNO-Final-Project\\src\\utils\\logger.js","statementMap":{"0":{"start":{"line":3,"column":15},"end":{"line":15,"column":2}}},"fnMap":{},"branchMap":{},"s":{"0":33},"f":{},"b":{},"inputSourceMap":null,"_coverageSchema":"1a1c01bbd47fc00a2c39e90264f33305004495a9","hash":"17149136af6405928ac305ae6e609555614fbf57"}
,"C:\\Users\\kaina\\OneDrive\\Documentos\\GitHub\\UNO-Final-Project\\src\\utils\\passwordUtils.js": {"path":"C:\\Users\\kaina\\OneDrive\\Documentos\\GitHub\\UNO-Final-Project\\src\\utils\\passwordUtils.js","statementMap":{"0":{"start":{"line":4,"column":28},"end":{"line":6,"column":1}},"1":{"start":{"line":5,"column":2},"end":{"line":5,"column":75}}},"fnMap":{"0":{"name":"(anonymous_0)","decl":{"start":{"line":4,"column":28},"end":{"line":4,"column":29}},"loc":{"start":{"line":4,"column":42},"end":{"line":6,"column":1}},"line":4}},"branchMap":{},"s":{"0":33,"1":39},"f":{"0":39},"b":{},"inputSourceMap":null,"_coverageSchema":"1a1c01bbd47fc00a2c39e90264f33305004495a9","hash":"7d2dea1bab3a352de451e53eabb18a5cdea0abe1"}
,"C:\\Users\\kaina\\OneDrive\\Documentos\\GitHub\\UNO-Final-Project\\src\\utils\\validation.js": {"path":"C:\\Users\\kaina\\OneDrive\\Documentos\\GitHub\\UNO-Final-Project\\src\\utils\\validation.js","statementMap":{"0":{"start":{"line":1,"column":30},"end":{"line":7,"column":1}},"1":{"start":{"line":2,"column":2},"end":{"line":6,"column":3}},"2":{"start":{"line":3,"column":4},"end":{"line":5,"column":5}},"3":{"start":{"line":4,"column":6},"end":{"line":4,"column":65}}},"fnMap":{"0":{"name":"(anonymous_0)","decl":{"start":{"line":1,"column":30},"end":{"line":1,"column":31}},"loc":{"start":{"line":1,"column":47},"end":{"line":7,"column":1}},"line":1}},"branchMap":{"0":{"loc":{"start":{"line":3,"column":4},"end":{"line":5,"column":5}},"type":"if","locations":[{"start":{"line":3,"column":4},"end":{"line":5,"column":5}},{"start":{},"end":{}}],"line":3}},"s":{"0":33,"1":128,"2":216,"3":14},"f":{"0":128},"b":{"0":[14,202]},"inputSourceMap":null,"_coverageSchema":"1a1c01bbd47fc00a2c39e90264f33305004495a9","hash":"85517371998ab35cdb36c1a9be4d6a7a5100cb4b"}
,"C:\\Users\\kaina\\OneDrive\\Documentos\\GitHub\\UNO-Final-Project\\src\\utils\\verifyToken.js": {"path":"C:\\Users\\kaina\\OneDrive\\Documentos\\GitHub\\UNO-Final-Project\\src\\utils\\verifyToken.js","statementMap":{"0":{"start":{"line":6,"column":2},"end":{"line":41,"column":5}},"1":{"start":{"line":7,"column":22},"end":{"line":9,"column":6}},"2":{"start":{"line":11,"column":4},"end":{"line":15,"column":5}},"3":{"start":{"line":12,"column":20},"end":{"line":12,"column":53}},"4":{"start":{"line":13,"column":6},"end":{"line":13,"column":23}},"5":{"start":{"line":14,"column":6},"end":{"line":14,"column":27}},"6":{"start":{"line":17,"column":4},"end":{"line":40,"column":6}},"7":{"start":{"line":21,"column":8},"end":{"line":25,"column":9}},"8":{"start":{"line":22,"column":24},"end":{"line":22,"column":55}},"9":{"start":{"line":23,"column":10},"end":{"line":23,"column":27}},"10":{"start":{"line":24,"column":10},"end":{"line":24,"column":31}},"11":{"start":{"line":27,"column":8},"end":{"line":38,"column":9}},"12":{"start":{"line":28,"column":23},"end":{"line":28,"column":65}},"13":{"start":{"line":29,"column":10},"end":{"line":33,"column":11}},"14":{"start":{"line":30,"column":26},"end":{"line":30,"column":55}},"15":{"start":{"line":31,"column":12},"end":{"line":31,"column":29}},"16":{"start":{"line":32,"column":12},"end":{"line":32,"column":33}},"17":{"start":{"line":35,"column":10},"end":{"line":35,"column":24}},"18":{"start":{"line":37,"column":10},"end":{"line":37,"column":24}}},"fnMap":{"0":{"name":"VerifyToken","decl":{"start":{"line":5,"column":30},"end":{"line":5,"column":41}},"loc":{"start":{"line":5,"column":56},"end":{"line":42,"column":1}},"line":5},"1":{"name":"(anonymous_1)","decl":{"start":{"line":6,"column":21},"end":{"line":6,"column":22}},"loc":{"start":{"line":6,"column":48},"end":{"line":41,"column":3}},"line":6},"2":{"name":"(anonymous_2)","decl":{"start":{"line":20,"column":6},"end":{"line":20,"column":7}},"loc":{"start":{"line":20,"column":35},"end":{"line":39,"column":7}},"line":20}},"branchMap":{"0":{"loc":{"start":{"line":11,"column":4},"end":{"line":15,"column":5}},"type":"if","locations":[{"start":{"line":11,"column":4},"end":{"line":15,"column":5}},{"start":{},"end":{}}],"line":11},"1":{"loc":{"start":{"line":21,"column":8},"end":{"line":25,"column":9}},"type":"if","locations":[{"start":{"line":21,"column":8},"end":{"line":25,"column":9}},{"start":{},"end":{}}],"line":21},"2":{"loc":{"start":{"line":29,"column":10},"end":{"line":33,"column":11}},"type":"if","locations":[{"start":{"line":29,"column":10},"end":{"line":33,"column":11}},{"start":{},"end":{}}],"line":29}},"s":{"0":83,"1":83,"2":83,"3":1,"4":1,"5":1,"6":82,"7":82,"8":2,"9":2,"10":2,"11":80,"12":80,"13":80,"14":0,"15":0,"16":0,"17":80,"18":0},"f":{"0":83,"1":83,"2":82},"b":{"0":[1,82],"1":[2,80],"2":[0,80]},"inputSourceMap":null,"_coverageSchema":"1a1c01bbd47fc00a2c39e90264f33305004495a9","hash":"37c2db7804ff3c34996824c1be10cd10d145cc0e"}
}
