TN:
SF:src\index.js
FN:13,(anonymous_0)
FN:21,(anonymous_1)
FN:44,oo_cm
FNF:3
FNH:0
FNDA:0,(anonymous_0)
FNDA:0,(anonymous_1)
FNDA:0,oo_cm
DA:6,36
DA:7,36
DA:9,36
DA:10,36
DA:11,36
DA:13,36
DA:14,0
DA:15,0
DA:16,0
DA:18,0
DA:19,0
DA:21,0
DA:22,0
DA:25,0
DA:33,36
DA:34,0
DA:44,0
LF:17
LH:7
BRDA:7,0,0,36
BRDA:7,0,1,36
BRDA:33,1,0,0
BRDA:33,1,1,36
BRDA:44,2,0,0
BRDA:44,2,1,0
BRF:6
BRH:3
end_of_record
TN:
SF:src\config\database.js
FNF:0
FNH:0
DA:4,43
DA:6,43
DA:8,43
LF:3
LH:3
BRDA:9,0,0,43
BRDA:9,0,1,0
BRDA:10,1,0,43
BRDA:10,1,1,0
BRDA:11,2,0,43
BRDA:11,2,1,0
BRDA:13,3,0,43
BRDA:13,3,1,0
BRDA:14,4,0,43
BRDA:14,4,1,0
BRDA:17,5,0,43
BRDA:17,5,1,0
BRDA:20,6,0,43
BRDA:20,6,1,0
BRF:14
BRH:7
end_of_record
TN:
SF:src\controllers\authController.js
FNF:0
FNH:0
DA:7,36
DA:9,36
DA:10,36
DA:11,36
LF:4
LH:4
BRF:0
BRH:0
end_of_record
TN:
SF:src\controllers\cardController.js
FNF:0
FNH:0
DA:10,36
DA:12,36
DA:13,36
DA:14,36
DA:15,36
DA:16,36
DA:17,36
LF:7
LH:7
BRF:0
BRH:0
end_of_record
TN:
SF:src\controllers\gameController.js
FNF:0
FNH:0
DA:25,36
DA:27,36
DA:28,36
DA:29,36
DA:30,36
DA:31,36
DA:32,36
DA:33,36
DA:34,36
DA:35,36
DA:36,36
DA:37,36
DA:38,36
DA:39,36
DA:40,36
DA:41,36
DA:42,36
DA:43,36
DA:44,36
DA:45,36
DA:46,36
DA:47,36
LF:22
LH:22
BRF:0
BRH:0
end_of_record
TN:
SF:src\controllers\playerController.js
FNF:0
FNH:0
DA:8,36
DA:10,36
DA:11,36
DA:12,36
DA:13,36
LF:5
LH:5
BRF:0
BRH:0
end_of_record
TN:
SF:src\controllers\scoreController.js
FNF:0
FNH:0
DA:8,36
DA:10,36
DA:11,36
DA:12,36
DA:13,36
DA:14,36
LF:6
LH:6
BRF:0
BRH:0
end_of_record
TN:
SF:src\middleware\authenticate.js
FN:3,(anonymous_0)
FNF:1
FNH:1
FNDA:99,(anonymous_0)
DA:3,36
DA:4,99
DA:6,99
DA:7,8
DA:10,91
DA:11,91
DA:12,88
DA:14,88
DA:16,3
LF:9
LH:9
BRDA:6,0,0,8
BRDA:6,0,1,91
BRF:2
BRH:2
end_of_record
TN:
SF:src\middleware\errorHandler.js
FN:3,(anonymous_0)
FNF:1
FNH:1
FNDA:17,(anonymous_0)
DA:3,36
DA:4,17
DA:12,17
DA:13,17
DA:14,17
DA:18,17
LF:6
LH:6
BRDA:12,0,0,17
BRDA:12,0,1,1
BRDA:13,1,0,1
BRDA:13,1,1,16
BRDA:14,2,0,17
BRDA:14,2,1,0
BRF:6
BRH:5
end_of_record
TN:
SF:src\models\blacklistToken.js
FNF:0
FNH:0
DA:4,37
LF:1
LH:1
BRF:0
BRH:0
end_of_record
TN:
SF:src\models\card.js
FNF:0
FNH:0
DA:6,37
LF:1
LH:1
BRF:0
BRH:0
end_of_record
TN:
SF:src\models\game.js
FNF:0
FNH:0
DA:5,40
LF:1
LH:1
BRF:0
BRH:0
end_of_record
TN:
SF:src\models\gamePlayer.js
FNF:0
FNH:0
DA:6,37
LF:1
LH:1
BRF:0
BRH:0
end_of_record
TN:
SF:src\models\history.js
FNF:0
FNH:0
DA:5,38
LF:1
LH:1
BRF:0
BRH:0
end_of_record
TN:
SF:src\models\player.js
FNF:0
FNH:0
DA:4,42
LF:1
LH:1
BRF:0
BRH:0
end_of_record
TN:
SF:src\routes\index.js
FNF:0
FNH:0
DA:8,36
DA:10,36
DA:11,36
DA:12,36
DA:13,36
DA:14,36
LF:6
LH:6
BRF:0
BRH:0
end_of_record
TN:
SF:src\routes\auth\getPerfil.js
FN:1,(anonymous_0)
FNF:1
FNH:1
FNDA:1,(anonymous_0)
DA:1,36
DA:2,1
DA:3,1
DA:5,1
DA:10,0
LF:5
LH:4
BRF:0
BRH:0
end_of_record
TN:
SF:src\routes\auth\login.js
FN:7,(anonymous_0)
FNF:1
FNH:1
FNDA:40,(anonymous_0)
DA:7,36
DA:8,40
DA:9,40
DA:11,40
DA:12,40
DA:13,39
DA:15,39
DA:17,1
LF:8
LH:8
BRF:0
BRH:0
end_of_record
TN:
SF:src\routes\auth\logout.js
FN:7,(anonymous_0)
FNF:1
FNH:1
FNDA:1,(anonymous_0)
DA:7,36
DA:8,1
DA:10,1
DA:11,1
DA:13,1
DA:14,0
DA:17,1
DA:19,1
DA:21,0
LF:9
LH:7
BRDA:13,0,0,0
BRDA:13,0,1,1
BRF:2
BRH:1
end_of_record
TN:
SF:src\routes\card\createCard.js
FN:4,(anonymous_0)
FNF:1
FNH:1
FNDA:3,(anonymous_0)
DA:4,36
DA:5,3
DA:6,3
DA:7,3
DA:8,1
DA:11,2
DA:12,2
DA:13,1
DA:16,1
DA:18,1
DA:24,1
DA:26,0
LF:12
LH:11
BRDA:7,0,0,1
BRDA:7,0,1,2
BRDA:7,1,0,3
BRDA:7,1,1,3
BRDA:7,1,2,3
BRDA:7,1,3,3
BRDA:7,1,4,3
BRDA:12,2,0,1
BRDA:12,2,1,1
BRDA:12,3,0,2
BRDA:12,3,1,1
BRF:11
BRH:11
end_of_record
TN:
SF:src\routes\card\deleteCard.js
FN:3,(anonymous_0)
FNF:1
FNH:1
FNDA:2,(anonymous_0)
DA:3,36
DA:4,2
DA:5,2
DA:6,2
DA:7,1
DA:9,1
DA:10,1
DA:12,0
LF:8
LH:7
BRDA:6,0,0,1
BRDA:6,0,1,1
BRDA:6,1,0,2
BRDA:6,1,1,1
BRF:4
BRH:4
end_of_record
TN:
SF:src\routes\card\drawCard.js
FN:12,(anonymous_0)
FNF:1
FNH:1
FNDA:3,(anonymous_0)
DA:12,36
DA:13,3
DA:14,3
DA:16,3
DA:18,3
DA:19,3
DA:20,3
DA:21,0
DA:24,3
DA:25,2
DA:30,1
DA:31,1
DA:32,1
DA:33,1
DA:34,1
DA:36,1
DA:37,1
DA:38,0
DA:41,1
DA:47,1
DA:52,0
LF:21
LH:18
BRDA:20,0,0,0
BRDA:20,0,1,3
BRDA:20,1,0,3
BRDA:20,1,1,3
BRDA:24,2,0,2
BRDA:24,2,1,1
BRDA:37,3,0,0
BRDA:37,3,1,1
BRF:8
BRH:6
end_of_record
TN:
SF:src\routes\card\getCard.js
FN:3,(anonymous_0)
FNF:1
FNH:1
FNDA:3,(anonymous_0)
DA:3,36
DA:4,3
DA:5,3
DA:6,3
DA:7,2
DA:9,1
DA:15,1
DA:17,0
LF:8
LH:7
BRDA:6,0,0,2
BRDA:6,0,1,1
BRDA:6,1,0,3
BRDA:6,1,1,2
BRF:4
BRH:4
end_of_record
TN:
SF:src\routes\card\playCard.js
FN:29,(anonymous_0)
FN:98,(anonymous_1)
FN:212,oo_cm
FNF:3
FNH:2
FNDA:6,(anonymous_0)
FNDA:0,(anonymous_1)
FNDA:1,oo_cm
DA:29,36
DA:30,6
DA:31,6
DA:32,6
DA:34,6
DA:35,6
DA:36,6
DA:37,1
DA:40,5
DA:41,1
DA:46,4
DA:47,4
DA:48,1
DA:51,3
DA:52,0
DA:55,3
DA:56,1
DA:61,2
DA:62,1
DA:65,1
DA:67,1
DA:69,1
DA:70,1
DA:72,1
DA:73,0
DA:74,0
DA:77,0
DA:78,0
DA:79,0
DA:80,0
DA:82,0
DA:86,0
DA:90,0
DA:91,0
DA:93,0
DA:94,0
DA:95,0
DA:97,0
DA:98,0
DA:99,0
DA:101,0
DA:102,0
DA:105,0
DA:111,0
DA:112,0
DA:113,0
DA:120,1
DA:121,1
DA:122,0
DA:128,1
DA:129,0
DA:133,1
DA:134,0
DA:137,1
DA:138,0
DA:141,1
DA:142,0
DA:143,0
DA:144,0
DA:146,0
DA:150,0
DA:153,1
DA:154,0
DA:155,0
DA:156,0
DA:158,0
DA:165,1
DA:167,1
DA:169,1
DA:171,1
DA:173,1
DA:174,0
DA:178,0
DA:179,0
DA:180,0
DA:185,0
DA:187,0
DA:193,1
DA:198,1
DA:203,0
DA:212,1
LF:81
LH:38
BRDA:36,0,0,1
BRDA:36,0,1,5
BRDA:36,1,0,6
BRDA:36,1,1,5
BRDA:40,2,0,1
BRDA:40,2,1,4
BRDA:47,3,0,1
BRDA:47,3,1,3
BRDA:47,4,0,4
BRDA:47,4,1,3
BRDA:51,5,0,0
BRDA:51,5,1,3
BRDA:55,6,0,1
BRDA:55,6,1,2
BRDA:61,7,0,1
BRDA:61,7,1,1
BRDA:72,8,0,0
BRDA:72,8,1,1
BRDA:73,9,0,0
BRDA:73,9,1,0
BRDA:73,10,0,0
BRDA:73,10,1,0
BRDA:77,11,0,0
BRDA:77,11,1,0
BRDA:78,12,0,0
BRDA:78,12,1,0
BRDA:101,13,0,0
BRDA:101,13,1,0
BRDA:121,14,0,0
BRDA:121,14,1,1
BRDA:121,15,0,1
BRDA:121,15,1,0
BRDA:128,16,0,0
BRDA:128,16,1,1
BRDA:133,17,0,0
BRDA:133,17,1,1
BRDA:137,18,0,0
BRDA:137,18,1,1
BRDA:141,19,0,0
BRDA:141,19,1,1
BRDA:142,20,0,0
BRDA:142,20,1,0
BRDA:153,21,0,0
BRDA:153,21,1,1
BRDA:154,22,0,0
BRDA:154,22,1,0
BRDA:165,23,0,1
BRDA:165,23,1,0
BRDA:173,24,0,0
BRDA:173,24,1,1
BRDA:179,25,0,0
BRDA:179,25,1,0
BRDA:212,26,0,1
BRDA:212,26,1,1
BRF:54
BRH:27
end_of_record
TN:
SF:src\routes\card\updateCard.js
FN:4,(anonymous_0)
FNF:1
FNH:1
FNDA:4,(anonymous_0)
DA:4,36
DA:5,4
DA:6,4
DA:7,4
DA:8,2
DA:10,2
DA:11,2
DA:13,2
DA:14,2
DA:20,2
DA:22,1
LF:11
LH:11
BRDA:7,0,0,2
BRDA:7,0,1,2
BRDA:7,1,0,4
BRDA:7,1,1,3
BRF:4
BRH:4
end_of_record
TN:
SF:src\routes\game\challengePlayer.js
FN:11,(anonymous_0)
FNF:1
FNH:1
FNDA:4,(anonymous_0)
DA:11,36
DA:12,4
DA:13,4
DA:14,4
DA:16,4
DA:17,4
DA:19,4
DA:20,2
DA:22,2
DA:24,2
DA:25,2
DA:26,0
DA:29,2
DA:31,2
DA:32,0
DA:38,2
DA:39,1
DA:41,1
DA:43,1
DA:48,1
DA:53,1
LF:21
LH:19
BRDA:19,0,0,2
BRDA:19,0,1,2
BRDA:19,1,0,4
BRDA:19,1,1,2
BRDA:25,2,0,0
BRDA:25,2,1,2
BRDA:25,3,0,2
BRDA:25,3,1,2
BRDA:31,4,0,0
BRDA:31,4,1,2
BRDA:38,5,0,1
BRDA:38,5,1,1
BRDA:38,6,0,2
BRDA:38,6,1,1
BRF:14
BRH:12
end_of_record
TN:
SF:src\routes\game\checkHand.js
FN:6,(anonymous_0)
FNF:1
FNH:1
FNDA:3,(anonymous_0)
DA:6,36
DA:7,3
DA:8,3
DA:10,3
DA:11,3
DA:12,1
DA:14,2
DA:16,2
DA:17,2
DA:19,2
DA:21,2
DA:22,4
DA:23,1
DA:31,2
DA:40,0
LF:15
LH:14
BRDA:11,0,0,1
BRDA:11,0,1,2
BRDA:11,1,0,3
BRDA:11,1,1,2
BRDA:22,2,0,1
BRDA:22,2,1,3
BRF:6
BRH:6
end_of_record
TN:
SF:src\routes\game\createGame.js
FN:4,(anonymous_0)
FNF:1
FNH:1
FNDA:14,(anonymous_0)
DA:4,36
DA:5,14
DA:6,14
DA:8,14
DA:9,0
DA:12,14
DA:13,14
DA:14,14
DA:16,14
DA:20,0
LF:10
LH:8
BRDA:8,0,0,0
BRDA:8,0,1,14
BRDA:8,1,0,14
BRDA:8,1,1,0
BRDA:8,1,2,14
BRDA:13,2,0,14
BRDA:13,2,1,14
BRF:7
BRH:5
end_of_record
TN:
SF:src\routes\game\dealCards.js
FN:9,(anonymous_0)
FN:56,(anonymous_1)
FNF:2
FNH:2
FNDA:5,(anonymous_0)
FNDA:14,(anonymous_1)
DA:9,36
DA:10,5
DA:11,5
DA:12,5
DA:14,5
DA:16,5
DA:17,1
DA:20,4
DA:21,4
DA:22,1
DA:25,3
DA:26,0
DA:31,3
DA:32,3
DA:33,0
DA:35,3
DA:36,3
DA:37,3
DA:38,1
DA:44,2
DA:45,1
DA:47,1
DA:53,1
DA:54,1
DA:55,2
DA:56,14
DA:58,0
DA:62,1
DA:66,0
LF:29
LH:25
BRDA:16,0,0,1
BRDA:16,0,1,4
BRDA:21,1,0,1
BRDA:21,1,1,3
BRDA:21,2,0,4
BRDA:21,2,1,3
BRDA:25,3,0,0
BRDA:25,3,1,3
BRDA:32,4,0,0
BRDA:32,4,1,3
BRDA:37,5,0,1
BRDA:37,5,1,2
BRDA:44,6,0,1
BRDA:44,6,1,1
BRDA:55,7,0,2
BRDA:55,7,1,0
BRF:16
BRH:13
end_of_record
TN:
SF:src\routes\game\deleteGame.js
FN:6,(anonymous_0)
FNF:1
FNH:1
FNDA:2,(anonymous_0)
DA:6,36
DA:7,2
DA:8,2
DA:9,2
DA:10,0
DA:13,2
DA:14,1
DA:19,1
DA:20,1
DA:22,0
LF:10
LH:8
BRDA:9,0,0,0
BRDA:9,0,1,2
BRDA:9,1,0,2
BRDA:9,1,1,2
BRDA:13,2,0,1
BRDA:13,2,1,1
BRF:6
BRH:5
end_of_record
TN:
SF:src\routes\game\endGame.js
FN:8,(anonymous_0)
FNF:1
FNH:1
FNDA:3,(anonymous_0)
DA:8,36
DA:9,3
DA:10,3
DA:11,3
DA:13,3
DA:14,3
DA:15,1
DA:18,2
DA:20,2
DA:21,1
DA:26,1
DA:27,1
DA:29,1
DA:31,1
LF:14
LH:14
BRDA:14,0,0,1
BRDA:14,0,1,2
BRDA:14,1,0,3
BRDA:14,1,1,2
BRDA:20,2,0,1
BRDA:20,2,1,1
BRF:6
BRH:6
end_of_record
TN:
SF:src\routes\game\getCurrentPlayer.js
FN:5,(anonymous_0)
FNF:1
FNH:1
FNDA:3,(anonymous_0)
DA:5,36
DA:6,3
DA:7,3
DA:8,3
DA:10,3
DA:11,3
DA:12,1
DA:15,2
DA:16,1
DA:19,1
DA:20,1
DA:21,0
DA:24,1
DA:26,0
LF:14
LH:12
BRDA:11,0,0,1
BRDA:11,0,1,2
BRDA:11,1,0,3
BRDA:11,1,1,2
BRDA:15,2,0,1
BRDA:15,2,1,1
BRDA:20,3,0,0
BRDA:20,3,1,1
BRF:8
BRH:7
end_of_record
TN:
SF:src\routes\game\getGame.js
FN:4,(anonymous_0)
FNF:1
FNH:1
FNDA:2,(anonymous_0)
DA:4,36
DA:5,2
DA:6,2
DA:7,2
DA:9,2
DA:10,2
DA:11,1
DA:14,1
DA:21,0
LF:9
LH:8
BRDA:10,0,0,1
BRDA:10,0,1,1
BRDA:10,1,0,2
BRDA:10,1,1,1
BRF:4
BRH:4
end_of_record
TN:
SF:src\routes\game\getGeneralStatus.js
FN:10,(anonymous_0)
FN:39,(anonymous_1)
FNF:2
FNH:2
FNDA:4,(anonymous_0)
FNDA:1,(anonymous_1)
DA:10,36
DA:11,4
DA:12,4
DA:13,4
DA:15,4
DA:16,4
DA:17,1
DA:20,3
DA:21,1
DA:23,2
DA:25,2
DA:26,2
DA:27,1
DA:30,1
DA:32,1
DA:33,1
DA:39,1
DA:45,1
DA:47,0
LF:19
LH:18
BRDA:16,0,0,1
BRDA:16,0,1,3
BRDA:16,1,0,4
BRDA:16,1,1,3
BRDA:20,2,0,1
BRDA:20,2,1,2
BRDA:26,3,0,1
BRDA:26,3,1,1
BRDA:36,4,0,1
BRDA:36,4,1,0
BRF:10
BRH:9
end_of_record
TN:
SF:src\routes\game\getHistory.js
FN:5,(anonymous_0)
FN:16,(anonymous_1)
FNF:2
FNH:0
FNDA:0,(anonymous_0)
FNDA:0,(anonymous_1)
DA:5,36
DA:6,0
DA:7,0
DA:8,0
DA:10,0
DA:11,0
DA:12,0
DA:15,0
DA:16,0
DA:20,0
DA:22,0
LF:11
LH:1
BRDA:11,0,0,0
BRDA:11,0,1,0
BRDA:11,1,0,0
BRDA:11,1,1,0
BRF:4
BRH:0
end_of_record
TN:
SF:src\routes\game\getPlayerHand.js
FN:3,(anonymous_0)
FN:11,(anonymous_1)
FNF:2
FNH:0
FNDA:0,(anonymous_0)
FNDA:0,(anonymous_1)
DA:3,36
DA:4,0
DA:6,0
DA:7,0
DA:9,0
DA:11,0
DA:14,0
DA:16,0
DA:17,0
DA:19,0
LF:10
LH:1
BRDA:16,0,0,0
BRDA:16,0,1,0
BRF:2
BRH:0
end_of_record
TN:
SF:src\routes\game\getPlayerHands.js
FN:3,(anonymous_0)
FNF:1
FNH:1
FNDA:4,(anonymous_0)
DA:3,36
DA:4,4
DA:6,4
DA:7,4
DA:8,2
DA:10,2
DA:11,2
DA:13,0
LF:8
LH:7
BRDA:10,0,0,2
BRDA:10,0,1,0
BRF:2
BRH:1
end_of_record
TN:
SF:src\routes\game\getPlayersInGame.js
FN:6,(anonymous_0)
FNF:1
FNH:1
FNDA:3,(anonymous_0)
DA:6,36
DA:7,3
DA:8,3
DA:9,3
DA:11,3
DA:12,3
DA:13,2
DA:15,1
DA:16,1
DA:18,1
DA:20,1
LF:11
LH:11
BRDA:12,0,0,2
BRDA:12,0,1,1
BRDA:12,1,0,3
BRDA:12,1,1,1
BRF:4
BRH:4
end_of_record
TN:
SF:src\routes\game\getReady.js
FN:6,(anonymous_0)
FNF:1
FNH:1
FNDA:4,(anonymous_0)
DA:6,36
DA:7,4
DA:8,4
DA:9,4
DA:11,4
DA:12,4
DA:13,1
DA:15,3
DA:17,3
DA:18,3
DA:19,1
DA:21,2
DA:22,1
DA:24,1
DA:26,1
DA:28,0
LF:16
LH:15
BRDA:12,0,0,1
BRDA:12,0,1,3
BRDA:12,1,0,4
BRDA:12,1,1,3
BRDA:18,2,0,1
BRDA:18,2,1,2
BRDA:18,3,0,3
BRDA:18,3,1,2
BRDA:21,4,0,1
BRDA:21,4,1,1
BRF:10
BRH:10
end_of_record
TN:
SF:src\routes\game\getStatusGame.js
FN:4,(anonymous_0)
FNF:1
FNH:1
FNDA:3,(anonymous_0)
DA:4,36
DA:5,3
DA:6,3
DA:7,3
DA:9,3
DA:10,3
DA:11,2
DA:14,1
DA:16,1
LF:9
LH:9
BRDA:10,0,0,2
BRDA:10,0,1,1
BRDA:10,1,0,3
BRDA:10,1,1,1
BRF:4
BRH:4
end_of_record
TN:
SF:src\routes\game\getTopCard.js
FN:5,(anonymous_0)
FNF:1
FNH:1
FNDA:4,(anonymous_0)
DA:5,36
DA:6,4
DA:7,4
DA:8,4
DA:10,4
DA:11,4
DA:12,2
DA:15,2
DA:16,2
DA:17,1
DA:20,1
DA:25,1
DA:27,1
LF:13
LH:13
BRDA:11,0,0,2
BRDA:11,0,1,2
BRDA:16,1,0,1
BRDA:16,1,1,1
BRF:4
BRH:4
end_of_record
TN:
SF:src\routes\game\joinGame.js
FN:6,(anonymous_0)
FNF:1
FNH:1
FNDA:15,(anonymous_0)
DA:6,36
DA:7,15
DA:8,15
DA:9,15
DA:11,15
DA:13,15
DA:14,15
DA:15,2
DA:17,13
DA:18,13
DA:19,8
DA:21,5
DA:23,5
DA:27,1
LF:14
LH:14
BRDA:14,0,0,2
BRDA:14,0,1,13
BRDA:14,1,0,15
BRDA:14,1,1,13
BRDA:18,2,0,8
BRDA:18,2,1,5
BRF:6
BRH:6
end_of_record
TN:
SF:src\routes\game\leaveGame.js
FN:7,(anonymous_0)
FNF:1
FNH:1
FNDA:7,(anonymous_0)
DA:7,36
DA:8,7
DA:9,7
DA:10,7
DA:12,7
DA:13,7
DA:14,7
DA:15,2
DA:17,5
DA:18,5
DA:19,1
DA:22,4
DA:23,2
DA:24,2
DA:25,2
DA:27,2
DA:28,2
DA:33,1
LF:18
LH:18
BRDA:14,0,0,2
BRDA:14,0,1,5
BRDA:14,1,0,7
BRDA:14,1,1,5
BRDA:18,2,0,1
BRDA:18,2,1,4
BRDA:22,3,0,2
BRDA:22,3,1,2
BRF:8
BRH:8
end_of_record
TN:
SF:src\routes\game\sayUno.js
FN:9,(anonymous_0)
FNF:1
FNH:0
FNDA:0,(anonymous_0)
DA:9,36
DA:10,0
DA:11,0
DA:12,0
DA:14,0
DA:15,0
DA:16,0
DA:17,0
DA:20,0
DA:21,0
DA:25,0
DA:27,0
DA:28,0
DA:33,0
DA:34,0
DA:36,0
DA:42,0
DA:46,0
LF:18
LH:1
BRDA:16,0,0,0
BRDA:16,0,1,0
BRDA:16,1,0,0
BRDA:16,1,1,0
BRDA:20,2,0,0
BRDA:20,2,1,0
BRDA:27,3,0,0
BRDA:27,3,1,0
BRF:8
BRH:0
end_of_record
TN:
SF:src\routes\game\startGame.js
FN:6,(anonymous_0)
FN:25,(anonymous_1)
FNF:2
FNH:2
FNDA:8,(anonymous_0)
FNDA:8,(anonymous_1)
DA:6,36
DA:7,8
DA:8,8
DA:9,8
DA:11,8
DA:12,8
DA:13,8
DA:14,2
DA:16,6
DA:17,1
DA:22,5
DA:23,5
DA:24,1
DA:25,8
DA:26,4
DA:27,1
DA:29,3
DA:30,2
DA:32,1
DA:33,1
DA:34,1
DA:39,1
DA:41,1
LF:23
LH:23
BRDA:13,0,0,2
BRDA:13,0,1,6
BRDA:13,1,0,8
BRDA:13,1,1,6
BRDA:16,2,0,1
BRDA:16,2,1,5
BRDA:23,3,0,1
BRDA:23,3,1,4
BRDA:26,4,0,1
BRDA:26,4,1,3
BRDA:29,5,0,2
BRDA:29,5,1,1
BRF:12
BRH:12
end_of_record
TN:
SF:src\routes\game\updateGame.js
FN:7,(anonymous_0)
FNF:1
FNH:1
FNDA:5,(anonymous_0)
DA:7,36
DA:8,5
DA:9,5
DA:10,5
DA:11,5
DA:12,5
DA:14,5
DA:15,5
DA:17,5
DA:18,5
DA:19,1
DA:22,4
DA:23,1
DA:28,3
DA:33,3
DA:40,1
LF:16
LH:16
BRDA:14,0,0,1
BRDA:14,0,1,4
BRDA:18,1,0,1
BRDA:18,1,1,4
BRDA:18,2,0,5
BRDA:18,2,1,4
BRDA:22,3,0,1
BRDA:22,3,1,3
BRDA:29,4,0,3
BRDA:29,4,1,2
BRF:10
BRH:10
end_of_record
TN:
SF:src\routes\player\createPlayer.js
FN:7,(anonymous_0)
FNF:1
FNH:1
FNDA:4,(anonymous_0)
DA:7,36
DA:8,4
DA:9,4
DA:10,4
DA:12,4
DA:13,3
DA:15,1
DA:17,1
DA:19,1
LF:9
LH:9
BRDA:13,0,0,2
BRDA:13,0,1,1
BRF:2
BRH:2
end_of_record
TN:
SF:src\routes\player\deletePlayer.js
FN:4,(anonymous_0)
FNF:1
FNH:1
FNDA:2,(anonymous_0)
DA:4,36
DA:5,2
DA:6,2
DA:7,2
DA:8,0
DA:11,2
DA:12,2
DA:13,1
DA:16,1
DA:17,1
DA:19,0
LF:11
LH:9
BRDA:7,0,0,0
BRDA:7,0,1,2
BRDA:7,1,0,2
BRDA:7,1,1,2
BRDA:12,2,0,1
BRDA:12,2,1,1
BRF:6
BRH:5
end_of_record
TN:
SF:src\routes\player\getPlayer.js
FN:3,(anonymous_0)
FNF:1
FNH:1
FNDA:2,(anonymous_0)
DA:3,36
DA:4,2
DA:5,2
DA:6,2
DA:7,1
DA:9,1
DA:13,1
DA:15,0
LF:8
LH:7
BRDA:6,0,0,1
BRDA:6,0,1,1
BRDA:6,1,0,2
BRDA:6,1,1,1
BRF:4
BRH:4
end_of_record
TN:
SF:src\routes\player\updatePlayer.js
FN:7,(anonymous_0)
FNF:1
FNH:1
FNDA:5,(anonymous_0)
DA:7,36
DA:8,5
DA:9,5
DA:10,5
DA:11,5
DA:12,0
DA:14,5
DA:15,5
DA:17,5
DA:18,5
DA:19,1
DA:22,4
DA:27,4
DA:29,3
DA:30,3
DA:32,0
LF:16
LH:14
BRDA:11,0,0,0
BRDA:11,0,1,5
BRDA:11,1,0,5
BRDA:11,1,1,5
BRDA:18,2,0,1
BRDA:18,2,1,4
BRDA:27,3,0,1
BRDA:27,3,1,3
BRF:8
BRH:7
end_of_record
TN:
SF:src\routes\score\createScore.js
FN:6,(anonymous_0)
FNF:1
FNH:1
FNDA:4,(anonymous_0)
DA:6,36
DA:7,4
DA:8,4
DA:9,4
DA:11,4
DA:12,4
DA:13,1
DA:16,3
DA:17,3
DA:18,1
DA:21,2
DA:23,2
DA:29,2
DA:31,1
LF:14
LH:14
BRDA:12,0,0,1
BRDA:12,0,1,3
BRDA:12,1,0,4
BRDA:12,1,1,3
BRDA:17,2,0,1
BRDA:17,2,1,2
BRDA:17,3,0,3
BRDA:17,3,1,2
BRF:8
BRH:8
end_of_record
TN:
SF:src\routes\score\deleteScore.js
FN:5,(anonymous_0)
FNF:1
FNH:1
FNDA:2,(anonymous_0)
DA:5,36
DA:6,2
DA:7,2
DA:8,2
DA:9,1
DA:11,1
DA:12,1
DA:14,0
LF:8
LH:7
BRDA:8,0,0,1
BRDA:8,0,1,1
BRDA:8,1,0,2
BRDA:8,1,1,1
BRF:4
BRH:4
end_of_record
TN:
SF:src\routes\score\getPlayerScores.js
FN:6,(anonymous_0)
FNF:1
FNH:1
FNDA:4,(anonymous_0)
DA:6,36
DA:7,4
DA:8,4
DA:9,4
DA:11,4
DA:12,4
DA:13,2
DA:16,2
DA:17,2
DA:18,1
DA:21,1
DA:23,1
DA:28,1
DA:30,1
LF:14
LH:14
BRDA:12,0,0,2
BRDA:12,0,1,2
BRDA:12,1,0,4
BRDA:12,1,1,2
BRDA:17,2,0,1
BRDA:17,2,1,1
BRF:6
BRH:6
end_of_record
TN:
SF:src\routes\score\getScore.js
FN:2,(anonymous_0)
FNF:1
FNH:1
FNDA:2,(anonymous_0)
DA:2,36
DA:3,2
DA:4,2
DA:5,2
DA:6,1
DA:8,1
DA:14,0
LF:7
LH:6
BRDA:5,0,0,1
BRDA:5,0,1,1
BRDA:5,1,0,2
BRDA:5,1,1,1
BRF:4
BRH:4
end_of_record
TN:
SF:src\routes\score\updateScore.js
FN:7,(anonymous_0)
FNF:1
FNH:1
FNDA:5,(anonymous_0)
DA:7,36
DA:8,5
DA:9,5
DA:10,5
DA:11,1
DA:14,4
DA:15,4
DA:16,4
DA:17,1
DA:19,3
DA:20,1
DA:23,2
DA:24,2
DA:29,2
DA:31,1
LF:15
LH:15
BRDA:10,0,0,1
BRDA:10,0,1,4
BRDA:10,1,0,5
BRDA:10,1,1,4
BRDA:16,2,0,1
BRDA:16,2,1,3
BRDA:19,3,0,1
BRDA:19,3,1,2
BRF:8
BRH:8
end_of_record
TN:
SF:src\services\authService.js
FN:7,(anonymous_0)
FN:35,(anonymous_1)
FNF:2
FNH:2
FNDA:40,(anonymous_0)
FNDA:39,(anonymous_1)
DA:5,36
DA:7,36
DA:8,40
DA:9,0
DA:12,40
DA:14,40
DA:15,1
DA:18,39
DA:20,39
DA:21,39
DA:23,39
DA:29,39
DA:31,0
DA:35,36
DA:36,39
DA:37,39
DA:47,39
LF:17
LH:15
BRDA:8,0,0,0
BRDA:8,0,1,40
BRDA:8,1,0,40
BRDA:8,1,1,40
BRDA:14,2,0,1
BRDA:14,2,1,39
BRDA:23,3,0,39
BRDA:23,3,1,0
BRDA:24,4,0,39
BRDA:24,4,1,39
BRDA:24,4,2,39
BRDA:24,4,3,0
BRF:12
BRH:9
end_of_record
TN:
SF:src\services\cardService.js
FN:4,(anonymous_0)
FN:15,(anonymous_1)
FN:20,(anonymous_2)
FN:27,(anonymous_3)
FN:32,(anonymous_4)
FN:37,(anonymous_5)
FN:41,(anonymous_6)
FN:48,(anonymous_7)
FN:52,(anonymous_8)
FNF:9
FNH:6
FNDA:0,(anonymous_0)
FNDA:15,(anonymous_1)
FNDA:1,(anonymous_2)
FNDA:2,(anonymous_3)
FNDA:2,(anonymous_4)
FNDA:1,(anonymous_5)
FNDA:0,(anonymous_6)
FNDA:0,(anonymous_7)
FNDA:7,(anonymous_8)
DA:4,36
DA:11,0
DA:12,0
DA:15,36
DA:16,15
DA:17,15
DA:20,36
DA:21,1
DA:27,36
DA:28,2
DA:29,2
DA:32,36
DA:33,2
DA:34,2
DA:37,36
DA:38,1
DA:41,36
DA:42,0
DA:45,0
DA:48,36
DA:49,0
DA:52,36
DA:53,7
LF:23
LH:18
BRDA:54,0,0,7
BRDA:54,0,1,4
BRDA:54,0,2,4
BRDA:54,0,3,4
BRF:4
BRH:4
end_of_record
TN:
SF:src\services\dealerService.js
FN:14,(anonymous_0)
FN:21,(anonymous_1)
FN:37,(anonymous_2)
FN:52,(anonymous_3)
FN:59,(anonymous_4)
FN:65,(anonymous_5)
FN:81,(anonymous_6)
FN:84,(anonymous_7)
FN:87,(anonymous_8)
FN:96,(anonymous_9)
FN:108,(anonymous_10)
FN:126,(anonymous_11)
FN:134,(anonymous_12)
FN:152,(anonymous_13)
FN:182,(anonymous_14)
FNF:15
FNH:14
FNDA:2,(anonymous_0)
FNDA:108,(anonymous_1)
FNDA:1,(anonymous_2)
FNDA:1,(anonymous_3)
FNDA:2,(anonymous_4)
FNDA:14,(anonymous_5)
FNDA:1,(anonymous_6)
FNDA:2,(anonymous_7)
FNDA:14,(anonymous_8)
FNDA:2,(anonymous_9)
FNDA:2,(anonymous_10)
FNDA:0,(anonymous_11)
FNDA:2,(anonymous_12)
FNDA:1,(anonymous_13)
FNDA:2,(anonymous_14)
DA:11,36
DA:12,36
DA:14,36
DA:15,2
DA:16,2
DA:17,2
DA:19,2
DA:21,2
DA:22,108
DA:29,2
DA:30,2
DA:32,0
DA:33,0
DA:37,36
DA:38,1
DA:49,1
DA:52,36
DA:53,1
DA:57,1
DA:59,1
DA:60,2
DA:63,1
DA:64,1
DA:65,7
DA:66,14
DA:67,14
DA:68,14
DA:69,14
DA:70,14
DA:74,0
DA:75,0
DA:78,1
DA:81,36
DA:82,1
DA:83,1
DA:85,2
DA:87,14
DA:89,2
DA:93,2
DA:94,2
DA:96,2
DA:98,1
DA:99,1
DA:101,0
DA:102,0
DA:105,1
DA:108,36
DA:109,2
DA:110,2
DA:111,2
DA:112,0
DA:115,2
DA:123,2
DA:124,0
DA:126,0
DA:132,2
DA:134,2
DA:140,2
DA:141,2
DA:143,2
DA:145,0
DA:152,36
DA:153,1
DA:154,1
DA:155,1
DA:156,0
DA:158,1
DA:159,1
DA:160,0
DA:163,1
DA:164,1
DA:168,1
DA:169,0
DA:172,1
DA:173,1
DA:175,0
DA:182,36
DA:183,2
DA:185,2
DA:186,3
DA:191,3
DA:192,0
DA:194,0
DA:200,3
DA:202,3
DA:203,3
DA:205,3
DA:208,2
LF:88
LH:72
BRDA:66,0,0,0
BRDA:66,0,1,14
BRDA:85,1,0,2
BRDA:85,1,1,0
BRDA:111,2,0,0
BRDA:111,2,1,2
BRDA:123,3,0,0
BRDA:123,3,1,2
BRDA:155,4,0,0
BRDA:155,4,1,1
BRDA:155,5,0,1
BRDA:155,5,1,1
BRDA:159,6,0,0
BRDA:159,6,1,1
BRDA:159,7,0,1
BRDA:159,7,1,1
BRDA:168,8,0,0
BRDA:168,8,1,1
BRDA:191,9,0,0
BRDA:191,9,1,3
BRF:20
BRH:12
end_of_record
TN:
SF:src\services\gamePlayerService.js
FN:5,(anonymous_0)
FN:14,(anonymous_1)
FN:18,(anonymous_2)
FN:25,(anonymous_3)
FN:31,(anonymous_4)
FN:37,(anonymous_5)
FN:49,(anonymous_6)
FN:54,(anonymous_7)
FN:59,(anonymous_8)
FN:66,(anonymous_9)
FN:70,(anonymous_10)
FN:89,(anonymous_11)
FN:95,(anonymous_12)
FNF:13
FNH:12
FNDA:14,(anonymous_0)
FNDA:5,(anonymous_1)
FNDA:3,(anonymous_2)
FNDA:3,(anonymous_3)
FNDA:3,(anonymous_4)
FNDA:6,(anonymous_5)
FNDA:1,(anonymous_6)
FNDA:1,(anonymous_7)
FNDA:0,(anonymous_8)
FNDA:1,(anonymous_9)
FNDA:2,(anonymous_10)
FNDA:5,(anonymous_11)
FNDA:4,(anonymous_12)
DA:5,36
DA:6,14
DA:11,14
DA:14,36
DA:15,5
DA:18,36
DA:19,3
DA:22,3
DA:25,36
DA:26,3
DA:31,36
DA:32,3
DA:37,36
DA:38,6
DA:46,6
DA:49,36
DA:50,1
DA:51,1
DA:54,36
DA:55,1
DA:56,1
DA:59,36
DA:60,0
DA:66,36
DA:67,1
DA:70,36
DA:71,2
DA:79,2
DA:80,1
DA:81,1
DA:83,1
DA:84,1
DA:85,1
DA:89,36
DA:90,5
DA:95,36
DA:96,4
LF:37
LH:36
BRDA:79,0,0,1
BRDA:79,0,1,1
BRF:2
BRH:2
end_of_record
TN:
SF:src\services\gameService.js
FN:3,(anonymous_0)
FN:15,(anonymous_1)
FN:19,(anonymous_2)
FN:23,(anonymous_3)
FN:27,(anonymous_4)
FN:34,(anonymous_5)
FNF:6
FNH:6
FNDA:14,(anonymous_0)
FNDA:91,(anonymous_1)
FNDA:8,(anonymous_2)
FNDA:4,(anonymous_3)
FNDA:1,(anonymous_4)
FNDA:1,(anonymous_5)
DA:3,36
DA:4,14
DA:12,14
DA:15,36
DA:16,91
DA:19,36
DA:20,8
DA:23,36
DA:24,4
DA:27,36
DA:28,1
DA:29,1
DA:30,1
DA:34,36
DA:35,1
DA:36,1
LF:16
LH:16
BRDA:29,0,0,1
BRDA:29,0,1,0
BRDA:35,1,0,1
BRDA:35,1,1,0
BRF:4
BRH:2
end_of_record
TN:
SF:src\services\historyService.js
FN:3,(anonymous_0)
FN:10,(anonymous_1)
FNF:2
FNH:2
FNDA:2,(anonymous_0)
FNDA:1,(anonymous_1)
DA:3,36
DA:4,2
DA:10,36
DA:11,1
DA:17,1
LF:5
LH:5
BRF:0
BRH:0
end_of_record
TN:
SF:src\services\playerHandService.js
FN:7,(anonymous_0)
FN:11,(anonymous_1)
FN:15,(anonymous_2)
FN:19,(anonymous_3)
FN:23,(anonymous_4)
FN:24,(anonymous_5)
FN:27,(anonymous_6)
FN:31,(anonymous_7)
FN:36,(anonymous_8)
FN:37,(anonymous_9)
FN:42,(anonymous_10)
FN:44,(anonymous_11)
FN:52,(anonymous_12)
FN:56,(anonymous_13)
FN:56,(anonymous_14)
FN:59,(anonymous_15)
FN:62,(anonymous_16)
FN:69,(anonymous_17)
FN:70,(anonymous_18)
FN:77,(anonymous_19)
FN:78,(anonymous_20)
FN:82,(anonymous_21)
FN:84,(anonymous_22)
FN:85,(anonymous_23)
FN:92,(anonymous_24)
FN:95,(anonymous_25)
FN:105,(anonymous_26)
FN:106,(anonymous_27)
FN:107,(anonymous_28)
FN:108,(anonymous_29)
FNF:30
FNH:29
FNDA:27,(anonymous_0)
FNDA:3,(anonymous_1)
FNDA:1,(anonymous_2)
FNDA:2,(anonymous_3)
FNDA:12,(anonymous_4)
FNDA:9,(anonymous_5)
FNDA:0,(anonymous_6)
FNDA:4,(anonymous_7)
FNDA:4,(anonymous_8)
FNDA:4,(anonymous_9)
FNDA:3,(anonymous_10)
FNDA:3,(anonymous_11)
FNDA:2,(anonymous_12)
FNDA:2,(anonymous_13)
FNDA:5,(anonymous_14)
FNDA:2,(anonymous_15)
FNDA:5,(anonymous_16)
FNDA:5,(anonymous_17)
FNDA:5,(anonymous_18)
FNDA:2,(anonymous_19)
FNDA:5,(anonymous_20)
FNDA:2,(anonymous_21)
FNDA:2,(anonymous_22)
FNDA:3,(anonymous_23)
FNDA:2,(anonymous_24)
FNDA:3,(anonymous_25)
FNDA:2,(anonymous_26)
FNDA:2,(anonymous_27)
FNDA:2,(anonymous_28)
FNDA:2,(anonymous_29)
DA:8,27
DA:12,3
DA:16,1
DA:20,2
DA:24,12
DA:28,0
DA:32,4
DA:36,36
DA:37,4
DA:38,4
DA:42,4
DA:43,3
DA:45,3
DA:46,1
DA:48,2
DA:52,4
DA:53,2
DA:56,5
DA:59,4
DA:60,2
DA:63,5
DA:69,5
DA:70,5
DA:78,5
DA:82,4
DA:83,2
DA:85,2
DA:86,3
DA:87,3
DA:92,4
DA:95,3
DA:103,4
DA:106,2
DA:107,2
DA:108,2
DA:109,2
LF:36
LH:35
BRDA:38,0,0,3
BRDA:38,0,1,1
BRDA:45,1,0,1
BRDA:45,1,1,2
BRDA:45,2,0,3
BRDA:45,2,1,2
BRF:6
BRH:6
end_of_record
TN:
SF:src\services\playerService.js
FN:7,(anonymous_0)
FN:12,(anonymous_1)
FN:16,(anonymous_2)
FN:22,(anonymous_3)
FN:28,(anonymous_4)
FN:44,(anonymous_5)
FN:62,(anonymous_6)
FN:72,(anonymous_7)
FN:73,(anonymous_8)
FN:84,(anonymous_9)
FN:93,(anonymous_10)
FN:97,(anonymous_11)
FN:114,(anonymous_12)
FN:123,(anonymous_13)
FN:124,(anonymous_14)
FN:132,(anonymous_15)
FN:138,(anonymous_16)
FN:139,(anonymous_17)
FN:146,(anonymous_18)
FN:151,(anonymous_19)
FN:164,(anonymous_20)
FN:166,(anonymous_21)
FN:186,(anonymous_22)
FN:192,(anonymous_23)
FN:197,(anonymous_24)
FNF:25
FNH:18
FNDA:1,(anonymous_0)
FNDA:17,(anonymous_1)
FNDA:89,(anonymous_2)
FNDA:2,(anonymous_3)
FNDA:4,(anonymous_4)
FNDA:4,(anonymous_5)
FNDA:5,(anonymous_6)
FNDA:0,(anonymous_7)
FNDA:0,(anonymous_8)
FNDA:0,(anonymous_9)
FNDA:1,(anonymous_10)
FNDA:2,(anonymous_11)
FNDA:0,(anonymous_12)
FNDA:0,(anonymous_13)
FNDA:0,(anonymous_14)
FNDA:0,(anonymous_15)
FNDA:1,(anonymous_16)
FNDA:3,(anonymous_17)
FNDA:2,(anonymous_18)
FNDA:3,(anonymous_19)
FNDA:3,(anonymous_20)
FNDA:3,(anonymous_21)
FNDA:21,(anonymous_22)
FNDA:3,(anonymous_23)
FNDA:1,(anonymous_24)
DA:7,36
DA:8,1
DA:9,1
DA:12,36
DA:13,17
DA:16,36
DA:17,89
DA:22,36
DA:23,2
DA:28,36
DA:29,4
DA:34,3
DA:35,2
DA:36,1
DA:37,1
DA:38,1
DA:41,1
DA:44,36
DA:45,4
DA:52,4
DA:53,1
DA:54,1
DA:55,0
DA:56,0
DA:59,3
DA:62,36
DA:63,5
DA:72,36
DA:73,0
DA:75,0
DA:76,0
DA:77,0
DA:84,0
DA:90,0
DA:93,36
DA:94,1
DA:97,2
DA:99,1
DA:105,1
DA:106,1
DA:107,2
DA:114,2
DA:120,1
DA:123,36
DA:124,0
DA:126,0
DA:132,0
DA:133,0
DA:134,0
DA:138,36
DA:139,3
DA:141,1
DA:146,2
DA:148,1
DA:151,36
DA:152,3
DA:153,3
DA:154,0
DA:157,3
DA:164,3
DA:165,3
DA:166,3
DA:168,3
DA:169,0
DA:176,3
DA:181,0
DA:182,0
DA:186,36
DA:187,21
DA:192,36
DA:193,3
DA:194,3
DA:197,36
DA:198,1
LF:74
LH:57
BRDA:34,0,0,2
BRDA:34,0,1,1
BRDA:35,1,0,1
BRDA:35,1,1,1
BRDA:37,2,0,1
BRDA:37,2,1,0
BRDA:52,3,0,1
BRDA:52,3,1,3
BRDA:53,4,0,1
BRDA:53,4,1,0
BRDA:55,5,0,0
BRDA:55,5,1,0
BRDA:153,6,0,0
BRDA:153,6,1,3
BRDA:168,7,0,0
BRDA:168,7,1,3
BRF:16
BRH:10
end_of_record
TN:
SF:src\services\scoreService.js
FN:5,(anonymous_0)
FN:13,(anonymous_1)
FN:17,(anonymous_2)
FN:18,(anonymous_3)
FN:28,(anonymous_4)
FN:37,(anonymous_5)
FN:57,(anonymous_6)
FN:61,(anonymous_7)
FNF:8
FNH:7
FNDA:2,(anonymous_0)
FNDA:9,(anonymous_1)
FNDA:1,(anonymous_2)
FNDA:2,(anonymous_3)
FNDA:3,(anonymous_4)
FNDA:0,(anonymous_5)
FNDA:2,(anonymous_6)
FNDA:1,(anonymous_7)
DA:5,36
DA:6,2
DA:13,36
DA:14,9
DA:17,36
DA:18,2
DA:20,1
DA:26,1
DA:27,1
DA:28,3
DA:29,2
DA:30,2
DA:34,1
DA:37,36
DA:38,0
DA:46,0
DA:47,0
DA:48,0
DA:50,0
DA:54,0
DA:57,36
DA:58,2
DA:61,36
DA:62,1
LF:24
LH:18
BRDA:29,0,0,2
BRDA:29,0,1,0
BRF:2
BRH:1
end_of_record
TN:
SF:src\services\tokenService.js
FN:4,(anonymous_0)
FN:14,(anonymous_1)
FN:21,(anonymous_2)
FNF:3
FNH:3
FNDA:1,(anonymous_0)
FNDA:1,(anonymous_1)
FNDA:1,(anonymous_2)
DA:4,36
DA:5,1
DA:6,0
DA:7,0
DA:8,0
DA:11,1
DA:14,36
DA:15,1
DA:18,1
DA:21,36
DA:22,1
LF:11
LH:8
BRDA:5,0,0,0
BRDA:5,0,1,1
BRF:2
BRH:1
end_of_record
TN:
SF:src\utils\deckMonad.js
FN:2,(anonymous_0)
FN:6,(anonymous_1)
FN:10,(anonymous_2)
FN:18,(anonymous_3)
FN:23,(anonymous_4)
FNF:5
FNH:5
FNDA:5,(anonymous_0)
FNDA:5,(anonymous_1)
FNDA:4,(anonymous_2)
FNDA:2,(anonymous_3)
FNDA:2,(anonymous_4)
DA:3,5
DA:7,5
DA:11,4
DA:12,161
DA:13,161
DA:15,4
DA:19,2
DA:20,1
DA:23,2
DA:28,1
DA:29,5
DA:30,10
DA:34,1
LF:13
LH:13
BRDA:19,0,0,1
BRDA:19,0,1,1
BRF:2
BRH:2
end_of_record
TN:
SF:src\utils\logger.js
FNF:0
FNH:0
DA:3,36
LF:1
LH:1
BRF:0
BRH:0
end_of_record
TN:
SF:src\utils\passwordUtils.js
FN:4,(anonymous_0)
FNF:1
FNH:1
FNDA:43,(anonymous_0)
DA:4,36
DA:5,43
LF:2
LH:2
BRF:0
BRH:0
end_of_record
TN:
SF:src\utils\validation.js
FN:1,(anonymous_0)
FNF:1
FNH:1
FNDA:142,(anonymous_0)
DA:1,36
DA:2,142
DA:3,235
DA:4,14
LF:4
LH:4
BRDA:3,0,0,14
BRDA:3,0,1,221
BRF:2
BRH:2
end_of_record
TN:
SF:src\utils\verifyToken.js
FN:5,VerifyToken
FN:6,(anonymous_1)
FN:20,(anonymous_2)
FNF:3
FNH:3
FNDA:92,VerifyToken
FNDA:92,(anonymous_1)
FNDA:91,(anonymous_2)
DA:6,92
DA:7,92
DA:11,92
DA:12,1
DA:13,1
DA:14,1
DA:17,91
DA:21,91
DA:22,2
DA:23,2
DA:24,2
DA:27,89
DA:28,89
DA:29,89
DA:30,0
DA:31,0
DA:32,0
DA:35,89
DA:37,0
LF:19
LH:15
BRDA:11,0,0,1
BRDA:11,0,1,91
BRDA:21,1,0,2
BRDA:21,1,1,89
BRDA:29,2,0,0
BRDA:29,2,1,89
BRF:6
BRH:5
end_of_record
