TN:
SF:src\index.js
FN:13,(anonymous_0)
FN:21,(anonymous_1)
FN:44,oo_cm
FNF:3
FNH:0
FNDA:0,(anonymous_0)
FNDA:0,(anonymous_1)
FNDA:0,oo_cm
DA:6,32
DA:7,32
DA:9,32
DA:10,32
DA:11,32
DA:13,32
DA:14,0
DA:15,0
DA:16,0
DA:18,0
DA:19,0
DA:21,0
DA:22,0
DA:25,0
DA:33,32
DA:34,0
DA:44,0
LF:17
LH:7
BRDA:7,0,0,32
BRDA:7,0,1,32
BRDA:33,1,0,0
BRDA:33,1,1,32
BRDA:44,2,0,0
BRDA:44,2,1,0
BRF:6
BRH:3
end_of_record
TN:
SF:src\config\database.js
FNF:0
FNH:0
DA:4,37
DA:6,37
DA:8,37
LF:3
LH:3
BRDA:9,0,0,37
BRDA:9,0,1,0
BRDA:10,1,0,37
BRDA:10,1,1,0
BRDA:11,2,0,37
BRDA:11,2,1,0
BRDA:13,3,0,37
BRDA:13,3,1,0
BRDA:14,4,0,37
BRDA:14,4,1,0
BRDA:17,5,0,37
BRDA:17,5,1,0
BRDA:20,6,0,37
BRDA:20,6,1,0
BRF:14
BRH:7
end_of_record
TN:
SF:src\controllers\authController.js
FNF:0
FNH:0
DA:6,32
DA:8,32
DA:9,32
DA:10,32
LF:4
LH:4
BRF:0
BRH:0
end_of_record
TN:
SF:src\controllers\cardController.js
FNF:0
FNH:0
DA:9,32
DA:11,32
DA:12,32
DA:13,32
DA:14,32
DA:15,32
DA:16,32
LF:7
LH:7
BRF:0
BRH:0
end_of_record
TN:
SF:src\controllers\gameController.js
FNF:0
FNH:0
DA:17,32
DA:19,32
DA:20,32
DA:21,32
DA:22,32
DA:23,32
DA:24,32
DA:25,32
DA:26,32
DA:27,32
DA:28,32
DA:29,32
DA:30,32
DA:31,32
DA:32,32
LF:15
LH:15
BRF:0
BRH:0
end_of_record
TN:
SF:src\controllers\playerController.js
FNF:0
FNH:0
DA:7,32
DA:9,32
DA:10,32
DA:11,32
DA:12,32
LF:5
LH:5
BRF:0
BRH:0
end_of_record
TN:
SF:src\controllers\scoreController.js
FNF:0
FNH:0
DA:8,32
DA:10,32
DA:11,32
DA:12,32
DA:13,32
DA:14,32
LF:6
LH:6
BRF:0
BRH:0
end_of_record
TN:
SF:src\middleware\errorHandler.js
FN:1,(anonymous_0)
FNF:1
FNH:1
FNDA:3,(anonymous_0)
DA:1,32
DA:2,3
DA:3,3
DA:4,3
DA:8,3
LF:5
LH:5
BRDA:2,0,0,3
BRDA:2,0,1,0
BRDA:3,1,0,0
BRDA:3,1,1,3
BRDA:4,2,0,3
BRDA:4,2,1,0
BRF:6
BRH:3
end_of_record
TN:
SF:src\models\blacklistToken.js
FNF:0
FNH:0
DA:4,33
LF:1
LH:1
BRF:0
BRH:0
end_of_record
TN:
SF:src\models\card.js
FNF:0
FNH:0
DA:6,33
LF:1
LH:1
BRF:0
BRH:0
end_of_record
TN:
SF:src\models\game.js
FNF:0
FNH:0
DA:5,35
LF:1
LH:1
BRF:0
BRH:0
end_of_record
TN:
SF:src\models\gamePlayer.js
FNF:0
FNH:0
DA:6,33
LF:1
LH:1
BRF:0
BRH:0
end_of_record
TN:
SF:src\models\player.js
FNF:0
FNH:0
DA:4,37
LF:1
LH:1
BRF:0
BRH:0
end_of_record
TN:
SF:src\routes\index.js
FNF:0
FNH:0
DA:8,32
DA:10,32
DA:11,32
DA:12,32
DA:13,32
DA:14,32
LF:6
LH:6
BRF:0
BRH:0
end_of_record
TN:
SF:src\routes\auth\getPerfil.js
FN:3,(anonymous_0)
FNF:1
FNH:1
FNDA:2,(anonymous_0)
DA:3,32
DA:4,2
DA:6,2
DA:7,0
DA:10,2
DA:11,2
DA:13,1
DA:14,1
DA:19,0
DA:22,1
LF:10
LH:8
BRDA:6,0,0,0
BRDA:6,0,1,2
BRDA:13,1,0,1
BRDA:13,1,1,0
BRDA:13,2,0,1
BRDA:13,2,1,1
BRF:6
BRH:4
end_of_record
TN:
SF:src\routes\auth\login.js
FN:8,(anonymous_0)
FNF:1
FNH:1
FNDA:34,(anonymous_0)
DA:6,32
DA:8,32
DA:9,34
DA:10,34
DA:12,34
DA:13,0
DA:16,34
DA:17,34
DA:21,34
DA:22,1
DA:25,33
DA:27,33
DA:31,33
DA:32,33
DA:34,33
DA:40,33
DA:52,33
DA:56,0
DA:59,0
LF:19
LH:16
BRDA:12,0,0,0
BRDA:12,0,1,34
BRDA:12,1,0,34
BRDA:12,1,1,34
BRDA:21,2,0,1
BRDA:21,2,1,33
BRDA:34,3,0,33
BRDA:34,3,1,0
BRDA:35,4,0,33
BRDA:35,4,1,33
BRDA:35,4,2,33
BRDA:35,4,3,0
BRF:12
BRH:9
end_of_record
TN:
SF:src\routes\auth\logout.js
FN:4,(anonymous_0)
FNF:1
FNH:1
FNDA:3,(anonymous_0)
DA:4,32
DA:5,3
DA:7,3
DA:8,0
DA:10,3
DA:11,3
DA:13,1
DA:16,1
DA:17,0
DA:20,1
DA:22,1
DA:24,2
LF:12
LH:10
BRDA:7,0,0,0
BRDA:7,0,1,3
BRDA:16,1,0,0
BRDA:16,1,1,1
BRF:4
BRH:2
end_of_record
TN:
SF:src\routes\card\createCard.js
FN:4,(anonymous_0)
FNF:1
FNH:1
FNDA:3,(anonymous_0)
DA:4,32
DA:5,3
DA:6,3
DA:7,3
DA:8,1
DA:11,2
DA:12,2
DA:13,1
DA:16,1
DA:18,1
DA:24,1
DA:26,0
LF:12
LH:11
BRDA:7,0,0,1
BRDA:7,0,1,2
BRDA:7,1,0,3
BRDA:7,1,1,3
BRDA:7,1,2,3
BRDA:7,1,3,3
BRDA:7,1,4,3
BRDA:12,2,0,1
BRDA:12,2,1,1
BRDA:12,3,0,2
BRDA:12,3,1,1
BRF:11
BRH:11
end_of_record
TN:
SF:src\routes\card\deleteCard.js
FN:3,(anonymous_0)
FNF:1
FNH:1
FNDA:2,(anonymous_0)
DA:3,32
DA:4,2
DA:5,2
DA:6,2
DA:7,1
DA:9,1
DA:10,1
DA:12,0
LF:8
LH:7
BRDA:6,0,0,1
BRDA:6,0,1,1
BRDA:6,1,0,2
BRDA:6,1,1,1
BRF:4
BRH:4
end_of_record
TN:
SF:src\routes\card\drawCard.js
FN:8,(anonymous_0)
FNF:1
FNH:1
FNDA:3,(anonymous_0)
DA:8,32
DA:9,3
DA:10,3
DA:12,3
DA:13,0
DA:16,3
DA:18,3
DA:19,3
DA:20,0
DA:23,3
DA:24,1
DA:28,2
DA:32,2
DA:34,1
DA:39,1
DA:41,1
DA:45,1
DA:46,1
DA:48,1
DA:50,1
DA:52,0
LF:21
LH:18
BRDA:12,0,0,0
BRDA:12,0,1,3
BRDA:12,1,0,3
BRDA:12,1,1,3
BRDA:19,2,0,0
BRDA:19,2,1,3
BRDA:19,3,0,3
BRDA:19,3,1,3
BRDA:23,4,0,1
BRDA:23,4,1,2
BRDA:32,5,0,1
BRDA:32,5,1,1
BRF:12
BRH:10
end_of_record
TN:
SF:src\routes\card\getCard.js
FN:3,(anonymous_0)
FNF:1
FNH:1
FNDA:3,(anonymous_0)
DA:3,32
DA:4,3
DA:5,3
DA:6,3
DA:7,2
DA:9,1
DA:11,0
LF:7
LH:6
BRDA:6,0,0,2
BRDA:6,0,1,1
BRDA:6,1,0,3
BRDA:6,1,1,2
BRF:4
BRH:4
end_of_record
TN:
SF:src\routes\card\playCard.js
FN:7,(anonymous_0)
FNF:1
FNH:1
FNDA:6,(anonymous_0)
DA:7,32
DA:8,6
DA:9,6
DA:10,6
DA:11,0
DA:14,6
DA:16,6
DA:17,6
DA:18,1
DA:21,5
DA:22,1
DA:26,4
DA:27,4
DA:28,1
DA:30,3
DA:31,0
DA:33,3
DA:34,1
DA:38,2
DA:39,1
DA:41,1
DA:44,1
DA:45,1
DA:47,1
DA:48,1
DA:50,1
DA:52,0
LF:27
LH:24
BRDA:10,0,0,0
BRDA:10,0,1,6
BRDA:10,1,0,6
BRDA:10,1,1,6
BRDA:10,1,2,6
BRDA:17,2,0,1
BRDA:17,2,1,5
BRDA:17,3,0,6
BRDA:17,3,1,5
BRDA:21,4,0,1
BRDA:21,4,1,4
BRDA:27,5,0,1
BRDA:27,5,1,3
BRDA:27,6,0,4
BRDA:27,6,1,3
BRDA:30,7,0,0
BRDA:30,7,1,3
BRDA:33,8,0,1
BRDA:33,8,1,2
BRDA:38,9,0,1
BRDA:38,9,1,1
BRDA:44,10,0,1
BRDA:44,10,1,1
BRF:23
BRH:21
end_of_record
TN:
SF:src\routes\card\updateCard.js
FN:3,(anonymous_0)
FNF:1
FNH:1
FNDA:4,(anonymous_0)
DA:3,32
DA:4,4
DA:5,4
DA:6,4
DA:7,2
DA:9,2
DA:10,2
DA:11,1
DA:13,1
DA:14,1
DA:20,1
DA:22,0
LF:12
LH:11
BRDA:6,0,0,2
BRDA:6,0,1,2
BRDA:6,1,0,4
BRDA:6,1,1,3
BRDA:10,2,0,1
BRDA:10,2,1,1
BRDA:10,3,0,2
BRDA:10,3,1,2
BRDA:10,3,2,1
BRF:9
BRH:9
end_of_record
TN:
SF:src\routes\game\createGame.js
FN:5,(anonymous_0)
FNF:1
FNH:1
FNDA:14,(anonymous_0)
DA:5,32
DA:6,14
DA:7,14
DA:8,14
DA:10,14
DA:11,1
DA:12,13
DA:14,13
DA:21,13
DA:23,13
DA:25,0
LF:11
LH:10
BRDA:10,0,0,1
BRDA:10,0,1,13
BRDA:10,1,0,14
BRDA:10,1,1,0
BRDA:10,1,2,14
BRDA:10,1,3,13
BRDA:15,2,0,13
BRDA:15,2,1,13
BRF:8
BRH:7
end_of_record
TN:
SF:src\routes\game\deleteGame.js
FN:4,(anonymous_0)
FNF:1
FNH:1
FNDA:3,(anonymous_0)
DA:4,32
DA:5,3
DA:6,3
DA:7,3
DA:8,1
DA:10,2
DA:11,2
DA:12,0
DA:14,2
DA:16,2
DA:17,1
DA:22,1
DA:23,1
DA:25,0
LF:14
LH:12
BRDA:7,0,0,1
BRDA:7,0,1,2
BRDA:11,1,0,0
BRDA:11,1,1,2
BRDA:11,2,0,2
BRDA:11,2,1,2
BRDA:16,3,0,1
BRDA:16,3,1,1
BRF:8
BRH:7
end_of_record
TN:
SF:src\routes\game\endGame.js
FN:5,(anonymous_0)
FNF:1
FNH:1
FNDA:3,(anonymous_0)
DA:5,32
DA:6,3
DA:7,3
DA:8,3
DA:9,1
DA:11,2
DA:12,2
DA:13,0
DA:15,2
DA:17,2
DA:18,1
DA:21,1
DA:26,1
DA:27,1
DA:29,0
LF:15
LH:13
BRDA:8,0,0,1
BRDA:8,0,1,2
BRDA:8,1,0,3
BRDA:8,1,1,2
BRDA:12,2,0,0
BRDA:12,2,1,2
BRDA:12,3,0,2
BRDA:12,3,1,2
BRDA:17,4,0,1
BRDA:17,4,1,1
BRF:10
BRH:9
end_of_record
TN:
SF:src\routes\game\getCurrentPlayer.js
FN:5,(anonymous_0)
FNF:1
FNH:1
FNDA:3,(anonymous_0)
DA:5,32
DA:6,3
DA:7,3
DA:9,3
DA:10,3
DA:11,1
DA:14,2
DA:15,2
DA:16,1
DA:18,1
DA:24,1
DA:26,1
DA:27,1
DA:29,0
LF:14
LH:13
BRDA:10,0,0,1
BRDA:10,0,1,2
BRDA:10,1,0,3
BRDA:10,1,1,2
BRDA:15,2,0,1
BRDA:15,2,1,1
BRDA:24,3,0,0
BRDA:24,3,1,1
BRF:8
BRH:7
end_of_record
TN:
SF:src\routes\game\getGame.js
FN:3,(anonymous_0)
FNF:1
FNH:1
FNDA:2,(anonymous_0)
DA:3,32
DA:4,2
DA:5,2
DA:6,2
DA:8,2
DA:9,2
DA:10,1
DA:12,1
DA:19,1
DA:21,0
LF:10
LH:9
BRDA:6,0,0,0
BRDA:6,0,1,2
BRDA:9,1,0,1
BRDA:9,1,1,1
BRDA:9,2,0,2
BRDA:9,2,1,1
BRF:6
BRH:5
end_of_record
TN:
SF:src\routes\game\getPlayerHands.js
FN:7,(anonymous_0)
FN:23,(anonymous_1)
FN:34,(anonymous_2)
FN:47,(anonymous_3)
FN:55,(anonymous_4)
FNF:5
FNH:5
FNDA:3,(anonymous_0)
FNDA:2,(anonymous_1)
FNDA:4,(anonymous_2)
FNDA:1,(anonymous_3)
FNDA:1,(anonymous_4)
DA:7,32
DA:8,3
DA:9,3
DA:10,3
DA:11,1
DA:14,2
DA:15,2
DA:16,1
DA:19,1
DA:23,2
DA:25,1
DA:26,1
DA:27,2
DA:34,4
DA:41,1
DA:47,1
DA:48,1
DA:49,1
DA:52,1
DA:55,1
DA:63,1
DA:65,0
LF:22
LH:21
BRDA:10,0,0,1
BRDA:10,0,1,2
BRDA:15,1,0,1
BRDA:15,1,1,1
BRDA:15,2,0,2
BRDA:15,2,1,1
BRF:6
BRH:6
end_of_record
TN:
SF:src\routes\game\getPlayersInGame.js
FN:5,(anonymous_0)
FN:18,(anonymous_1)
FN:24,(anonymous_2)
FNF:3
FNH:3
FNDA:3,(anonymous_0)
FNDA:3,(anonymous_1)
FNDA:2,(anonymous_2)
DA:5,32
DA:6,3
DA:7,3
DA:8,3
DA:9,1
DA:11,2
DA:12,2
DA:13,1
DA:15,1
DA:18,3
DA:19,1
DA:24,2
DA:26,1
DA:27,1
DA:29,0
LF:15
LH:14
BRDA:8,0,0,1
BRDA:8,0,1,2
BRDA:12,1,0,1
BRDA:12,1,1,1
BRDA:12,2,0,2
BRDA:12,2,1,1
BRF:6
BRH:6
end_of_record
TN:
SF:src\routes\game\getReady.js
FN:5,(anonymous_0)
FNF:1
FNH:1
FNDA:5,(anonymous_0)
DA:5,32
DA:6,5
DA:7,5
DA:8,5
DA:9,1
DA:11,4
DA:12,4
DA:13,1
DA:15,3
DA:17,3
DA:20,3
DA:21,1
DA:23,2
DA:24,1
DA:25,1
DA:26,1
DA:28,1
DA:30,0
LF:18
LH:17
BRDA:8,0,0,1
BRDA:8,0,1,4
BRDA:8,1,0,5
BRDA:8,1,1,5
BRDA:12,2,0,1
BRDA:12,2,1,3
BRDA:12,3,0,4
BRDA:12,3,1,3
BRDA:20,4,0,1
BRDA:20,4,1,2
BRDA:20,5,0,3
BRDA:20,5,1,2
BRDA:23,6,0,1
BRDA:23,6,1,1
BRF:14
BRH:14
end_of_record
TN:
SF:src\routes\game\getStatusGame.js
FN:3,(anonymous_0)
FNF:1
FNH:1
FNDA:3,(anonymous_0)
DA:3,32
DA:4,3
DA:5,3
DA:6,3
DA:8,2
DA:9,2
DA:10,1
DA:13,1
DA:15,0
LF:9
LH:8
BRDA:6,0,0,1
BRDA:6,0,1,2
BRDA:9,1,0,1
BRDA:9,1,1,1
BRDA:9,2,0,2
BRDA:9,2,1,1
BRF:6
BRH:6
end_of_record
TN:
SF:src\routes\game\getTopCard.js
FN:5,(anonymous_0)
FNF:1
FNH:1
FNDA:4,(anonymous_0)
DA:5,32
DA:6,4
DA:7,4
DA:8,4
DA:9,1
DA:11,3
DA:12,3
DA:13,1
DA:16,2
DA:24,2
DA:25,1
DA:28,1
DA:29,1
DA:31,0
LF:14
LH:13
BRDA:8,0,0,1
BRDA:8,0,1,3
BRDA:12,1,0,1
BRDA:12,1,1,2
BRDA:12,2,0,3
BRDA:12,2,1,2
BRDA:24,3,0,1
BRDA:24,3,1,1
BRF:8
BRH:8
end_of_record
TN:
SF:src\routes\game\joinGame.js
FN:5,(anonymous_0)
FNF:1
FNH:1
FNDA:16,(anonymous_0)
DA:5,32
DA:6,16
DA:7,16
DA:8,16
DA:9,2
DA:11,14
DA:12,14
DA:13,1
DA:15,13
DA:17,13
DA:20,13
DA:21,8
DA:22,5
DA:24,5
DA:26,0
LF:15
LH:14
BRDA:8,0,0,2
BRDA:8,0,1,14
BRDA:8,1,0,16
BRDA:8,1,1,15
BRDA:12,2,0,1
BRDA:12,2,1,13
BRDA:12,3,0,14
BRDA:12,3,1,13
BRDA:20,4,0,8
BRDA:20,4,1,5
BRF:10
BRH:10
end_of_record
TN:
SF:src\routes\game\leaveGame.js
FN:6,(anonymous_0)
FNF:1
FNH:1
FNDA:8,(anonymous_0)
DA:6,32
DA:7,8
DA:8,8
DA:9,8
DA:10,2
DA:12,6
DA:13,6
DA:14,1
DA:16,5
DA:18,5
DA:21,5
DA:22,1
DA:25,4
DA:26,2
DA:34,2
DA:35,1
DA:36,1
DA:38,1
DA:39,1
DA:43,3
DA:44,3
DA:46,0
LF:22
LH:21
BRDA:9,0,0,2
BRDA:9,0,1,6
BRDA:9,1,0,8
BRDA:9,1,1,7
BRDA:13,2,0,1
BRDA:13,2,1,5
BRDA:13,3,0,6
BRDA:13,3,1,5
BRDA:21,4,0,1
BRDA:21,4,1,4
BRDA:25,5,0,2
BRDA:25,5,1,2
BRDA:34,6,0,1
BRDA:34,6,1,1
BRF:14
BRH:14
end_of_record
TN:
SF:src\routes\game\startGame.js
FN:6,(anonymous_0)
FN:28,(anonymous_1)
FNF:2
FNH:2
FNDA:9,(anonymous_0)
FNDA:8,(anonymous_1)
DA:6,32
DA:7,9
DA:8,9
DA:9,9
DA:10,2
DA:12,7
DA:13,7
DA:14,1
DA:16,6
DA:18,6
DA:19,1
DA:22,5
DA:25,5
DA:26,1
DA:28,8
DA:29,4
DA:30,1
DA:32,3
DA:33,2
DA:35,1
DA:36,1
DA:37,1
DA:38,1
DA:40,1
DA:42,0
LF:25
LH:24
BRDA:9,0,0,2
BRDA:9,0,1,7
BRDA:9,1,0,9
BRDA:9,1,1,8
BRDA:13,2,0,1
BRDA:13,2,1,6
BRDA:13,3,0,7
BRDA:13,3,1,6
BRDA:18,4,0,1
BRDA:18,4,1,5
BRDA:25,5,0,1
BRDA:25,5,1,4
BRDA:29,6,0,1
BRDA:29,6,1,3
BRDA:32,7,0,2
BRDA:32,7,1,1
BRF:16
BRH:16
end_of_record
TN:
SF:src\routes\game\updateGame.js
FN:4,(anonymous_0)
FNF:1
FNH:1
FNDA:5,(anonymous_0)
DA:4,32
DA:5,5
DA:6,5
DA:8,5
DA:9,5
DA:11,5
DA:12,1
DA:14,4
DA:15,4
DA:16,1
DA:18,3
DA:20,3
DA:21,1
DA:25,2
DA:26,2
DA:28,0
LF:16
LH:15
BRDA:9,0,0,1
BRDA:9,0,1,4
BRDA:11,1,0,1
BRDA:11,1,1,4
BRDA:11,2,0,5
BRDA:11,2,1,5
BRDA:11,2,2,5
BRDA:11,2,3,4
BRDA:15,3,0,1
BRDA:15,3,1,3
BRDA:15,4,0,4
BRDA:15,4,1,3
BRDA:20,5,0,1
BRDA:20,5,1,2
BRF:14
BRH:14
end_of_record
TN:
SF:src\routes\player\createPlayer.js
FN:5,(anonymous_0)
FNF:1
FNH:1
FNDA:4,(anonymous_0)
DA:5,32
DA:6,4
DA:7,4
DA:9,4
DA:10,1
DA:12,3
DA:18,3
DA:19,2
DA:20,1
DA:21,1
DA:22,1
DA:26,1
DA:31,1
DA:32,1
DA:34,0
LF:15
LH:14
BRDA:9,0,0,1
BRDA:9,0,1,3
BRDA:9,1,0,4
BRDA:9,1,1,3
BRDA:9,1,2,3
BRDA:18,2,0,2
BRDA:18,2,1,1
BRDA:19,3,0,1
BRDA:19,3,1,1
BRDA:21,4,0,1
BRDA:21,4,1,0
BRF:11
BRH:10
end_of_record
TN:
SF:src\routes\player\deletePlayer.js
FN:4,(anonymous_0)
FNF:1
FNH:1
FNDA:3,(anonymous_0)
DA:4,32
DA:5,3
DA:6,3
DA:7,3
DA:9,3
DA:10,0
DA:13,3
DA:14,3
DA:15,1
DA:18,2
DA:19,2
DA:20,1
DA:23,1
DA:24,1
DA:26,0
LF:15
LH:13
BRDA:9,0,0,0
BRDA:9,0,1,3
BRDA:9,1,0,3
BRDA:9,1,1,3
BRDA:14,2,0,1
BRDA:14,2,1,2
BRDA:19,3,0,1
BRDA:19,3,1,1
BRF:8
BRH:7
end_of_record
TN:
SF:src\routes\player\getPlayer.js
FN:3,(anonymous_0)
FNF:1
FNH:1
FNDA:2,(anonymous_0)
DA:3,32
DA:4,2
DA:5,2
DA:6,2
DA:8,2
DA:9,1
DA:11,1
DA:12,1
DA:14,0
LF:9
LH:8
BRDA:8,0,0,1
BRDA:8,0,1,1
BRDA:8,1,0,2
BRDA:8,1,1,1
BRF:4
BRH:4
end_of_record
TN:
SF:src\routes\player\updatePlayer.js
FN:5,(anonymous_0)
FNF:1
FNH:1
FNDA:6,(anonymous_0)
DA:5,32
DA:6,6
DA:7,6
DA:8,6
DA:9,6
DA:10,0
DA:12,6
DA:14,6
DA:15,1
DA:18,5
DA:19,5
DA:20,1
DA:23,4
DA:28,4
DA:29,1
DA:34,3
DA:35,3
DA:37,0
LF:18
LH:16
BRDA:9,0,0,0
BRDA:9,0,1,6
BRDA:9,1,0,6
BRDA:9,1,1,6
BRDA:14,2,0,1
BRDA:14,2,1,5
BRDA:14,3,0,6
BRDA:14,3,1,6
BRDA:14,3,2,6
BRDA:14,3,3,6
BRDA:19,4,0,1
BRDA:19,4,1,4
BRDA:28,5,0,1
BRDA:28,5,1,3
BRDA:28,6,0,4
BRDA:28,6,1,2
BRF:16
BRH:15
end_of_record
TN:
SF:src\routes\score\createScore.js
FN:5,(anonymous_0)
FNF:1
FNH:1
FNDA:4,(anonymous_0)
DA:5,32
DA:6,4
DA:7,4
DA:8,4
DA:9,1
DA:12,3
DA:13,3
DA:14,1
DA:17,2
DA:18,2
DA:19,1
DA:21,1
DA:26,1
DA:31,1
DA:33,0
LF:15
LH:14
BRDA:8,0,0,1
BRDA:8,0,1,3
BRDA:8,1,0,4
BRDA:8,1,1,4
BRDA:8,1,2,4
BRDA:13,2,0,1
BRDA:13,2,1,2
BRDA:13,3,0,3
BRDA:13,3,1,2
BRDA:18,4,0,1
BRDA:18,4,1,1
BRDA:18,5,0,2
BRDA:18,5,1,1
BRF:13
BRH:13
end_of_record
TN:
SF:src\routes\score\deleteScore.js
FN:3,(anonymous_0)
FNF:1
FNH:1
FNDA:2,(anonymous_0)
DA:3,32
DA:4,2
DA:5,2
DA:6,2
DA:7,1
DA:9,1
DA:10,1
DA:12,0
LF:8
LH:7
BRDA:6,0,0,1
BRDA:6,0,1,1
BRDA:6,1,0,2
BRDA:6,1,1,1
BRF:4
BRH:4
end_of_record
TN:
SF:src\routes\score\getPlayerScores.js
FN:5,(anonymous_0)
FN:26,(anonymous_1)
FN:35,(anonymous_2)
FNF:3
FNH:3
FNDA:4,(anonymous_0)
FNDA:2,(anonymous_1)
FNDA:3,(anonymous_2)
DA:5,32
DA:6,4
DA:7,4
DA:9,4
DA:10,1
DA:13,3
DA:14,3
DA:15,1
DA:18,2
DA:22,2
DA:23,1
DA:26,2
DA:27,1
DA:33,1
DA:34,1
DA:35,3
DA:36,2
DA:37,2
DA:41,1
DA:46,1
DA:48,0
LF:21
LH:20
BRDA:9,0,0,1
BRDA:9,0,1,3
BRDA:14,1,0,1
BRDA:14,1,1,2
BRDA:14,2,0,3
BRDA:14,2,1,2
BRDA:22,3,0,1
BRDA:22,3,1,1
BRDA:36,4,0,2
BRDA:36,4,1,0
BRF:10
BRH:9
end_of_record
TN:
SF:src\routes\score\getScore.js
FN:3,(anonymous_0)
FNF:1
FNH:1
FNDA:2,(anonymous_0)
DA:3,32
DA:4,2
DA:5,2
DA:6,2
DA:7,1
DA:9,1
DA:11,0
LF:7
LH:6
BRDA:6,0,0,1
BRDA:6,0,1,1
BRDA:6,1,0,2
BRDA:6,1,1,1
BRF:4
BRH:4
end_of_record
TN:
SF:src\routes\score\updateScore.js
FN:3,(anonymous_0)
FNF:1
FNH:1
FNDA:5,(anonymous_0)
DA:3,32
DA:4,5
DA:5,5
DA:6,5
DA:7,1
DA:9,4
DA:10,4
DA:11,1
DA:14,3
DA:15,1
DA:17,2
DA:18,1
DA:21,1
DA:22,1
DA:27,1
DA:29,0
LF:16
LH:15
BRDA:6,0,0,1
BRDA:6,0,1,4
BRDA:6,1,0,5
BRDA:6,1,1,4
BRDA:10,2,0,1
BRDA:10,2,1,3
BRDA:10,3,0,4
BRDA:10,3,1,4
BRDA:10,3,2,4
BRDA:14,4,0,1
BRDA:14,4,1,2
BRDA:17,5,0,1
BRDA:17,5,1,1
BRF:13
BRH:13
end_of_record
TN:
SF:src\services\dealerService.js
FN:12,(anonymous_0)
FN:20,(anonymous_1)
FN:31,(anonymous_2)
FN:53,(anonymous_3)
FN:55,(anonymous_4)
FN:59,(anonymous_5)
FN:70,(anonymous_6)
FN:82,(anonymous_7)
FN:99,(anonymous_8)
FN:115,(anonymous_9)
FN:150,oo_cm
FNF:11
FNH:11
FNDA:1,(anonymous_0)
FNDA:1,(anonymous_1)
FNDA:54,(anonymous_2)
FNDA:2,(anonymous_3)
FNDA:3,(anonymous_4)
FNDA:14,(anonymous_5)
FNDA:2,(anonymous_6)
FNDA:2,(anonymous_7)
FNDA:2,(anonymous_8)
FNDA:1,(anonymous_9)
FNDA:1,oo_cm
DA:9,32
DA:10,32
DA:12,32
DA:13,1
DA:14,1
DA:15,1
DA:16,1
DA:20,32
DA:21,1
DA:22,1
DA:24,1
DA:28,1
DA:31,1
DA:32,54
DA:33,54
DA:34,54
DA:41,1
DA:42,1
DA:44,0
DA:45,0
DA:47,1
DA:49,1
DA:52,1
DA:54,2
DA:55,3
DA:58,2
DA:59,14
DA:63,2
DA:67,2
DA:68,2
DA:70,2
DA:72,1
DA:73,1
DA:75,0
DA:76,0
DA:79,1
DA:82,32
DA:83,2
DA:84,2
DA:85,2
DA:86,0
DA:89,2
DA:98,2
DA:99,2
DA:101,2
DA:102,0
DA:105,2
DA:106,2
DA:108,0
DA:115,32
DA:116,1
DA:117,1
DA:118,1
DA:119,0
DA:121,1
DA:122,1
DA:123,0
DA:126,1
DA:127,1
DA:131,1
DA:132,0
DA:135,1
DA:136,1
DA:138,0
DA:150,1
LF:65
LH:54
BRDA:37,0,0,14
BRDA:37,0,1,40
BRDA:85,1,0,0
BRDA:85,1,1,2
BRDA:101,2,0,0
BRDA:101,2,1,2
BRDA:118,3,0,0
BRDA:118,3,1,1
BRDA:118,4,0,1
BRDA:118,4,1,1
BRDA:122,5,0,0
BRDA:122,5,1,1
BRDA:122,6,0,1
BRDA:122,6,1,1
BRDA:131,7,0,0
BRDA:131,7,1,1
BRDA:150,8,0,1
BRDA:150,8,1,1
BRF:18
BRH:13
end_of_record
TN:
SF:src\utils\cardUtils.js
FN:2,(anonymous_0)
FN:11,(anonymous_1)
FN:16,(anonymous_2)
FNF:3
FNH:3
FNDA:1,(anonymous_0)
FNDA:1,(anonymous_1)
FNDA:2,(anonymous_2)
DA:2,32
DA:3,1
DA:4,53
DA:5,53
DA:7,1
DA:11,32
DA:12,1
DA:13,0
DA:16,2
DA:21,1
DA:22,7
DA:23,14
DA:27,1
LF:13
LH:12
BRDA:12,0,0,0
BRDA:12,0,1,1
BRF:2
BRH:1
end_of_record
TN:
SF:src\utils\verifyToken.js
FN:4,VerifyToken
FN:5,(anonymous_1)
FN:14,(anonymous_2)
FNF:3
FNH:3
FNDA:68,VerifyToken
FNDA:68,(anonymous_1)
FNDA:67,(anonymous_2)
DA:5,68
DA:6,68
DA:8,68
DA:9,1
DA:10,1
DA:11,1
DA:14,67
DA:15,67
DA:16,2
DA:17,2
DA:18,2
DA:20,65
LF:12
LH:12
BRDA:8,0,0,1
BRDA:8,0,1,67
BRDA:15,1,0,2
BRDA:15,1,1,65
BRF:4
BRH:4
end_of_record
